#
# A fatal error has been detected by the Java Runtime Environment:
#
#  EXCEPTION_ACCESS_VIOLATION (0xc0000005) at pc=0x00007ffb12c3d536, pid=16412, tid=3868
#
# JRE version: Java(TM) SE Runtime Environment (21.0.5+9) (build 21.0.5+9-LTS-239)
# Java VM: Java HotSpot(TM) 64-Bit Server VM (21.0.5+9-LTS-239, mixed mode, emulated-client, sharing, tiered, compressed oops, compressed class ptrs, g1 gc, windows-amd64)
# Problematic frame:
# V  [jvm.dll+0x13d536]
#
# No core dump will be written. Minidumps are not enabled by default on client versions of Windows
#
# If you would like to submit a bug report, please visit:
#   https://bugreport.java.com/bugreport/crash.jsp
#

---------------  S U M M A R Y ------------

Command Line: -XX:+ShowCodeDetailsInExceptionMessages -agentlib:jdwp=transport=dt_socket,suspend=y,address=localhost:61272 -Dcom.sun.management.jmxremote -Dcom.sun.management.jmxremote.port=61271 -Dcom.sun.management.jmxremote.authenticate=false -Dcom.sun.management.jmxremote.ssl=false -Djava.rmi.server.hostname=localhost -Dspring.jmx.enabled=true -Dmanagement.endpoints.jmx.exposure.include=* -Dspring.application.admin.enabled=true -XX:TieredStopAtLevel=1 -Dspring.boot.project.name=SAUI-SpringBootWebAplication -javaagent:C:\Users\ricar\eclipse\jee-2024-09\eclipse\configuration\org.eclipse.osgi\446\0\.cp\lib\javaagent-shaded.jar -Dfile.encoding=UTF-8 -Dstdout.encoding=UTF-8 -Dstderr.encoding=UTF-8 com.unu.app.SauiSpringBootWebAplicationApplication --spring.output.ansi.enabled=always

Host: 13th Gen Intel(R) Core(TM) i7-13620H, 16 cores, 15G,  Windows 11 , 64 bit Build 22621 (10.0.22621.4391)
Time: Sun Dec 22 17:49:33 2024 Hora est. Pacífico, Sudamérica elapsed time: 26352.218723 seconds (0d 7h 19m 12s)

---------------  T H R E A D  ---------------

Current thread (0x0000017b4d3baa60):  WorkerThread "GC Thread#8"    [id=3868, stack(0x0000007470600000,0x0000007470700000) (1024K)]

Stack: [0x0000007470600000,0x0000007470700000],  sp=0x00000074706fe2a8,  free space=1016k
Native frames: (J=compiled Java code, j=interpreted, Vv=VM code, C=native code)
V  [jvm.dll+0x13d536]

JavaThread 0x0000017b560353e0 (nid = 9248) was being processed
Java frames: (J=compiled Java code, j=interpreted, Vv=VM code)
j  java.lang.invoke.DirectMethodHandle$Holder.newInvokeSpecial(Ljava/lang/Object;)Ljava/lang/Object;+15 java.base@21.0.5
J 897 c1 jdk.internal.reflect.DirectConstructorHandleAccessor.newInstance([Ljava/lang/Object;)Ljava/lang/Object; java.base@21.0.5 (130 bytes) @ 0x0000017b7bb9716c [0x0000017b7bb96f60+0x000000000000020c]
J 896 c1 java.lang.reflect.Constructor.newInstanceWithCaller([Ljava/lang/Object;ZLjava/lang/Class;)Ljava/lang/Object; java.base@21.0.5 (51 bytes) @ 0x0000017b7bb9469c [0x0000017b7bb945c0+0x00000000000000dc]
J 3430 c1 org.springframework.beans.BeanUtils.instantiateClass(Ljava/lang/reflect/Constructor;[Ljava/lang/Object;)Ljava/lang/Object; (208 bytes) @ 0x0000017b7c2d0f0c [0x0000017b7c2d0980+0x000000000000058c]
j  org.springframework.beans.factory.support.SimpleInstantiationStrategy.instantiate(Lorg/springframework/beans/factory/support/RootBeanDefinition;Ljava/lang/String;Lorg/springframework/beans/factory/BeanFactory;)Ljava/lang/Object;+111
j  org.springframework.beans.factory.support.AbstractAutowireCapableBeanFactory.instantiateBean(Ljava/lang/String;Lorg/springframework/beans/factory/support/RootBeanDefinition;)Lorg/springframework/beans/BeanWrapper;+7
j  org.springframework.beans.factory.support.AbstractAutowireCapableBeanFactory.createBeanInstance(Ljava/lang/String;Lorg/springframework/beans/factory/support/RootBeanDefinition;[Ljava/lang/Object;)Lorg/springframework/beans/BeanWrapper;+241
j  org.springframework.beans.factory.support.AbstractAutowireCapableBeanFactory.doCreateBean(Ljava/lang/String;Lorg/springframework/beans/factory/support/RootBeanDefinition;[Ljava/lang/Object;)Ljava/lang/Object;+34
j  org.springframework.beans.factory.support.AbstractAutowireCapableBeanFactory.createBean(Ljava/lang/String;Lorg/springframework/beans/factory/support/RootBeanDefinition;[Ljava/lang/Object;)Ljava/lang/Object;+153
j  org.springframework.beans.factory.support.AbstractBeanFactory.lambda$doGetBean$0(Ljava/lang/String;Lorg/springframework/beans/factory/support/RootBeanDefinition;[Ljava/lang/Object;)Ljava/lang/Object;+4
j  org.springframework.beans.factory.support.AbstractBeanFactory$$Lambda+0x0000017b09274810.getObject()Ljava/lang/Object;+16
j  org.springframework.beans.factory.support.DefaultSingletonBeanRegistry.getSingleton(Ljava/lang/String;Lorg/springframework/beans/factory/ObjectFactory;)Ljava/lang/Object;+268
J 3214 c1 org.springframework.beans.factory.support.AbstractBeanFactory.doGetBean(Ljava/lang/String;Ljava/lang/Class;[Ljava/lang/Object;Z)Ljava/lang/Object; (787 bytes) @ 0x0000017b7c26c72c [0x0000017b7c26c0a0+0x000000000000068c]
J 5735 c1 org.springframework.beans.factory.support.AbstractBeanFactory.getBean(Ljava/lang/String;)Ljava/lang/Object; (9 bytes) @ 0x0000017b7c68b714 [0x0000017b7c68b6a0+0x0000000000000074]
j  org.springframework.beans.factory.support.DefaultListableBeanFactory.instantiateSingleton(Ljava/lang/String;)V+51
j  org.springframework.beans.factory.support.DefaultListableBeanFactory.preInstantiateSingleton(Ljava/lang/String;Lorg/springframework/beans/factory/support/RootBeanDefinition;)Ljava/util/concurrent/CompletableFuture;+141
j  org.springframework.beans.factory.support.DefaultListableBeanFactory.preInstantiateSingletons()V+118
j  org.springframework.context.support.AbstractApplicationContext.finishBeanFactoryInitialization(Lorg/springframework/beans/factory/config/ConfigurableListableBeanFactory;)V+284
j  org.springframework.context.support.AbstractApplicationContext.refresh()V+94
j  org.springframework.boot.web.servlet.context.ServletWebServerApplicationContext.refresh()V+1
j  org.springframework.boot.SpringApplication.refresh(Lorg/springframework/context/ConfigurableApplicationContext;)V+1
j  org.springframework.boot.SpringApplication.refreshContext(Lorg/springframework/context/ConfigurableApplicationContext;)V+19
j  org.springframework.boot.SpringApplication.run([Ljava/lang/String;)Lorg/springframework/context/ConfigurableApplicationContext;+113
j  org.springframework.boot.SpringApplication.run([Ljava/lang/Class;[Ljava/lang/String;)Lorg/springframework/context/ConfigurableApplicationContext;+9
j  org.springframework.boot.SpringApplication.run(Ljava/lang/Class;[Ljava/lang/String;)Lorg/springframework/context/ConfigurableApplicationContext;+9
j  com.unu.app.SauiSpringBootWebAplicationApplication.main([Ljava/lang/String;)V+3
j  java.lang.invoke.LambdaForm$DMH+0x0000017b09004c00.invokeStatic(Ljava/lang/Object;Ljava/lang/Object;)V+10 java.base@21.0.5
j  java.lang.invoke.LambdaForm$MH+0x0000017b09bf2c00.invoke(Ljava/lang/Object;Ljava/lang/Object;Ljava/lang/Object;)Ljava/lang/Object;+33 java.base@21.0.5
J 4501 c1 jdk.internal.reflect.DirectMethodHandleAccessor.invoke(Ljava/lang/Object;[Ljava/lang/Object;)Ljava/lang/Object; java.base@21.0.5 (92 bytes) @ 0x0000017b7c48347c [0x0000017b7c4830c0+0x00000000000003bc]
j  java.lang.reflect.Method.invoke(Ljava/lang/Object;[Ljava/lang/Object;)Ljava/lang/Object;+102 java.base@21.0.5
j  org.springframework.boot.devtools.restart.RestartLauncher.run()V+47
v  ~StubRoutines::call_stub 0x0000017b7b77100d

siginfo: EXCEPTION_ACCESS_VIOLATION (0xc0000005), reading address 0x0000017b1072e547


Registers:
RAX=0x0000000000000000, RBX=0x0000000000000000, RCX=0x00000074715fdb50, RDX=0x00000074715fdb50
RSP=0x00000074706fe2a8, RBP=0x00000074706fe480, RSI=0x00000074706fe650, RDI=0x00000074715fdb50
R8 =0x0000017b1072e53f, R9 =0x00000074715fdb50, R10=0x00000074715fdb50, R11=0x00000074706fe4f8
R12=0x0000017b085444f0, R13=0x0000017b1072e53f, R14=0x00000074715fdb50, R15=0x0000017b4e12fdb0
RIP=0x00007ffb12c3d536, EFLAGS=0x0000000000010206


Register to memory mapping:

RAX=0x0 is null
RBX=0x0 is null
RCX=0x00000074715fdb50 is pointing into the stack for thread: 0x0000017b560353e0
RDX=0x00000074715fdb50 is pointing into the stack for thread: 0x0000017b560353e0
RSP=0x00000074706fe2a8 points into unknown readable memory: 0x00007ffb12e5563b | 3b 56 e5 12 fb 7f 00 00
RBP=0x00000074706fe480 points into unknown readable memory: 0x0000007400000001 | 01 00 00 00 74 00 00 00
RSI=0x00000074706fe650 points into unknown readable memory: 0x00000074715fdb48 | 48 db 5f 71 74 00 00 00
RDI=0x00000074715fdb50 is pointing into the stack for thread: 0x0000017b560353e0
R8 =0x0000017b1072e53f is an unknown value
R9 =0x00000074715fdb50 is pointing into the stack for thread: 0x0000017b560353e0
R10=0x00000074715fdb50 is pointing into the stack for thread: 0x0000017b560353e0
R11=0x00000074706fe4f8 points into unknown readable memory: 0x00007ffb12e1207d | 7d 20 e1 12 fb 7f 00 00
R12=0x0000017b085444f0 is pointing into metadata
R13=0x0000017b1072e53f is an unknown value
R14=0x00000074715fdb50 is pointing into the stack for thread: 0x0000017b560353e0
R15=0x0000017b4e12fdb0 points into unknown readable memory: 0x00007ffb134d7578 | 78 75 4d 13 fb 7f 00 00

Top of Stack: (sp=0x00000074706fe2a8)
0x00000074706fe2a8:   00007ffb12e5563b 0000000000000000
0x00000074706fe2b8:   0000000000000004 0000000000000344
0x00000074706fe2c8:   00007ffb131b8def 00000074710ff698
0x00000074706fe2d8:   00007ffb12e63d42 0000017b4d149928
0x00000074706fe2e8:   00007ffb13243c51 0000000000000055
0x00000074706fe2f8:   0000000000000008 0000000000000002
0x00000074706fe308:   0000000000000000 0000017b4d1ea290
0x00000074706fe318:   0000017b4d149540 0000017b085444f0
0x00000074706fe328:   0000017b508c8238 00000074706fe650
0x00000074706fe338:   00000074706fe480 00000074715fdb50
0x00000074706fe348:   00007ffb12e63ce8 00000074706fe410
0x00000074706fe358:   00000074706fe650 0000017b08480090
0x00000074706fe368:   0000000000000000 0000017b508c8238
0x00000074706fe378:   00007ffb12e1262b 0000000000000001
0x00000074706fe388:   0000017b080b6370 0000017b508c8238
0x00000074706fe398:   00000074706fe650 0000000f7ce8d101
0x00000074706fe3a8:   0000017b080b6370 0000017b4d3baa60
0x00000074706fe3b8:   0000017b00000003 00000000000003d8
0x00000074706fe3c8:   0000017b4d149550 0000017b4d149928
0x00000074706fe3d8:   0000017b0872e53f 00000074000000b8
0x00000074706fe3e8:   0000017b080b6370 00007ffb134cea20
0x00000074706fe3f8:   00000074706fe650 0000017b508c8238
0x00000074706fe408:   0000000500000002 0000017b085444f0
0x00000074706fe418:   0000001300000001 0000000000000032
0x00000074706fe428:   000000010000000c 0000017b08480090
0x00000074706fe438:   0000000000000000 0000017b4df1ccb4
0x00000074706fe448:   000022e800000002 0000000300000001
0x00000074706fe458:   0000ffff0960e400 0000017b4d384680
0x00000074706fe468:   0000017b508c8238 0000017b498d2890
0x00000074706fe478:   000000064d14001c 0000007400000001
0x00000074706fe488:   0000000000000019 00000074710ff948
0x00000074706fe498:   00007ffb12e63d42 0000000000000000 

Instructions: (pc=0x00007ffb12c3d536)
0x00007ffb12c3d436:   4c 63 c0 41 8b c1 48 c1 f8 10 48 63 14 19 41 8b
0x00007ffb12c3d446:   c9 83 e1 3f 48 d3 e2 0f b6 c8 49 8d 04 10 49 f7
0x00007ffb12c3d456:   d0 48 03 c8 49 c1 e8 03 48 c1 e9 03 49 23 c8 eb
0x00007ffb12c3d466:   12 49 8b 00 48 8b d3 49 8b c8 ff 90 00 01 00 00
0x00007ffb12c3d476:   48 8b c8 48 89 1f 48 8b c7 48 8b 5c 24 30 48 89
0x00007ffb12c3d486:   4f 08 48 83 c4 20 5f c3 cc cc 0f b6 05 03 f1 a7
0x00007ffb12c3d496:   00 48 8b d1 84 c0 74 16 44 8b 41 08 8b 0d d0 da
0x00007ffb12c3d4a6:   a7 00 49 d3 e0 4c 03 05 be da a7 00 eb 04 4c 8b
0x00007ffb12c3d4b6:   41 08 45 8b 48 08 45 85 c9 7e 0e 41 f6 c1 01 75
0x00007ffb12c3d4c6:   53 41 c1 f9 03 49 63 c1 c3 79 49 84 c0 41 b8 0c
0x00007ffb12c3d4d6:   00 00 00 8b 05 d9 eb a7 00 b9 10 00 00 00 41 0f
0x00007ffb12c3d4e6:   45 c8 ff c8 4c 63 c0 41 8b c1 48 c1 f8 10 0f b6
0x00007ffb12c3d4f6:   c0 48 63 14 11 41 8b c9 83 e1 3f 48 d3 e2 49 8d
0x00007ffb12c3d506:   0c 10 49 f7 d0 48 03 c1 49 c1 e8 03 48 c1 e8 03
0x00007ffb12c3d516:   49 23 c0 c3 49 8b 00 49 8b c8 48 ff a0 00 01 00
0x00007ffb12c3d526:   00 cc cc cc cc cc cc cc cc cc 4c 8b c2 48 8b d1
0x00007ffb12c3d536:   45 8b 48 08 45 85 c9 7e 0e 41 f6 c1 01 75 56 41
0x00007ffb12c3d546:   c1 f9 03 49 63 c1 c3 79 4c 80 3d 44 f0 a7 00 00
0x00007ffb12c3d556:   b8 0c 00 00 00 b9 10 00 00 00 0f 45 c8 8b 05 4f
0x00007ffb12c3d566:   eb a7 00 ff c8 4c 63 c0 41 8b c1 48 c1 f8 10 48
0x00007ffb12c3d576:   63 14 11 41 8b c9 83 e1 3f 0f b6 c0 48 d3 e2 49
0x00007ffb12c3d586:   8d 0c 10 49 f7 d0 48 03 c1 49 c1 e8 03 48 c1 e8
0x00007ffb12c3d596:   03 49 23 c0 c3 49 8b 00 49 8b c8 48 ff a0 00 01
0x00007ffb12c3d5a6:   00 00 cc cc cc cc cc cc cc cc 48 83 ec 28 ba 37
0x00007ffb12c3d5b6:   00 00 00 48 8d 0d 88 86 85 00 e8 4b 06 14 00 cc
0x00007ffb12c3d5c6:   cc cc cc cc cc cc cc cc cc cc 40 53 48 83 ec 20
0x00007ffb12c3d5d6:   48 8b d9 49 8b c0 33 c9 45 0f b6 c1 48 89 0b 48
0x00007ffb12c3d5e6:   89 4b 08 48 8b cb 48 89 53 10 48 8b d0 e8 a8 09
0x00007ffb12c3d5f6:   00 00 48 8b c3 48 83 c4 20 5b c3 cc cc cc cc cc
0x00007ffb12c3d606:   cc cc cc cc cc cc cc cc cc cc 40 53 48 83 ec 20
0x00007ffb12c3d616:   33 c0 44 88 41 10 45 0f b6 c1 48 89 01 48 89 41
0x00007ffb12c3d626:   08 48 8b d9 e8 81 0a 00 00 48 8b c3 48 83 c4 20 


Stack slot to memory mapping:

stack at sp + 0 slots: 0x00007ffb12e5563b jvm.dll
stack at sp + 1 slots: 0x0 is null
stack at sp + 2 slots: 0x0000000000000004 is an unknown value
stack at sp + 3 slots: 0x0000000000000344 is an unknown value
stack at sp + 4 slots: 0x00007ffb131b8def jvm.dll
stack at sp + 5 slots: 0x00000074710ff698 is pointing into the stack for thread: 0x0000017b50814fa0
stack at sp + 6 slots: 0x00007ffb12e63d42 jvm.dll
stack at sp + 7 slots: 0x0000017b4d149928 points into unknown readable memory: 0x8000017bedf5c2e3 | e3 c2 f5 ed 7b 01 00 80


---------------  P R O C E S S  ---------------

Threads class SMR info:
_java_thread_list=0x0000017b515c6e90, length=34, elements={
0x0000017b0755cff0, 0x0000017b0755dca0, 0x0000017b075602e0, 0x0000017b07563290,
0x0000017b0756ce60, 0x0000017b0756d9e0, 0x0000017b0756e690, 0x0000017b077e0870,
0x0000017b0785e920, 0x0000017b07865160, 0x0000017b07867900, 0x0000017b4d13e4a0,
0x0000017b4d3830d0, 0x0000017b4d3c9270, 0x0000017b4d3d7390, 0x0000017b4dd1e7c0,
0x0000017b4e05a7e0, 0x0000017b4e058080, 0x0000017b4f736210, 0x0000017b4f739000,
0x0000017b4f7368a0, 0x0000017b50b58810, 0x0000017b50b5e3f0, 0x0000017b50b59530,
0x0000017b508c4820, 0x0000017b51189190, 0x0000017b508c4eb0, 0x0000017b513123d0,
0x0000017b50814fa0, 0x0000017b560353e0, 0x0000017b50b02510, 0x0000017b50b01e80,
0x0000017b5169f7a0, 0x0000017b50814910
}

Java Threads: ( => current thread )
  0x0000017b0755cff0 JavaThread "Reference Handler"          daemon [_thread_blocked, id=5340, stack(0x000000746ef00000,0x000000746f000000) (1024K)]
  0x0000017b0755dca0 JavaThread "Finalizer"                  daemon [_thread_blocked, id=16008, stack(0x000000746f000000,0x000000746f100000) (1024K)]
  0x0000017b075602e0 JavaThread "Signal Dispatcher"          daemon [_thread_blocked, id=13956, stack(0x000000746f100000,0x000000746f200000) (1024K)]
  0x0000017b07563290 JavaThread "Attach Listener"            daemon [_thread_blocked, id=2024, stack(0x000000746f200000,0x000000746f300000) (1024K)]
  0x0000017b0756ce60 JavaThread "Service Thread"             daemon [_thread_blocked, id=3956, stack(0x000000746f300000,0x000000746f400000) (1024K)]
  0x0000017b0756d9e0 JavaThread "Monitor Deflation Thread"   daemon [_thread_blocked, id=22064, stack(0x000000746f400000,0x000000746f500000) (1024K)]
  0x0000017b0756e690 JavaThread "C1 CompilerThread0"         daemon [_thread_blocked, id=5504, stack(0x000000746f500000,0x000000746f600000) (1024K)]
  0x0000017b077e0870 JavaThread "Common-Cleaner"             daemon [_thread_blocked, id=20612, stack(0x000000746f700000,0x000000746f800000) (1024K)]
  0x0000017b0785e920 JavaThread "JDWP Transport Listener: dt_socket" daemon [_thread_blocked, id=6004, stack(0x000000746f800000,0x000000746f900000) (1024K)]
  0x0000017b07865160 JavaThread "JDWP Event Helper Thread"   daemon [_thread_blocked, id=12296, stack(0x000000746f900000,0x000000746fa00000) (1024K)]
  0x0000017b07867900 JavaThread "JDWP Command Reader"        daemon [_thread_in_native, id=7472, stack(0x000000746fa00000,0x000000746fb00000) (1024K)]
  0x0000017b4d13e4a0 JavaThread "Notification Thread"        daemon [_thread_blocked, id=2872, stack(0x000000746fb00000,0x000000746fc00000) (1024K)]
  0x0000017b4d3830d0 JavaThread "RMI TCP Accept-0"           daemon [_thread_in_native, id=23824, stack(0x000000746fe00000,0x000000746ff00000) (1024K)]
  0x0000017b4d3c9270 JavaThread "RMI TCP Accept-61271"       daemon [_thread_in_native, id=21688, stack(0x0000007470700000,0x0000007470800000) (1024K)]
  0x0000017b4d3d7390 JavaThread "RMI TCP Accept-0"           daemon [_thread_in_native, id=6908, stack(0x0000007470800000,0x0000007470900000) (1024K)]
  0x0000017b4dd1e7c0 JavaThread "RMI Scheduler(0)"           daemon [_thread_blocked, id=22488, stack(0x0000007471100000,0x0000007471200000) (1024K)]
  0x0000017b4e05a7e0 JavaThread "JMX server connection timeout 56" daemon [_thread_blocked, id=6216, stack(0x0000007471300000,0x0000007471400000) (1024K)]
  0x0000017b4e058080 JavaThread "mysql-cj-abandoned-connection-cleanup" daemon [_thread_blocked, id=7924, stack(0x0000007471d00000,0x0000007471e00000) (1024K)]
  0x0000017b4f736210 JavaThread "Live Reload Server"         daemon [_thread_in_native, id=3168, stack(0x0000007472300000,0x0000007472400000) (1024K)]
  0x0000017b4f739000 JavaThread "DestroyJavaVM"                     [_thread_blocked, id=11516, stack(0x000000746e700000,0x000000746e800000) (1024K)]
  0x0000017b4f7368a0 JavaThread "File Watcher"               daemon [_thread_blocked, id=20032, stack(0x000000746f600000,0x000000746f700000) (1024K)]
  0x0000017b50b58810 JavaThread "File Watcher"               daemon [_thread_blocked, id=23176, stack(0x000000746e600000,0x000000746e700000) (1024K)]
  0x0000017b50b5e3f0 JavaThread "File Watcher"               daemon [_thread_blocked, id=12004, stack(0x0000007470900000,0x0000007470a00000) (1024K)]
  0x0000017b50b59530 JavaThread "File Watcher"               daemon [_thread_blocked, id=8464, stack(0x0000007470a00000,0x0000007470b00000) (1024K)]
  0x0000017b508c4820 JavaThread "File Watcher"               daemon [_thread_blocked, id=18340, stack(0x000000746fd00000,0x000000746fe00000) (1024K)]
  0x0000017b51189190 JavaThread "File Watcher"               daemon [_thread_blocked, id=22184, stack(0x000000746e500000,0x000000746e600000) (1024K)]
  0x0000017b508c4eb0 JavaThread "File Watcher"               daemon [_thread_blocked, id=19728, stack(0x0000007470f00000,0x0000007471000000) (1024K)]
  0x0000017b513123d0 JavaThread "RMI TCP Connection(idle)"   daemon [_thread_blocked, id=18448, stack(0x0000007472a00000,0x0000007472b00000) (1024K)]
  0x0000017b50814fa0 JavaThread "Thread-163"                        [_thread_blocked, id=7328, stack(0x0000007471000000,0x0000007471100000) (1024K)]
  0x0000017b560353e0 JavaThread "restartedMain"                     [_thread_blocked, id=9248, stack(0x0000007471500000,0x0000007471600000) (1024K)]
  0x0000017b50b02510 JavaThread "Catalina-utility-1"                [_thread_blocked, id=1592, stack(0x0000007471800000,0x0000007471900000) (1024K)]
  0x0000017b50b01e80 JavaThread "Catalina-utility-2"                [_thread_blocked, id=23696, stack(0x0000007471900000,0x0000007471a00000) (1024K)]
  0x0000017b5169f7a0 JavaThread "container-5"                       [_thread_blocked, id=11568, stack(0x0000007471c00000,0x0000007471d00000) (1024K)]
  0x0000017b50814910 JavaThread "HikariPool-42 housekeeper"  daemon [_thread_blocked, id=3892, stack(0x0000007471f00000,0x0000007472000000) (1024K)]
Total: 34

Other Threads:
  0x0000017b075427b0 VMThread "VM Thread"                           [id=23736, stack(0x000000746ee00000,0x000000746ef00000) (1024K)]
  0x0000017b07530f30 WatcherThread "VM Periodic Task Thread"        [id=14104, stack(0x000000746ed00000,0x000000746ee00000) (1024K)]
  0x0000017b71b8f7b0 WorkerThread "GC Thread#0"                     [id=10832, stack(0x000000746e800000,0x000000746e900000) (1024K)]
  0x0000017b4d391040 WorkerThread "GC Thread#1"                     [id=19000, stack(0x000000746ff00000,0x0000007470000000) (1024K)]
  0x0000017b4d3913e0 WorkerThread "GC Thread#2"                     [id=1996, stack(0x0000007470000000,0x0000007470100000) (1024K)]
  0x0000017b4d391780 WorkerThread "GC Thread#3"                     [id=22508, stack(0x0000007470100000,0x0000007470200000) (1024K)]
  0x0000017b4d391f30 WorkerThread "GC Thread#4"                     [id=22048, stack(0x0000007470200000,0x0000007470300000) (1024K)]
  0x0000017b4d3922d0 WorkerThread "GC Thread#5"                     [id=25176, stack(0x0000007470300000,0x0000007470400000) (1024K)]
  0x0000017b4d3b9f10 WorkerThread "GC Thread#6"                     [id=21036, stack(0x0000007470400000,0x0000007470500000) (1024K)]
  0x0000017b4d3ba2b0 WorkerThread "GC Thread#7"                     [id=21152, stack(0x0000007470500000,0x0000007470600000) (1024K)]
=>0x0000017b4d3baa60 WorkerThread "GC Thread#8"                     [id=3868, stack(0x0000007470600000,0x0000007470700000) (1024K)]
  0x0000017b4d7c0f20 WorkerThread "GC Thread#9"                     [id=8084, stack(0x0000007470b00000,0x0000007470c00000) (1024K)]
  0x0000017b4d7c1660 WorkerThread "GC Thread#10"                    [id=8440, stack(0x0000007470c00000,0x0000007470d00000) (1024K)]
  0x0000017b4d7c12c0 WorkerThread "GC Thread#11"                    [id=26488, stack(0x0000007470d00000,0x0000007470e00000) (1024K)]
  0x0000017b4d7c1da0 WorkerThread "GC Thread#12"                    [id=12340, stack(0x0000007470e00000,0x0000007470f00000) (1024K)]
  0x0000017b71ba2c50 ConcurrentGCThread "G1 Main Marker"            [id=26260, stack(0x000000746e900000,0x000000746ea00000) (1024K)]
  0x0000017b71ba3750 WorkerThread "G1 Conc#0"                       [id=10900, stack(0x000000746ea00000,0x000000746eb00000) (1024K)]
  0x0000017b4d7c07e0 WorkerThread "G1 Conc#1"                       [id=2408, stack(0x0000007471700000,0x0000007471800000) (1024K)]
  0x0000017b4d7c0440 WorkerThread "G1 Conc#2"                       [id=8800, stack(0x0000007471a00000,0x0000007471b00000) (1024K)]
  0x0000017b07405e50 ConcurrentGCThread "G1 Refine#0"               [id=11752, stack(0x000000746eb00000,0x000000746ec00000) (1024K)]
  0x0000017b074069c0 ConcurrentGCThread "G1 Service"                [id=9588, stack(0x000000746ec00000,0x000000746ed00000) (1024K)]
Total: 21

Threads with active compile tasks:
Total: 0

VM state: at safepoint (normal execution)

VM Mutex/Monitor currently owned by a thread:  ([mutex/lock_event])
[0x00007ffb1373be98] Threads_lock - owner thread: 0x0000017b075427b0
[0x00007ffb1373bf98] Heap_lock - owner thread: 0x0000017b50b58810

Heap address: 0x0000000704a00000, size: 4022 MB, Compressed Oops mode: Zero based, Oop shift amount: 3

CDS archive(s) mapped at: [0x0000017b08000000-0x0000017b08c90000-0x0000017b08c90000), size 13172736, SharedBaseAddress: 0x0000017b08000000, ArchiveRelocationMode: 1.
Compressed class space mapped at: 0x0000017b09000000-0x0000017b49000000, reserved size: 1073741824
Narrow klass base: 0x0000017b08000000, Narrow klass shift: 0, Narrow klass range: 0x100000000

GC Precious Log:
 CardTable entry size: 512
 Card Set container configuration: InlinePtr #cards 4 size 8 Array Of Cards #cards 16 size 48 Howl #buckets 8 coarsen threshold 3686 Howl Bitmap #cards 512 size 80 coarsen threshold 460 Card regions per heap region 1 cards per card region 4096
 CPUs: 16 total, 16 available
 Memory: 16087M
 Large Page Support: Disabled
 NUMA Support: Disabled
 Compressed Oops: Enabled (Zero based)
 Heap Region Size: 2M
 Heap Min Capacity: 8M
 Heap Initial Capacity: 252M
 Heap Max Capacity: 4022M
 Pre-touch: Disabled
 Parallel Workers: 13
 Concurrent Workers: 3
 Concurrent Refinement Workers: 13
 Periodic GC: Disabled

Heap:
 garbage-first heap   total 110592K, used 92694K [0x0000000704a00000, 0x0000000800000000)
  region size 2048K, 29 young (59392K), 1 survivors (2048K)
 Metaspace       used 85767K, committed 87360K, reserved 1179648K
  class space    used 11574K, committed 12288K, reserved 1048576K

Heap Regions: E=young(eden), S=young(survivor), O=old, HS=humongous(starts), HC=humongous(continues), CS=collection set, F=free, TAMS=top-at-mark-start, PB=parsable bottom
|   0|0x0000000704a00000, 0x0000000704c00000, 0x0000000704c00000|100%| O|  |TAMS 0x0000000704a00000| PB 0x0000000704a00000| Untracked 
|   1|0x0000000704c00000, 0x0000000704dffff8, 0x0000000704e00000| 99%| O|  |TAMS 0x0000000704c00000| PB 0x0000000704c00000| Untracked 
|   2|0x0000000704e00000, 0x0000000704ffffe0, 0x0000000705000000| 99%| O|  |TAMS 0x0000000704e00000| PB 0x0000000704e00000| Untracked 
|   3|0x0000000705000000, 0x00000007051f7ce0, 0x0000000705200000| 98%| O|  |TAMS 0x0000000705000000| PB 0x0000000705000000| Untracked 
|   4|0x0000000705200000, 0x00000007053fffe0, 0x0000000705400000| 99%| O|  |TAMS 0x0000000705200000| PB 0x0000000705200000| Untracked 
|   5|0x0000000705400000, 0x00000007055ffff8, 0x0000000705600000| 99%| O|  |TAMS 0x0000000705400000| PB 0x0000000705400000| Untracked 
|   6|0x0000000705600000, 0x0000000705800000, 0x0000000705800000|100%| O|  |TAMS 0x0000000705600000| PB 0x0000000705600000| Untracked 
|   7|0x0000000705800000, 0x00000007059ffff8, 0x0000000705a00000| 99%| O|  |TAMS 0x0000000705800000| PB 0x0000000705800000| Untracked 
|   8|0x0000000705a00000, 0x0000000705bfffa0, 0x0000000705c00000| 99%| O|  |TAMS 0x0000000705a00000| PB 0x0000000705a00000| Untracked 
|   9|0x0000000705c00000, 0x0000000705dcb098, 0x0000000705e00000| 89%| O|  |TAMS 0x0000000705c00000| PB 0x0000000705c00000| Untracked 
|  10|0x0000000705e00000, 0x0000000705fffff8, 0x0000000706000000| 99%| O|  |TAMS 0x0000000705e00000| PB 0x0000000705e00000| Untracked 
|  11|0x0000000706000000, 0x0000000706200000, 0x0000000706200000|100%| O|  |TAMS 0x0000000706000000| PB 0x0000000706000000| Untracked 
|  12|0x0000000706200000, 0x00000007063cbd00, 0x0000000706400000| 89%| O|  |TAMS 0x0000000706200000| PB 0x0000000706200000| Untracked 
|  13|0x0000000706400000, 0x00000007064dfb40, 0x0000000706600000| 43%| O|CS|TAMS 0x0000000706400000| PB 0x0000000706400000| Complete 
|  14|0x0000000706600000, 0x0000000706800000, 0x0000000706800000|100%| O|  |TAMS 0x0000000706600000| PB 0x0000000706600000| Untracked 
|  15|0x0000000706800000, 0x0000000706980818, 0x0000000706a00000| 75%| O|  |TAMS 0x0000000706800000| PB 0x0000000706800000| Untracked 
|  16|0x0000000706a00000, 0x0000000706b29b40, 0x0000000706c00000| 58%| O|  |TAMS 0x0000000706a00000| PB 0x0000000706a00000| Untracked 
|  17|0x0000000706c00000, 0x0000000706e00000, 0x0000000706e00000|100%| O|  |TAMS 0x0000000706c00000| PB 0x0000000706c00000| Untracked 
|  18|0x0000000706e00000, 0x0000000706ead580, 0x0000000707000000| 33%| O|  |TAMS 0x0000000706e00000| PB 0x0000000706e00000| Untracked 
|  19|0x0000000707000000, 0x0000000707000000, 0x0000000707200000|  0%| F|  |TAMS 0x0000000707000000| PB 0x0000000707000000| Untracked 
|  20|0x0000000707200000, 0x000000070736d0a0, 0x0000000707400000| 71%| E|CS|TAMS 0x0000000707200000| PB 0x0000000707200000| Complete 
|  21|0x0000000707400000, 0x0000000707600000, 0x0000000707600000|100%| E|CS|TAMS 0x0000000707400000| PB 0x0000000707400000| Complete 
|  22|0x0000000707600000, 0x0000000707800000, 0x0000000707800000|100%| E|CS|TAMS 0x0000000707600000| PB 0x0000000707600000| Complete 
|  23|0x0000000707800000, 0x0000000707800000, 0x0000000707a00000|  0%| F|  |TAMS 0x0000000707800000| PB 0x0000000707800000| Untracked 
|  24|0x0000000707a00000, 0x0000000707a00000, 0x0000000707c00000|  0%| F|  |TAMS 0x0000000707a00000| PB 0x0000000707a00000| Untracked 
|  25|0x0000000707c00000, 0x0000000707dad248, 0x0000000707e00000| 83%| S|  |TAMS 0x0000000707c00000| PB 0x0000000707c00000| Complete 
|  26|0x0000000707e00000, 0x0000000708000000, 0x0000000708000000|100%| E|CS|TAMS 0x0000000707e00000| PB 0x0000000707e00000| Complete 
|  27|0x0000000708000000, 0x0000000708200000, 0x0000000708200000|100%| E|CS|TAMS 0x0000000708000000| PB 0x0000000708000000| Complete 
|  28|0x0000000708200000, 0x0000000708400000, 0x0000000708400000|100%| E|CS|TAMS 0x0000000708200000| PB 0x0000000708200000| Complete 
|  29|0x0000000708400000, 0x0000000708600000, 0x0000000708600000|100%| E|CS|TAMS 0x0000000708400000| PB 0x0000000708400000| Complete 
|  30|0x0000000708600000, 0x0000000708800000, 0x0000000708800000|100%| E|CS|TAMS 0x0000000708600000| PB 0x0000000708600000| Complete 
|  31|0x0000000708800000, 0x0000000708a00000, 0x0000000708a00000|100%| E|CS|TAMS 0x0000000708800000| PB 0x0000000708800000| Complete 
|  32|0x0000000708a00000, 0x0000000708c00000, 0x0000000708c00000|100%| E|CS|TAMS 0x0000000708a00000| PB 0x0000000708a00000| Complete 
|  33|0x0000000708c00000, 0x0000000708e00000, 0x0000000708e00000|100%| E|CS|TAMS 0x0000000708c00000| PB 0x0000000708c00000| Complete 
|  34|0x0000000708e00000, 0x0000000709000000, 0x0000000709000000|100%| E|CS|TAMS 0x0000000708e00000| PB 0x0000000708e00000| Complete 
|  35|0x0000000709000000, 0x0000000709200000, 0x0000000709200000|100%| E|CS|TAMS 0x0000000709000000| PB 0x0000000709000000| Complete 
|  36|0x0000000709200000, 0x0000000709400000, 0x0000000709400000|100%| E|CS|TAMS 0x0000000709200000| PB 0x0000000709200000| Complete 
|  37|0x0000000709400000, 0x0000000709600000, 0x0000000709600000|100%| E|CS|TAMS 0x0000000709400000| PB 0x0000000709400000| Complete 
|  38|0x0000000709600000, 0x0000000709800000, 0x0000000709800000|100%| E|CS|TAMS 0x0000000709600000| PB 0x0000000709600000| Complete 
|  39|0x0000000709800000, 0x0000000709a00000, 0x0000000709a00000|100%| E|CS|TAMS 0x0000000709800000| PB 0x0000000709800000| Complete 
|  40|0x0000000709a00000, 0x0000000709c00000, 0x0000000709c00000|100%| E|CS|TAMS 0x0000000709a00000| PB 0x0000000709a00000| Complete 
|  41|0x0000000709c00000, 0x0000000709e00000, 0x0000000709e00000|100%| E|CS|TAMS 0x0000000709c00000| PB 0x0000000709c00000| Complete 
|  42|0x0000000709e00000, 0x000000070a000000, 0x000000070a000000|100%| E|CS|TAMS 0x0000000709e00000| PB 0x0000000709e00000| Complete 
|  43|0x000000070a000000, 0x000000070a200000, 0x000000070a200000|100%| E|CS|TAMS 0x000000070a000000| PB 0x000000070a000000| Complete 
|  44|0x000000070a200000, 0x000000070a400000, 0x000000070a400000|100%| E|CS|TAMS 0x000000070a200000| PB 0x000000070a200000| Complete 
|  45|0x000000070a400000, 0x000000070a600000, 0x000000070a600000|100%| E|CS|TAMS 0x000000070a400000| PB 0x000000070a400000| Complete 
|  46|0x000000070a600000, 0x000000070a800000, 0x000000070a800000|100%| E|CS|TAMS 0x000000070a600000| PB 0x000000070a600000| Complete 
|  47|0x000000070a800000, 0x000000070aa00000, 0x000000070aa00000|100%| E|CS|TAMS 0x000000070a800000| PB 0x000000070a800000| Complete 
|  48|0x000000070aa00000, 0x000000070ac00000, 0x000000070ac00000|100%| E|CS|TAMS 0x000000070aa00000| PB 0x000000070aa00000| Complete 
|  49|0x000000070ac00000, 0x000000070ae00000, 0x000000070ae00000|100%| E|CS|TAMS 0x000000070ac00000| PB 0x000000070ac00000| Complete 
|  50|0x000000070ae00000, 0x000000070b000000, 0x000000070b000000|100%| E|CS|TAMS 0x000000070ae00000| PB 0x000000070ae00000| Complete 
|  51|0x000000070b000000, 0x000000070b200000, 0x000000070b200000|100%| E|CS|TAMS 0x000000070b000000| PB 0x000000070b000000| Complete 
|  52|0x000000070b200000, 0x000000070b400000, 0x000000070b400000|100%| E|CS|TAMS 0x000000070b200000| PB 0x000000070b200000| Complete 
|  53|0x000000070b400000, 0x000000070b600000, 0x000000070b600000|100%| E|CS|TAMS 0x000000070b400000| PB 0x000000070b400000| Complete 

Card table byte_map: [0x0000017b00000000,0x0000017b007e0000] _byte_map_base: 0x0000017afc7db000

Marking Bits: (CMBitMap*) 0x0000017b71b8feb0
 Bits: [0x0000017b007e0000, 0x0000017b046b8000)

Polling page: 0x0000017b7b750000

Metaspace:

Usage:
  Non-class:     72.45 MB used.
      Class:     11.30 MB used.
       Both:     83.76 MB used.

Virtual space:
  Non-class space:      128.00 MB reserved,      73.31 MB ( 57%) committed,  2 nodes.
      Class space:        1.00 GB reserved,      12.00 MB (  1%) committed,  1 nodes.
             Both:        1.12 GB reserved,      85.31 MB (  7%) committed. 

Chunk freelists:
   Non-Class:  6.55 MB
       Class:  4.01 MB
        Both:  10.56 MB

MaxMetaspaceSize: unlimited
CompressedClassSpaceSize: 1.00 GB
Initial GC threshold: 21.00 MB
Current GC threshold: 142.75 MB
CDS: on
 - commit_granule_bytes: 65536.
 - commit_granule_words: 8192.
 - virtual_space_node_default_size: 8388608.
 - enlarge_chunks_in_place: 1.
 - use_allocation_guard: 0.


Internal statistics:

num_allocs_failed_limit: 6.
num_arena_births: 4578.
num_arena_deaths: 3250.
num_vsnodes_births: 3.
num_vsnodes_deaths: 0.
num_space_committed: 1373.
num_space_uncommitted: 6.
num_chunks_returned_to_freelist: 4309.
num_chunks_taken_from_freelist: 9554.
num_chunk_merges: 730.
num_chunk_splits: 4650.
num_chunks_enlarged: 3166.
num_inconsistent_stats: 0.

CodeCache: size=49152Kb used=19746Kb max_used=34936Kb free=29405Kb
 bounds [0x0000017b7b770000, 0x0000017b7dae0000, 0x0000017b7e770000]
 total_blobs=9329 nmethods=8573 adapters=679
 compilation: enabled
              stopped_count=0, restarted_count=0
 full_count=0

Compilation events (20 events):
Event: 26177.187 Thread 0x0000017b0756e690 54453       1       sun.security.util.math.intpoly.IntegerPolynomial$Element::multiply (6 bytes)
Event: 26177.187 Thread 0x0000017b0756e690 nmethod 54453 0x0000017b7c80ac10 code [0x0000017b7c80ada0, 0x0000017b7c80aea0]
Event: 26177.187 Thread 0x0000017b077ad700 54454       1       javax.crypto.spec.IvParameterSpec::getIV (11 bytes)
Event: 26177.188 Thread 0x0000017b077ad700 nmethod 54454 0x0000017b7c80a810 code [0x0000017b7c80a9c0, 0x0000017b7c80aaf8]
Event: 26177.188 Thread 0x0000017b077ac290 54455       1       com.mysql.cj.util.StringUtils::indexOfIgnoreCase (137 bytes)
Event: 26177.189 Thread 0x0000017b077ac290 nmethod 54455 0x0000017b7c835b90 code [0x0000017b7c835e60, 0x0000017b7c836a50]
Event: 26177.314 Thread 0x0000017b077ae4a0 54456       1       java.util.LinkedHashMap::<init> (17 bytes)
Event: 26177.315 Thread 0x0000017b077ae4a0 nmethod 54456 0x0000017b7c835810 code [0x0000017b7c8359a0, 0x0000017b7c835ac0]
Event: 26180.426 Thread 0x0000017b077ae4a0 54457       1       java.io.ObjectStreamClass::lookup (26 bytes)
Event: 26180.426 Thread 0x0000017b077ae4a0 nmethod 54457 0x0000017b7c835410 code [0x0000017b7c8355c0, 0x0000017b7c835750]
Event: 26180.427 Thread 0x0000017b077addd0 54458       1       java.io.ObjectInputStream$BlockDataInputStream::readUTF (10 bytes)
Event: 26180.427 Thread 0x0000017b077ae4a0 54459       1       java.io.ObjectInputStream$BlockDataInputStream::readUnsignedShort (76 bytes)
Event: 26180.427 Thread 0x0000017b077addd0 nmethod 54458 0x0000017b7c835090 code [0x0000017b7c835240, 0x0000017b7c835358]
Event: 26180.427 Thread 0x0000017b077ae4a0 nmethod 54459 0x0000017b7bee4c90 code [0x0000017b7bee4e60, 0x0000017b7bee5178]
Event: 26180.428 Thread 0x0000017b0756e690 54460       1       java.io.ObjectStreamClass::forClass (52 bytes)
Event: 26180.428 Thread 0x0000017b0756e690 nmethod 54460 0x0000017b7c834a10 code [0x0000017b7c834bc0, 0x0000017b7c834d78]
Event: 26180.428 Thread 0x0000017b077ae4a0 54461       1       java.io.ObjectStreamClass$FieldReflectorKey::hashCode (5 bytes)
Event: 26180.428 Thread 0x0000017b077ae4a0 nmethod 54461 0x0000017b7bee4990 code [0x0000017b7bee4b20, 0x0000017b7bee4be8]
Event: 26261.238 Thread 0x0000017b0756e690 54462       1       org.eclipse.jdt.launching.internal.org.objectweb.asm.ByteVector::putInt (74 bytes)
Event: 26261.238 Thread 0x0000017b0756e690 nmethod 54462 0x0000017b7bee4510 code [0x0000017b7bee46c0, 0x0000017b7bee4870]

GC Heap History (20 events):
Event: 25483.242 GC heap after
{Heap after GC invocations=357 (full 35):
 garbage-first heap   total 131072K, used 33726K [0x0000000704a00000, 0x0000000800000000)
  region size 2048K, 1 young (2048K), 1 survivors (2048K)
 Metaspace       used 85579K, committed 87360K, reserved 1179648K
  class space    used 11533K, committed 12288K, reserved 1048576K
}
Event: 25576.392 GC heap before
{Heap before GC invocations=358 (full 35):
 garbage-first heap   total 131072K, used 109502K [0x0000000704a00000, 0x0000000800000000)
  region size 2048K, 38 young (77824K), 1 survivors (2048K)
 Metaspace       used 85581K, committed 87360K, reserved 1179648K
  class space    used 11533K, committed 12288K, reserved 1048576K
}
Event: 25576.396 GC heap after
{Heap after GC invocations=359 (full 35):
 garbage-first heap   total 131072K, used 33932K [0x0000000704a00000, 0x0000000800000000)
  region size 2048K, 1 young (2048K), 1 survivors (2048K)
 Metaspace       used 85581K, committed 87360K, reserved 1179648K
  class space    used 11533K, committed 12288K, reserved 1048576K
}
Event: 25696.758 GC heap before
{Heap before GC invocations=359 (full 35):
 garbage-first heap   total 131072K, used 109708K [0x0000000704a00000, 0x0000000800000000)
  region size 2048K, 38 young (77824K), 1 survivors (2048K)
 Metaspace       used 85591K, committed 87360K, reserved 1179648K
  class space    used 11535K, committed 12288K, reserved 1048576K
}
Event: 25696.761 GC heap after
{Heap after GC invocations=360 (full 35):
 garbage-first heap   total 131072K, used 33859K [0x0000000704a00000, 0x0000000800000000)
  region size 2048K, 1 young (2048K), 1 survivors (2048K)
 Metaspace       used 85591K, committed 87360K, reserved 1179648K
  class space    used 11535K, committed 12288K, reserved 1048576K
}
Event: 25802.567 GC heap before
{Heap before GC invocations=360 (full 35):
 garbage-first heap   total 131072K, used 109635K [0x0000000704a00000, 0x0000000800000000)
  region size 2048K, 38 young (77824K), 1 survivors (2048K)
 Metaspace       used 85591K, committed 87360K, reserved 1179648K
  class space    used 11535K, committed 12288K, reserved 1048576K
}
Event: 25802.568 GC heap after
{Heap after GC invocations=361 (full 35):
 garbage-first heap   total 131072K, used 33699K [0x0000000704a00000, 0x0000000800000000)
  region size 2048K, 1 young (2048K), 1 survivors (2048K)
 Metaspace       used 85591K, committed 87360K, reserved 1179648K
  class space    used 11535K, committed 12288K, reserved 1048576K
}
Event: 25912.427 GC heap before
{Heap before GC invocations=362 (full 35):
 garbage-first heap   total 131072K, used 109475K [0x0000000704a00000, 0x0000000800000000)
  region size 2048K, 38 young (77824K), 1 survivors (2048K)
 Metaspace       used 85591K, committed 87360K, reserved 1179648K
  class space    used 11535K, committed 12288K, reserved 1048576K
}
Event: 25912.428 GC heap after
{Heap after GC invocations=363 (full 35):
 garbage-first heap   total 131072K, used 34288K [0x0000000704a00000, 0x0000000800000000)
  region size 2048K, 1 young (2048K), 1 survivors (2048K)
 Metaspace       used 85591K, committed 87360K, reserved 1179648K
  class space    used 11535K, committed 12288K, reserved 1048576K
}
Event: 26032.609 GC heap before
{Heap before GC invocations=363 (full 35):
 garbage-first heap   total 131072K, used 110064K [0x0000000704a00000, 0x0000000800000000)
  region size 2048K, 38 young (77824K), 1 survivors (2048K)
 Metaspace       used 85591K, committed 87360K, reserved 1179648K
  class space    used 11535K, committed 12288K, reserved 1048576K
}
Event: 26032.648 GC heap after
{Heap after GC invocations=364 (full 35):
 garbage-first heap   total 131072K, used 34164K [0x0000000704a00000, 0x0000000800000000)
  region size 2048K, 1 young (2048K), 1 survivors (2048K)
 Metaspace       used 85591K, committed 87360K, reserved 1179648K
  class space    used 11535K, committed 12288K, reserved 1048576K
}
Event: 26152.619 GC heap before
{Heap before GC invocations=364 (full 35):
 garbage-first heap   total 131072K, used 109940K [0x0000000704a00000, 0x0000000800000000)
  region size 2048K, 38 young (77824K), 1 survivors (2048K)
 Metaspace       used 85591K, committed 87360K, reserved 1179648K
  class space    used 11535K, committed 12288K, reserved 1048576K
}
Event: 26152.620 GC heap after
{Heap after GC invocations=365 (full 35):
 garbage-first heap   total 131072K, used 34262K [0x0000000704a00000, 0x0000000800000000)
  region size 2048K, 1 young (2048K), 1 survivors (2048K)
 Metaspace       used 85591K, committed 87360K, reserved 1179648K
  class space    used 11535K, committed 12288K, reserved 1048576K
}
Event: 26176.378 GC heap before
{Heap before GC invocations=366 (full 35):
 garbage-first heap   total 131072K, used 50646K [0x0000000704a00000, 0x0000000800000000)
  region size 2048K, 10 young (20480K), 1 survivors (2048K)
 Metaspace       used 85590K, committed 87360K, reserved 1179648K
  class space    used 11535K, committed 12288K, reserved 1048576K
}
Event: 26176.401 GC heap after
{Heap after GC invocations=367 (full 36):
 garbage-first heap   total 110592K, used 29794K [0x0000000704a00000, 0x0000000800000000)
  region size 2048K, 0 young (0K), 0 survivors (0K)
 Metaspace       used 85528K, committed 87360K, reserved 1179648K
  class space    used 11524K, committed 12288K, reserved 1048576K
}
Event: 26176.742 GC heap before
{Heap before GC invocations=367 (full 36):
 garbage-first heap   total 110592K, used 64610K [0x0000000704a00000, 0x0000000800000000)
  region size 2048K, 19 young (38912K), 0 survivors (0K)
 Metaspace       used 85664K, committed 87360K, reserved 1179648K
  class space    used 11555K, committed 12288K, reserved 1048576K
}
Event: 26176.743 GC heap after
{Heap after GC invocations=368 (full 36):
 garbage-first heap   total 110592K, used 33937K [0x0000000704a00000, 0x0000000800000000)
  region size 2048K, 3 young (6144K), 3 survivors (6144K)
 Metaspace       used 85664K, committed 87360K, reserved 1179648K
  class space    used 11555K, committed 12288K, reserved 1048576K
}
Event: 26249.390 GC heap before
{Heap before GC invocations=369 (full 36):
 garbage-first heap   total 110592K, used 91281K [0x0000000704a00000, 0x0000000800000000)
  region size 2048K, 31 young (63488K), 3 survivors (6144K)
 Metaspace       used 85766K, committed 87360K, reserved 1179648K
  class space    used 11573K, committed 12288K, reserved 1048576K
}
Event: 26249.395 GC heap after
{Heap after GC invocations=370 (full 36):
 garbage-first heap   total 110592K, used 35350K [0x0000000704a00000, 0x0000000800000000)
  region size 2048K, 3 young (6144K), 3 survivors (6144K)
 Metaspace       used 85766K, committed 87360K, reserved 1179648K
  class space    used 11573K, committed 12288K, reserved 1048576K
}
Event: 26352.200 GC heap before
{Heap before GC invocations=370 (full 36):
 garbage-first heap   total 110592K, used 92694K [0x0000000704a00000, 0x0000000800000000)
  region size 2048K, 31 young (63488K), 3 survivors (6144K)
 Metaspace       used 85767K, committed 87360K, reserved 1179648K
  class space    used 11574K, committed 12288K, reserved 1048576K
}

Dll operation events (12 events):
Event: 0.014 Loaded shared library C:\Program Files\Java\jdk-21\bin\java.dll
Event: 0.238 Loaded shared library C:\Program Files\Java\jdk-21\bin\zip.dll
Event: 0.243 Loaded shared library C:\Program Files\Java\jdk-21\bin\instrument.dll
Event: 0.245 Loaded shared library C:\Program Files\Java\jdk-21\bin\net.dll
Event: 0.246 Loaded shared library C:\Program Files\Java\jdk-21\bin\nio.dll
Event: 0.248 Loaded shared library C:\Program Files\Java\jdk-21\bin\zip.dll
Event: 0.339 Loaded shared library C:\Program Files\Java\jdk-21\bin\jimage.dll
Event: 0.368 Loaded shared library C:\Program Files\Java\jdk-21\bin\management.dll
Event: 0.375 Loaded shared library C:\Program Files\Java\jdk-21\bin\management_ext.dll
Event: 0.521 Loaded shared library C:\Program Files\Java\jdk-21\bin\extnet.dll
Event: 0.540 Loaded shared library C:\Program Files\Java\jdk-21\bin\verify.dll
Event: 1.219 Loaded shared library C:\Program Files\Java\jdk-21\bin\sunmscapi.dll

Deoptimization events (20 events):
Event: 26180.428 Thread 0x0000017b513123d0 DEOPT PACKING pc=0x0000017b7c5287bc sp=0x0000007472afd010
Event: 26180.428 Thread 0x0000017b513123d0 DEOPT UNPACKING pc=0x0000017b7b7c4e42 sp=0x0000007472afc538 mode 1
Event: 26180.428 Thread 0x0000017b513123d0 DEOPT PACKING pc=0x0000017b7b9bb9f4 sp=0x0000007472afcf00
Event: 26180.428 Thread 0x0000017b513123d0 DEOPT UNPACKING pc=0x0000017b7b7c4e42 sp=0x0000007472afc450 mode 1
Event: 26180.428 Thread 0x0000017b513123d0 DEOPT PACKING pc=0x0000017b7c5287bc sp=0x0000007472afd010
Event: 26180.428 Thread 0x0000017b513123d0 DEOPT UNPACKING pc=0x0000017b7b7c4e42 sp=0x0000007472afc538 mode 1
Event: 26180.428 Thread 0x0000017b513123d0 DEOPT PACKING pc=0x0000017b7b9bb9f4 sp=0x0000007472afcee0
Event: 26180.428 Thread 0x0000017b513123d0 DEOPT UNPACKING pc=0x0000017b7b7c4e42 sp=0x0000007472afc430 mode 1
Event: 26180.428 Thread 0x0000017b513123d0 DEOPT PACKING pc=0x0000017b7ba92a0c sp=0x0000007472afcff0
Event: 26180.428 Thread 0x0000017b513123d0 DEOPT UNPACKING pc=0x0000017b7b7c4e42 sp=0x0000007472afc530 mode 1
Event: 26180.428 Thread 0x0000017b513123d0 DEOPT PACKING pc=0x0000017b7b9bb9f4 sp=0x0000007472afcf40
Event: 26180.428 Thread 0x0000017b513123d0 DEOPT UNPACKING pc=0x0000017b7b7c4e42 sp=0x0000007472afc4a8 mode 1
Event: 26180.428 Thread 0x0000017b513123d0 DEOPT PACKING pc=0x0000017b7b9bb9f4 sp=0x0000007472afcee0
Event: 26180.428 Thread 0x0000017b513123d0 DEOPT UNPACKING pc=0x0000017b7b7c4e42 sp=0x0000007472afc430 mode 1
Event: 26180.428 Thread 0x0000017b513123d0 DEOPT PACKING pc=0x0000017b7ba92a0c sp=0x0000007472afcff0
Event: 26180.428 Thread 0x0000017b513123d0 DEOPT UNPACKING pc=0x0000017b7b7c4e42 sp=0x0000007472afc530 mode 1
Event: 26180.428 Thread 0x0000017b513123d0 DEOPT PACKING pc=0x0000017b7b9bb9f4 sp=0x0000007472afcf40
Event: 26180.428 Thread 0x0000017b513123d0 DEOPT UNPACKING pc=0x0000017b7b7c4e42 sp=0x0000007472afc4a8 mode 1
Event: 26261.207 Thread 0x0000017b560353e0 DEOPT PACKING pc=0x0000017b7b92a194 sp=0x00000074715fdb50
Event: 26261.207 Thread 0x0000017b560353e0 DEOPT UNPACKING pc=0x0000017b7b7c4e42 sp=0x00000074715fd008 mode 0

Classes loaded (20 events):
Event: 18347.323 Loading class java/time/DurationEditor
Event: 18347.323 Loading class java/time/DurationEditor done
Event: 18678.345 Loading class java/util/regex/Pattern$Behind
Event: 18678.345 Loading class java/util/regex/Pattern$Behind done
Event: 18678.359 Loading class java/util/EmptyStackException
Event: 18678.359 Loading class java/util/EmptyStackException done
Event: 18678.370 Loading class java/io/InvalidClassException
Event: 18678.370 Loading class java/io/InvalidClassException done
Event: 20472.087 Loading class java/time/DurationEditor
Event: 20472.087 Loading class java/time/DurationEditor done
Event: 20929.326 Loading class java/time/DurationEditor
Event: 20929.326 Loading class java/time/DurationEditor done
Event: 21035.482 Loading class java/time/DurationEditor
Event: 21035.482 Loading class java/time/DurationEditor done
Event: 21698.815 Loading class java/time/DurationEditor
Event: 21698.815 Loading class java/time/DurationEditor done
Event: 22063.815 Loading class java/time/DurationEditor
Event: 22063.816 Loading class java/time/DurationEditor done
Event: 26176.862 Loading class java/awt/print/Pageable
Event: 26176.862 Loading class java/awt/print/Pageable done

Classes unloaded (20 events):
Event: 26176.384 Thread 0x0000017b075427b0 Unloading class 0x0000017b09bf2000 'jdk/internal/reflect/GeneratedSerializationConstructorAccessor366'
Event: 26176.384 Thread 0x0000017b075427b0 Unloading class 0x0000017b09bf2c00 'jdk/internal/reflect/GeneratedSerializationConstructorAccessor365'
Event: 26176.384 Thread 0x0000017b075427b0 Unloading class 0x0000017b09b74000 'jdk/internal/reflect/GeneratedSerializationConstructorAccessor364'
Event: 26176.384 Thread 0x0000017b075427b0 Unloading class 0x0000017b09b73800 'jdk/internal/reflect/GeneratedSerializationConstructorAccessor363'
Event: 26176.384 Thread 0x0000017b075427b0 Unloading class 0x0000017b09b70800 'jdk/internal/reflect/GeneratedSerializationConstructorAccessor362'
Event: 26176.384 Thread 0x0000017b075427b0 Unloading class 0x0000017b09304000 'java/lang/invoke/LambdaForm$MH+0x0000017b09304000'
Event: 26176.384 Thread 0x0000017b075427b0 Unloading class 0x0000017b099d2800 'jdk/internal/reflect/GeneratedSerializationConstructorAccessor360'
Event: 26176.384 Thread 0x0000017b075427b0 Unloading class 0x0000017b099e4800 'jdk/internal/reflect/GeneratedSerializationConstructorAccessor359'
Event: 26176.384 Thread 0x0000017b075427b0 Unloading class 0x0000017b09b84000 'jdk/internal/reflect/GeneratedSerializationConstructorAccessor358'
Event: 26176.384 Thread 0x0000017b075427b0 Unloading class 0x0000017b09be0c00 'jdk/internal/reflect/GeneratedSerializationConstructorAccessor357'
Event: 26176.384 Thread 0x0000017b075427b0 Unloading class 0x0000017b09be0000 'jdk/internal/reflect/GeneratedSerializationConstructorAccessor356'
Event: 26176.384 Thread 0x0000017b075427b0 Unloading class 0x0000017b09bc1000 'jdk/internal/reflect/GeneratedSerializationConstructorAccessor355'
Event: 26176.384 Thread 0x0000017b075427b0 Unloading class 0x0000017b09c04000 'jdk/internal/reflect/GeneratedSerializationConstructorAccessor354'
Event: 26176.384 Thread 0x0000017b075427b0 Unloading class 0x0000017b09c02000 'jdk/internal/reflect/GeneratedSerializationConstructorAccessor353'
Event: 26176.384 Thread 0x0000017b075427b0 Unloading class 0x0000017b099d5400 'jdk/internal/reflect/GeneratedSerializationConstructorAccessor352'
Event: 26176.384 Thread 0x0000017b075427b0 Unloading class 0x0000017b09305800 'java/lang/invoke/LambdaForm$MH+0x0000017b09305800'
Event: 26176.384 Thread 0x0000017b075427b0 Unloading class 0x0000017b09b88c00 'java/lang/invoke/LambdaForm$DMH+0x0000017b09b88c00'
Event: 26176.384 Thread 0x0000017b075427b0 Unloading class 0x0000017b09a05400 'java/lang/invoke/LambdaForm$MH+0x0000017b09a05400'
Event: 26176.384 Thread 0x0000017b075427b0 Unloading class 0x0000017b09b6fc00 'java/lang/invoke/LambdaForm$MH+0x0000017b09b6fc00'
Event: 26176.384 Thread 0x0000017b075427b0 Unloading class 0x0000017b09b91800 'java/lang/invoke/LambdaForm$MH+0x0000017b09b91800'

Classes redefined (10 events):
Event: 12384.218 Thread 0x0000017b075427b0 redefined class name=com.unu.app.repository.ClienteRepository, count=1
Event: 12543.385 Thread 0x0000017b075427b0 redefined class name=com.unu.app.service.Impl.ClienteServiceImpl, count=1
Event: 12543.385 Thread 0x0000017b075427b0 redefined class name=com.unu.app.repository.ClienteRepository, count=2
Event: 12543.385 Thread 0x0000017b075427b0 redefined class name=com.unu.app.repository.ClienteRepository, count=1
Event: 12543.385 Thread 0x0000017b075427b0 redefined class name=com.unu.app.repository.ClienteRepository, count=1
Event: 12543.386 Thread 0x0000017b075427b0 redefined class name=com.unu.app.repository.ClienteRepository, count=1
Event: 12543.386 Thread 0x0000017b075427b0 redefined class name=com.unu.app.repository.ClienteRepository, count=1
Event: 12543.386 Thread 0x0000017b075427b0 redefined class name=com.unu.app.repository.ClienteRepository, count=1
Event: 12554.261 Thread 0x0000017b075427b0 redefined class name=com.unu.app.service.Impl.ClienteServiceImpl, count=2
Event: 12554.261 Thread 0x0000017b075427b0 redefined class name=com.unu.app.service.Impl.ClienteServiceImpl, count=1

Internal exceptions (20 events):
Event: 25843.302 Thread 0x0000017b508c5540 Exception <a 'java/io/IOException'{0x000000070afa5e98}> (0x000000070afa5e98) 
thrown [s\open\src\hotspot\share\prims\jni.cpp, line 520]
Event: 25862.252 Thread 0x0000017b508c5540 Exception <a 'java/io/IOException'{0x0000000709efc1e0}> (0x0000000709efc1e0) 
thrown [s\open\src\hotspot\share\prims\jni.cpp, line 520]
Event: 25862.253 Thread 0x0000017b508c5540 Exception <a 'java/io/IOException'{0x0000000709efce00}> (0x0000000709efce00) 
thrown [s\open\src\hotspot\share\prims\jni.cpp, line 520]
Event: 25880.424 Thread 0x0000017b513123d0 Exception <a 'java/lang/NoSuchMethodError'{0x00000007092c17d8}: static [B.<clinit>()V> (0x00000007092c17d8) 
thrown [s\open\src\hotspot\share\prims\jni.cpp, line 1111]
Event: 26176.373 Thread 0x0000017b560353e0 Exception <a 'java/io/IOException'{0x000000070b83bc08}> (0x000000070b83bc08) 
thrown [s\open\src\hotspot\share\prims\jni.cpp, line 520]
Event: 26176.374 Thread 0x0000017b560353e0 Exception <a 'java/io/IOException'{0x000000070b83dda8}> (0x000000070b83dda8) 
thrown [s\open\src\hotspot\share\prims\jni.cpp, line 520]
Event: 26176.377 Thread 0x0000017b50c0e780 Exception <a 'java/lang/InterruptedException'{0x000000070b86d600}: sleep interrupted> (0x000000070b86d600) 
thrown [s\open\src\hotspot\share\prims\jvm.cpp, line 3074]
Event: 26176.415 Thread 0x0000017b560353e0 Exception <a 'sun/nio/fs/WindowsException'{0x000000070b512138}> (0x000000070b512138) 
thrown [s\open\src\hotspot\share\prims\jni.cpp, line 520]
Event: 26176.670 Thread 0x0000017b560353e0 Exception <a 'java/lang/NoClassDefFoundError'{0x0000000709b24cb8}: org/flywaydb/core/Flyway> (0x0000000709b24cb8) 
thrown [s\open\src\hotspot\share\oops\constantPool.cpp, line 873]
Event: 26176.671 Thread 0x0000017b560353e0 Exception <a 'java/lang/NoClassDefFoundError'{0x0000000709b25318}: liquibase/integration/spring/SpringLiquibase> (0x0000000709b25318) 
thrown [s\open\src\hotspot\share\oops\constantPool.cpp, line 873]
Event: 26176.675 Thread 0x0000017b560353e0 Exception <a 'java/lang/NoClassDefFoundError'{0x0000000709b9c4d8}: org/jooq/DSLContext> (0x0000000709b9c4d8) 
thrown [s\open\src\hotspot\share\oops\constantPool.cpp, line 873]
Event: 26176.675 Thread 0x0000017b560353e0 Exception <a 'java/lang/NoClassDefFoundError'{0x0000000709ba8918}: org/springframework/batch/core/repository/JobRepository> (0x0000000709ba8918) 
thrown [s\open\src\hotspot\share\oops\constantPool.cpp, line 873]
Event: 26176.676 Thread 0x0000017b560353e0 Exception <a 'java/lang/NoClassDefFoundError'{0x0000000709ba8f70}: org/quartz/Scheduler> (0x0000000709ba8f70) 
thrown [s\open\src\hotspot\share\oops\constantPool.cpp, line 873]
Event: 26176.676 Thread 0x0000017b560353e0 Exception <a 'java/lang/NoClassDefFoundError'{0x0000000709ba95f0}: org/springframework/session/jdbc/JdbcIndexedSessionRepository> (0x0000000709ba95f0) 
thrown [s\open\src\hotspot\share\oops\constantPool.cpp, line 873]
Event: 26176.681 Thread 0x0000017b560353e0 Exception <a 'java/lang/NoSuchMethodError'{0x000000070983c2a8}: 'void java.lang.invoke.DelegatingMethodHandle$Holder.reinvoke_L(java.lang.Object, java.lang.Object, int)'> (0x000000070983c2a8) 
thrown [s\open\src\hotspot\share\interpreter\linkResolver.cpp, line 773]
Event: 26176.723 Thread 0x0000017b560353e0 Exception <a 'java/lang/NoSuchMethodError'{0x000000070930ccd8}: 'int java.lang.invoke.DirectMethodHandle$Holder.invokeVirtual(java.lang.Object, java.lang.Object, java.lang.Object, java.lang.Object)'> (0x000000070930ccd8) 
thrown [s\open\src\hotspot\share\interpreter\linkResolver.cpp, line 773]
Event: 26176.724 Thread 0x0000017b560353e0 Exception <a 'java/lang/NoSuchMethodError'{0x00000007093102b0}: 'int java.lang.invoke.DelegatingMethodHandle$Holder.reinvoke_L(java.lang.Object, java.lang.Object, java.lang.Object, java.lang.Object)'> (0x00000007093102b0) 
thrown [s\open\src\hotspot\share\interpreter\linkResolver.cpp, line 773]
Event: 26176.728 Thread 0x0000017b560353e0 Exception <a 'java/io/FileNotFoundException'{0x00000007093656d8}> (0x00000007093656d8) 
thrown [s\open\src\hotspot\share\prims\jni.cpp, line 520]
Event: 26176.740 Thread 0x0000017b560353e0 Exception <a 'java/io/FileNotFoundException'{0x0000000709145f08}> (0x0000000709145f08) 
thrown [s\open\src\hotspot\share\prims\jni.cpp, line 520]
Event: 26180.428 Thread 0x0000017b513123d0 Exception <a 'java/lang/NoSuchMethodError'{0x000000070a3197f0}: static [B.<clinit>()V> (0x000000070a3197f0) 
thrown [s\open\src\hotspot\share\prims\jni.cpp, line 1111]

ZGC Phase Switch (0 events):
No events

VM Operations (20 events):
Event: 26179.698 Executing VM operation: get/set locals done
Event: 26179.699 Executing VM operation: get/set locals
Event: 26179.699 Executing VM operation: get/set locals done
Event: 26179.700 Executing VM operation: get/set locals
Event: 26179.700 Executing VM operation: get/set locals done
Event: 26189.569 Executing VM operation: HandshakeAllThreads (HandshakeForDeflation)
Event: 26189.569 Executing VM operation: HandshakeAllThreads (HandshakeForDeflation) done
Event: 26189.569 Executing VM operation: RendezvousGCThreads
Event: 26189.569 Executing VM operation: RendezvousGCThreads done
Event: 26249.390 Executing VM operation: G1CollectForAllocation (G1 Evacuation Pause)
Event: 26249.395 Executing VM operation: G1CollectForAllocation (G1 Evacuation Pause) done
Event: 26249.701 Executing VM operation: HandshakeAllThreads (HandshakeForDeflation)
Event: 26249.701 Executing VM operation: HandshakeAllThreads (HandshakeForDeflation) done
Event: 26249.701 Executing VM operation: RendezvousGCThreads
Event: 26249.701 Executing VM operation: RendezvousGCThreads done
Event: 26261.206 Executing VM operation: ChangeSingleStep
Event: 26261.206 Executing VM operation: ChangeSingleStep done
Event: 26261.207 Executing VM operation: ChangeSingleStep
Event: 26261.207 Executing VM operation: ChangeSingleStep done
Event: 26352.200 Executing VM operation: G1CollectForAllocation (G1 Evacuation Pause)

Events (20 events):
Event: 26176.756 Thread 0x0000017b075427b0 flushing nmethod 0x0000017b7cd76510
Event: 26176.756 Thread 0x0000017b075427b0 flushing nmethod 0x0000017b7b9d5a90
Event: 26176.756 Thread 0x0000017b075427b0 flushing nmethod 0x0000017b7ba12a90
Event: 26176.756 Thread 0x0000017b075427b0 flushing nmethod 0x0000017b7ba22c90
Event: 26176.756 Thread 0x0000017b075427b0 flushing nmethod 0x0000017b7ba74010
Event: 26176.756 Thread 0x0000017b075427b0 flushing nmethod 0x0000017b7bc99a90
Event: 26176.756 Thread 0x0000017b075427b0 flushing nmethod 0x0000017b7be97110
Event: 26176.756 Thread 0x0000017b075427b0 flushing nmethod 0x0000017b7c0c8310
Event: 26176.756 Thread 0x0000017b075427b0 flushing nmethod 0x0000017b7c1cd410
Event: 26176.756 Thread 0x0000017b075427b0 flushing nmethod 0x0000017b7c3eee90
Event: 26176.756 Thread 0x0000017b075427b0 flushing nmethod 0x0000017b7c7d0810
Event: 26176.756 Thread 0x0000017b075427b0 flushing nmethod 0x0000017b7cc76090
Event: 26176.796 Thread 0x0000017b50814910 Thread added: 0x0000017b50814910
Event: 26176.902 Thread 0x0000017b50c75060 Thread added: 0x0000017b50c75060
Event: 26180.426 Thread 0x0000017b077ac290 Thread exited: 0x0000017b077ac290
Event: 26182.358 Thread 0x0000017b50c75060 Thread exited: 0x0000017b50c75060
Event: 26185.433 Thread 0x0000017b077ae4a0 Thread exited: 0x0000017b077ae4a0
Event: 26190.442 Thread 0x0000017b077aeb70 Thread exited: 0x0000017b077aeb70
Event: 26190.442 Thread 0x0000017b077addd0 Thread exited: 0x0000017b077addd0
Event: 26195.450 Thread 0x0000017b077ad700 Thread exited: 0x0000017b077ad700


Dynamic libraries:
0x00007ff652a50000 - 0x00007ff652a60000 	C:\Program Files\Java\jdk-21\bin\javaw.exe
0x00007ffb99590000 - 0x00007ffb997a7000 	C:\WINDOWS\SYSTEM32\ntdll.dll
0x00007ffb97f40000 - 0x00007ffb98004000 	C:\WINDOWS\System32\KERNEL32.DLL
0x00007ffb96ef0000 - 0x00007ffb972a9000 	C:\WINDOWS\System32\KERNELBASE.dll
0x00007ffb96ce0000 - 0x00007ffb96df1000 	C:\WINDOWS\System32\ucrtbase.dll
0x00007ffb15400000 - 0x00007ffb1541b000 	C:\Program Files\Java\jdk-21\bin\VCRUNTIME140.dll
0x00007ffb15250000 - 0x00007ffb15269000 	C:\Program Files\Java\jdk-21\bin\jli.dll
0x00007ffb98030000 - 0x00007ffb980e2000 	C:\WINDOWS\System32\ADVAPI32.dll
0x00007ffb98a20000 - 0x00007ffb98ac7000 	C:\WINDOWS\System32\msvcrt.dll
0x00007ffb972b0000 - 0x00007ffb97357000 	C:\WINDOWS\System32\sechost.dll
0x00007ffb96e00000 - 0x00007ffb96e28000 	C:\WINDOWS\System32\bcrypt.dll
0x00007ffb976f0000 - 0x00007ffb97804000 	C:\WINDOWS\System32\RPCRT4.dll
0x00007ffb98510000 - 0x00007ffb986be000 	C:\WINDOWS\System32\USER32.dll
0x00007ffb96890000 - 0x00007ffb968b6000 	C:\WINDOWS\System32\win32u.dll
0x00007ffb984e0000 - 0x00007ffb98509000 	C:\WINDOWS\System32\GDI32.dll
0x00007ffb96930000 - 0x00007ffb96a4b000 	C:\WINDOWS\System32\gdi32full.dll
0x00007ffb8c140000 - 0x00007ffb8c3d2000 	C:\WINDOWS\WinSxS\amd64_microsoft.windows.common-controls_6595b64144ccf1df_6.0.22621.4391_none_2715d37f73803e96\COMCTL32.dll
0x00007ffb96a50000 - 0x00007ffb96aea000 	C:\WINDOWS\System32\msvcp_win.dll
0x00007ffb8f640000 - 0x00007ffb8f64a000 	C:\WINDOWS\SYSTEM32\VERSION.dll
0x00007ffb99510000 - 0x00007ffb99541000 	C:\WINDOWS\System32\IMM32.DLL
0x00007ffb72420000 - 0x00007ffb7242c000 	C:\Program Files\Java\jdk-21\bin\vcruntime140_1.dll
0x00007ffb13820000 - 0x00007ffb138ae000 	C:\Program Files\Java\jdk-21\bin\msvcp140.dll
0x00007ffb12b00000 - 0x00007ffb13818000 	C:\Program Files\Java\jdk-21\bin\server\jvm.dll
0x00007ffb99490000 - 0x00007ffb99501000 	C:\WINDOWS\System32\WS2_32.dll
0x00007ffb95720000 - 0x00007ffb9576d000 	C:\WINDOWS\SYSTEM32\POWRPROF.dll
0x00007ffb8f0b0000 - 0x00007ffb8f0e4000 	C:\WINDOWS\SYSTEM32\WINMM.dll
0x00007ffb95700000 - 0x00007ffb95713000 	C:\WINDOWS\SYSTEM32\UMPDC.dll
0x00007ffb959c0000 - 0x00007ffb959d8000 	C:\WINDOWS\SYSTEM32\kernel.appcore.dll
0x00007ffb71630000 - 0x00007ffb7163a000 	C:\Program Files\Java\jdk-21\bin\jimage.dll
0x00007ffb93ca0000 - 0x00007ffb93ed2000 	C:\WINDOWS\SYSTEM32\DBGHELP.DLL
0x00007ffb98150000 - 0x00007ffb984df000 	C:\WINDOWS\System32\combase.dll
0x00007ffb98740000 - 0x00007ffb98817000 	C:\WINDOWS\System32\OLEAUT32.dll
0x00007ffb8ae40000 - 0x00007ffb8ae72000 	C:\WINDOWS\SYSTEM32\dbgcore.DLL
0x00007ffb96c60000 - 0x00007ffb96cdb000 	C:\WINDOWS\System32\bcryptPrimitives.dll
0x00007ffb863f0000 - 0x00007ffb8642c000 	C:\Program Files\Java\jdk-21\bin\jdwp.dll
0x00007ffb8fde0000 - 0x00007ffb8fdef000 	C:\Program Files\Java\jdk-21\bin\instrument.dll
0x00007ffb12ae0000 - 0x00007ffb12aff000 	C:\Program Files\Java\jdk-21\bin\java.dll
0x00007ffb98bb0000 - 0x00007ffb99426000 	C:\WINDOWS\System32\SHELL32.dll
0x00007ffb947a0000 - 0x00007ffb950a3000 	C:\WINDOWS\SYSTEM32\windows.storage.dll
0x00007ffb94660000 - 0x00007ffb9479f000 	C:\WINDOWS\SYSTEM32\wintypes.dll
0x00007ffb98820000 - 0x00007ffb98919000 	C:\WINDOWS\System32\SHCORE.dll
0x00007ffb99430000 - 0x00007ffb9948e000 	C:\WINDOWS\System32\shlwapi.dll
0x00007ffb967c0000 - 0x00007ffb967eb000 	C:\WINDOWS\SYSTEM32\profapi.dll
0x00007ffb8fdd0000 - 0x00007ffb8fddc000 	C:\Program Files\Java\jdk-21\bin\dt_socket.dll
0x00007ffb95370000 - 0x00007ffb9539d000 	C:\WINDOWS\SYSTEM32\IPHLPAPI.DLL
0x00007ffb95e40000 - 0x00007ffb95ea9000 	C:\WINDOWS\system32\mswsock.dll
0x00007ffb953a0000 - 0x00007ffb954a2000 	C:\WINDOWS\SYSTEM32\DNSAPI.dll
0x00007ffb97360000 - 0x00007ffb97369000 	C:\WINDOWS\System32\NSI.dll
0x00007ffb8f4c0000 - 0x00007ffb8f4ca000 	C:\Windows\System32\rasadhlp.dll
0x00007ffb8d2e0000 - 0x00007ffb8d363000 	C:\WINDOWS\System32\fwpuclnt.dll
0x00007ffb12990000 - 0x00007ffb129a8000 	C:\Program Files\Java\jdk-21\bin\zip.dll
0x00007ffb71320000 - 0x00007ffb71330000 	C:\Program Files\Java\jdk-21\bin\net.dll
0x00007ffb90630000 - 0x00007ffb90766000 	C:\WINDOWS\SYSTEM32\WINHTTP.dll
0x00007ffb129b0000 - 0x00007ffb129c6000 	C:\Program Files\Java\jdk-21\bin\nio.dll
0x00007ffb83c70000 - 0x00007ffb83c7a000 	C:\Program Files\Java\jdk-21\bin\management.dll
0x00007ffb83c60000 - 0x00007ffb83c6b000 	C:\Program Files\Java\jdk-21\bin\management_ext.dll
0x00007ffb976e0000 - 0x00007ffb976e8000 	C:\WINDOWS\System32\PSAPI.DLL
0x00007ffb8cde0000 - 0x00007ffb8cdf7000 	C:\WINDOWS\system32\napinsp.dll
0x00007ffb8cd70000 - 0x00007ffb8cd8b000 	C:\WINDOWS\system32\pnrpnsp.dll
0x00007ffb8ccf0000 - 0x00007ffb8cd01000 	C:\WINDOWS\System32\winrnr.dll
0x00007ffb8ccd0000 - 0x00007ffb8cce5000 	C:\WINDOWS\system32\wshbth.dll
0x00007ffb8cca0000 - 0x00007ffb8ccc7000 	C:\WINDOWS\system32\nlansp_c.dll
0x00007ffb960a0000 - 0x00007ffb960bb000 	C:\WINDOWS\SYSTEM32\CRYPTSP.dll
0x00007ffb95920000 - 0x00007ffb95955000 	C:\WINDOWS\system32\rsaenh.dll
0x00007ffb95f30000 - 0x00007ffb95f58000 	C:\WINDOWS\SYSTEM32\USERENV.dll
0x00007ffb96090000 - 0x00007ffb9609c000 	C:\WINDOWS\SYSTEM32\CRYPTBASE.dll
0x00007ffb6a730000 - 0x00007ffb6a739000 	C:\Program Files\Java\jdk-21\bin\extnet.dll
0x00007ffb86b40000 - 0x00007ffb86b50000 	C:\Program Files\Java\jdk-21\bin\verify.dll
0x00007ffb6ad90000 - 0x00007ffb6ad9e000 	C:\Program Files\Java\jdk-21\bin\sunmscapi.dll
0x00007ffb96af0000 - 0x00007ffb96c56000 	C:\WINDOWS\System32\CRYPT32.dll
0x00007ffb96230000 - 0x00007ffb9625d000 	C:\WINDOWS\SYSTEM32\ncrypt.dll
0x00007ffb961f0000 - 0x00007ffb96227000 	C:\WINDOWS\SYSTEM32\NTASN1.dll
0x00007ffb67b00000 - 0x00007ffb67b08000 	C:\WINDOWS\system32\wshunix.dll

dbghelp: loaded successfully - version: 4.0.5 - missing functions: none
symbol engine: initialized successfully - sym options: 0x614 - pdb path: .;C:\Program Files\Java\jdk-21\bin;C:\WINDOWS\SYSTEM32;C:\WINDOWS\WinSxS\amd64_microsoft.windows.common-controls_6595b64144ccf1df_6.0.22621.4391_none_2715d37f73803e96;C:\Program Files\Java\jdk-21\bin\server

VM Arguments:
jvm_args: -XX:+ShowCodeDetailsInExceptionMessages -agentlib:jdwp=transport=dt_socket,suspend=y,address=localhost:61272 -Dcom.sun.management.jmxremote -Dcom.sun.management.jmxremote.port=61271 -Dcom.sun.management.jmxremote.authenticate=false -Dcom.sun.management.jmxremote.ssl=false -Djava.rmi.server.hostname=localhost -Dspring.jmx.enabled=true -Dmanagement.endpoints.jmx.exposure.include=* -Dspring.application.admin.enabled=true -XX:TieredStopAtLevel=1 -Dspring.boot.project.name=SAUI-SpringBootWebAplication -javaagent:C:\Users\ricar\eclipse\jee-2024-09\eclipse\configuration\org.eclipse.osgi\446\0\.cp\lib\javaagent-shaded.jar -Dfile.encoding=UTF-8 -Dstdout.encoding=UTF-8 -Dstderr.encoding=UTF-8 
java_command: com.unu.app.SauiSpringBootWebAplicationApplication --spring.output.ansi.enabled=always
java_class_path (initial): C:\Users\ricar\eclipse-workspace\SAUI-SpringBootWebAplication\target\classes;C:\Users\ricar\OneDrive\Desktop\mysql-connector-j-9.0.0.jar;C:\Users\ricar\.m2\repository\org\springframework\boot\spring-boot-starter-tomcat\3.4.0\spring-boot-starter-tomcat-3.4.0.jar;C:\Users\ricar\.m2\repository\jakarta\annotation\jakarta.annotation-api\2.1.1\jakarta.annotation-api-2.1.1.jar;C:\Users\ricar\.m2\repository\org\apache\tomcat\embed\tomcat-embed-core\10.1.33\tomcat-embed-core-10.1.33.jar;C:\Users\ricar\.m2\repository\org\apache\tomcat\embed\tomcat-embed-el\10.1.33\tomcat-embed-el-10.1.33.jar;C:\Users\ricar\.m2\repository\org\apache\tomcat\embed\tomcat-embed-websocket\10.1.33\tomcat-embed-websocket-10.1.33.jar;C:\Users\ricar\.m2\repository\org\springframework\boot\spring-boot-starter-data-jpa\3.4.0\spring-boot-starter-data-jpa-3.4.0.jar;C:\Users\ricar\.m2\repository\org\springframework\boot\spring-boot-starter\3.4.0\spring-boot-starter-3.4.0.jar;C:\Users\ricar\.m2\repository\org\springframework\boot\spring-boot-starter-logging\3.4.0\spring-boot-starter-logging-3.4.0.jar;C:\Users\ricar\.m2\repository\ch\qos\logback\logback-classic\1.5.12\logback-classic-1.5.12.jar;C:\Users\ricar\.m2\repository\ch\qos\logback\logback-core\1.5.12\logback-core-1.5.12.jar;C:\Users\ricar\.m2\repository\org\apache\logging\log4j\log4j-to-slf4j\2.24.1\log4j-to-slf4j-2.24.1.jar;C:\Users\ricar\.m2\repository\org\apache\logging\log4j\log4j-api\2.24.1\log4j-api-2.24.1.jar;C:\Users\ricar\.m2\repository\org\slf4j\jul-to-slf4j\2.0.16\jul-to-slf4j-2.0.16.jar;C:\Users\ricar\.m2\repository\org\yaml\snakeyaml\2.3\snakeyaml-2.3.jar;C:\Users\ricar\.m2\repository\org\springframework\boot\spring-boot-starter-jdbc\3.4.0\spring-boot-starter-jdbc-3.4.0.jar;C:\Users\ricar\.m2\repository\com\zaxxer\HikariCP\5.1.0\HikariCP-5.1.0.jar;C:\Users\ricar\.m2\repository\org\springframework\spring-jdbc\6.2.0\spring-jdbc-6.2.0.jar;C:\Users\ricar\.m2\repository\org\hibernate\orm\hibernate-core\6.6.2.Final\hibernate-core-6.6.2.Final.jar;C:\Users\ricar\.m2\repository\jakarta\persistence\jakarta.persistence-api\3.1.0\jakarta.persistence-api-3.1.0.jar;C:\Users\ricar\.m2\repository\jakarta\transaction\jakarta.transaction-api\2.0.1\jakarta.transaction-api-2.0.1.jar;C:\Users\ricar\.m2\repository\org\jboss\logging\jboss-logging\3.6.1.Final\jboss-logging-3.6.1.Final.jar;C:\Users\ricar\.m2\repository\org\hibernate\common\hibernate-commons-annotations\7.0.3.Final\hibernate-commons-annotations-7.0.3.Final.jar;C:\Users\ricar\.m2\repository\io\smallrye\jandex\3.2.0\jandex-3.2.0.jar;C:\Users\ricar\.m2\repository\com\fasterxml\classmate\1.7.0\classmate-1.7.0.jar;C:\Users\ricar\.m2\repository\net\bytebuddy\byte-buddy\1.15.10\byte-buddy-1.15.10.jar;C:\Users\ricar\.m2\repository\org\glassfish\jaxb\jaxb-runtime\4.0.5\jaxb-runtime-4.0.5.jar;C:\Users\ricar\.m2\repository\org\glassfish\jaxb\jaxb-core\4.0.5\jaxb-core-4.0.5.jar;C:\Users\ricar\.m2\repository\org\eclipse\angus\angus-activation\2.0.2\angus-activation-2.0.2.jar;C:\Users\ricar\.m2\repository\org\glassfish\jaxb\txw2\4.0.5\txw2-4.0.5.jar;C:\Users\ricar\.m2\repository\com\sun\istack\istack-commons-runtime\4.1.2\istack-commons-runtime-4.1.2.jar;C:\Users\ricar\.m2\repository\jakarta\inject\jakarta.inject-api\2.0.1\jakarta.inject-api-2.0.1.jar;C:\Users\ricar\.m2\repository\org\antlr\antlr4-runtime\4.13.0\antlr4-runtime-4.13.0.jar;C:\Users\ricar\.m2\repository\org\springframework\data\spring-data-jpa\3.4.0\spring-data-jpa-3.4.0.jar;C:\Users\ricar\.m2\repository\org\springframework\data\spring-data-commons\3.4.0\spring-data-commons-3.4.0.jar;C:\Users\ricar\.m2\repository\org\springframework\spring-orm\6.2.0\spring-orm-6.2.0.jar;C:\Users\ricar\.m2\repository\org\springframework\spring-context\6.2.0\spring-context-6.2.0.jar;C:\Users\ricar\.m2\repository\org\springframework\spring-aop\6.2.0\spring-aop-6.2.0.jar;C:\Users\ricar\.m2\repository\org\springframework\spring-tx\6.2.0\spring-tx-6.2.0.jar;C:\Users\ricar\.m2\repository\org\springframework\spring-beans\6.2.0\spring-beans-6.2.0.jar;C:\Users\ricar\.m2\repository\org\slf4j\slf4j-api\2.0.16\slf4j-api-2.0.16.jar;C:\Users\ricar\.m2\repository\org\springframework\spring-aspects\6.2.0\spring-aspects-6.2.0.jar;C:\Users\ricar\.m2\repository\org\aspectj\aspectjweaver\1.9.22.1\aspectjweaver-1.9.22.1.jar;C:\Users\ricar\.m2\repository\org\springframework\boot\spring-boot-starter-thymeleaf\3.4.0\spring-boot-starter-thymeleaf-3.4.0.jar;C:\Users\ricar\.m2\repository\org\thymeleaf\thymeleaf-spring6\3.1.2.RELEASE\thymeleaf-spring6-3.1.2.RELEASE.jar;C:\Users\ricar\.m2\repository\org\thymeleaf\thymeleaf\3.1.2.RELEASE\thymeleaf-3.1.2.RELEASE.jar;C:\Users\ricar\.m2\repository\org\attoparser\attoparser\2.0.7.RELEASE\attoparser-2.0.7.RELEASE.jar;C:\Users\ricar\.m2\repository\org\unbescape\unbescape\1.1.6.RELEASE\unbescape-1.1.6.RELEASE.jar;C:\Users\ricar\.m2\repository\org\springframework\boot\spring-boot-starter-web\3.4.0\spring-boot-starter-web-3.4.0.jar;C:\Users\ricar\.m2\repository\org\springframework\boot\spring-boot-starter-json\3.4.0\spring-boot-starter-json-3.4.0.jar;C:\Users\ricar\.m2\repository\com\fasterxml\jackson\core\jackson-databind\2.18.1\jackson-databind-2.18.1.jar;C:\Users\ricar\.m2\repository\com\fasterxml\jackson\core\jackson-annotations\2.18.1\jackson-annotations-2.18.1.jar;C:\Users\ricar\.m2\repository\com\fasterxml\jackson\core\jackson-core\2.18.1\jackson-core-2.18.1.jar;C:\Users\ricar\.m2\repository\com\fasterxml\jackson\datatype\jackson-datatype-jdk8\2.18.1\jackson-datatype-jdk8-2.18.1.jar;C:\Users\ricar\.m2\repository\com\fasterxml\jackson\datatype\jackson-datatype-jsr310\2.18.1\jackson-datatype-jsr310-2.18.1.jar;C:\Users\ricar\.m2\repository\com\fasterxml\jackson\module\jackson-module-parameter-names\2.18.1\jackson-module-parameter-names-2.18.1.jar;C:\Users\ricar\.m2\repository\org\springframework\spring-web\6.2.0\spring-web-6.2.0.jar;C:\Users\ricar\.m2\repository\io\micrometer\micrometer-observation\1.14.1\micrometer-observation-1.14.1.jar;C:\Users\ricar\.m2\repository\io\micrometer\micrometer-commons\1.14.1\micrometer-commons-1.14.1.jar;C:\Users\ricar\.m2\repository\org\springframework\spring-webmvc\6.2.0\spring-webmvc-6.2.0.jar;C:\Users\ricar\.m2\repository\org\springframework\spring-expression\6.2.0\spring-expression-6.2.0.jar;C:\Users\ricar\.m2\repository\org\springframework\boot\spring-boot-devtools\3.4.0\spring-boot-devtools-3.4.0.jar;C:\Users\ricar\.m2\repository\org\springframework\boot\spring-boot\3.4.0\spring-boot-3.4.0.jar;C:\Users\ricar\.m2\repository\org\springframework\boot\spring-boot-autoconfigure\3.4.0\spring-boot-autoconfigure-3.4.0.jar;C:\Users\ricar\.m2\repository\org\projectlombok\lombok\1.18.36\lombok-1.18.36.jar;C:\Users\ricar\.m2\repository\jakarta\xml\bind\jakarta.xml.bind-api\4.0.2\jakarta.xml.bind-api-4.0.2.jar;C:\Users\ricar\.m2\repository\jakarta\activation\jakarta.activation-api\2.1.3\jakarta.activation-api-2.1.3.jar;C:\Users\ricar\.m2\repository\org\springframework\spring-core\6.2.0\spring-core-6.2.0.jar;C:\Users\ricar\.m2\repository\org\springframework\spring-jcl\6.2.0\spring-jcl-6.2.0.jar
Launcher Type: SUN_STANDARD

[Global flags]
     intx CICompilerCount                          = 12                                        {product} {ergonomic}
     uint ConcGCThreads                            = 3                                         {product} {ergonomic}
     uint G1ConcRefinementThreads                  = 13                                        {product} {ergonomic}
   size_t G1HeapRegionSize                         = 2097152                                   {product} {ergonomic}
    uintx GCDrainStackTargetSize                   = 64                                        {product} {ergonomic}
   size_t InitialHeapSize                          = 264241152                                 {product} {ergonomic}
     bool ManagementServer                         = true                                      {product} {command line}
   size_t MarkStackSize                            = 4194304                                   {product} {ergonomic}
   size_t MaxHeapSize                              = 4217372672                                {product} {ergonomic}
   size_t MaxNewSize                               = 2529165312                                {product} {ergonomic}
   size_t MinHeapDeltaBytes                        = 2097152                                   {product} {ergonomic}
   size_t MinHeapSize                              = 8388608                                   {product} {ergonomic}
    uintx NonNMethodCodeHeapSize                   = 4096                                   {pd product} {ergonomic}
    uintx NonProfiledCodeHeapSize                  = 0                                      {pd product} {ergonomic}
     bool ProfileInterpreter                       = false                                  {pd product} {command line}
    uintx ProfiledCodeHeapSize                     = 0                                      {pd product} {ergonomic}
     bool ShowCodeDetailsInExceptionMessages       = true                                   {manageable} {command line}
   size_t SoftMaxHeapSize                          = 4217372672                             {manageable} {ergonomic}
     intx TieredStopAtLevel                        = 1                                         {product} {command line}
     bool UseCompressedOops                        = true                           {product lp64_product} {ergonomic}
     bool UseG1GC                                  = true                                      {product} {ergonomic}
     bool UseLargePagesIndividualAllocation        = false                                  {pd product} {ergonomic}

Logging:
Log output configuration:
 #0: stdout all=warning uptime,level,tags foldmultilines=false
 #1: stderr all=off uptime,level,tags foldmultilines=false

Environment Variables:
PATH=C:\Program Files\Rockwell Software\RSCommon;C:\Program Files\Common Files\Oracle\Java\javapath;C:\Program Files (x86)\Common Files\Oracle\Java\java8path;C:\Program Files (x86)\Common Files\Oracle\Java\javapath;C:\Program Files\Microsoft MPI\Bin\;C:\Windows\system32;C:\Windows;C:\Windows\System32\Wbem;C:\Windows\System32\WindowsPowerShell\v1.0\;C:\Windows\System32\OpenSSH\;C:\Program Files (x86)\NVIDIA Corporation\PhysX\Common;C:\WINDOWS\system32;C:\WINDOWS;C:\WINDOWS\System32\Wbem;C:\WINDOWS\System32\WindowsPowerShell\v1.0\;C:\WINDOWS\System32\OpenSSH\;C:\Program Files\Microsoft SQL Server\Client SDK\ODBC\110\Tools\Binn\;C:\Program Files (x86)\Microsoft SQL Server\160\Tools\Binn\;C:\Program Files\Microsoft SQL Server\160\Tools\Binn\;C:\Program Files\Microsoft SQL Server\Client SDK\ODBC\170\Tools\Binn\;C:\Program Files\Microsoft SQL Server\160\DTS\Binn\;C:\Program Files (x86)\Microsoft SQL Server\160\DTS\Binn\;C:\Program Files\dotnet\;C:\Program Files\NVIDIA Corporation\NVIDIA app\NvDLISR;C:\Program Files\Git\cmd;C:\Program Files\nodejs\;C:\ProgramData\chocolatey\bin;C:\Users\ricar\OneDrive\Desktop\sqljdbc_12.6\enu\auth\x64\mssql-jdbc_auth-12.6.3.x64.dll;C:\apache-maven-3.9.8\bin;C:\ProgramData\ricar\GitHubDesktop\bin;C:\Users\ricar\AppData\Roaming\npm
USERNAME=ricar
OS=Windows_NT
PROCESSOR_IDENTIFIER=Intel64 Family 6 Model 186 Stepping 2, GenuineIntel
TMP=C:\Users\ricar\AppData\Local\Temp
TEMP=C:\Users\ricar\AppData\Local\Temp




Periodic native trim disabled

---------------  S Y S T E M  ---------------

OS:
 Windows 11 , 64 bit Build 22621 (10.0.22621.4391)
OS uptime: 14 days 5:02 hours
Hyper-V role detected

CPU: total 16 (initial active 16) (8 cores per cpu, 2 threads per core) family 6 model 186 stepping 2 microcode 0x410e, cx8, cmov, fxsr, ht, mmx, 3dnowpref, sse, sse2, sse3, ssse3, sse4.1, sse4.2, popcnt, lzcnt, tsc, tscinvbit, avx, avx2, aes, erms, clmul, bmi1, bmi2, adx, sha, fma, vzeroupper, clflush, clflushopt, clwb, hv, serialize, rdtscp, rdpid, fsrm, f16c, cet_ibt, cet_ss
Processor Information for all 16 processors :
  Max Mhz: 2400, Current Mhz: 2400, Mhz Limit: 2400

Memory: 4k page, system-wide physical 16087M (4521M free)
TotalPageFile size 20456M (AvailPageFile size 3624M)
current process WorkingSet (physical memory assigned to process): 297M, peak: 346M
current process commit charge ("private bytes"): 388M, peak: 431M

vm_info: Java HotSpot(TM) 64-Bit Server VM (21.0.5+9-LTS-239) for windows-amd64 JRE (21.0.5+9-LTS-239), built on 2024-09-30T05:17:38Z by "mach5one" with MS VC++ 17.6 (VS2022)

END.
