#
# A fatal error has been detected by the Java Runtime Environment:
#
#  EXCEPTION_ACCESS_VIOLATION (0xc0000005) at pc=0x000002082dc50fa4, pid=23240, tid=13532
#
# JRE version: Java(TM) SE Runtime Environment (21.0.5+9) (build 21.0.5+9-LTS-239)
# Java VM: Java HotSpot(TM) 64-Bit Server VM (21.0.5+9-LTS-239, mixed mode, emulated-client, sharing, tiered, compressed oops, compressed class ptrs, g1 gc, windows-amd64)
# Problematic frame:
# v  ~BufferBlob::MethodHandles adapters 0x000002082dc50fa4
#
# No core dump will be written. Minidumps are not enabled by default on client versions of Windows
#
# If you would like to submit a bug report, please visit:
#   https://bugreport.java.com/bugreport/crash.jsp
#

---------------  S U M M A R Y ------------

Command Line: -XX:+ShowCodeDetailsInExceptionMessages -agentlib:jdwp=transport=dt_socket,suspend=y,address=localhost:54721 -Dcom.sun.management.jmxremote -Dcom.sun.management.jmxremote.port=54720 -Dcom.sun.management.jmxremote.authenticate=false -Dcom.sun.management.jmxremote.ssl=false -Djava.rmi.server.hostname=localhost -Dspring.jmx.enabled=true -Dmanagement.endpoints.jmx.exposure.include=* -Dspring.application.admin.enabled=true -XX:TieredStopAtLevel=1 -Dspring.boot.project.name=SAUI-SpringBootWebAplication -javaagent:C:\Users\ricar\eclipse\jee-2024-09\eclipse\configuration\org.eclipse.osgi\446\0\.cp\lib\javaagent-shaded.jar -Dfile.encoding=UTF-8 -Dstdout.encoding=UTF-8 -Dstderr.encoding=UTF-8 com.unu.app.SauiSpringBootWebAplicationApplication --spring.output.ansi.enabled=always

Host: 13th Gen Intel(R) Core(TM) i7-13620H, 16 cores, 15G,  Windows 11 , 64 bit Build 22621 (10.0.22621.4391)
Time: Mon Jan 13 00:10:59 2025 Hora est. Pacífico, Sudamérica elapsed time: 1682.242448 seconds (0d 0h 28m 2s)

---------------  T H R E A D  ---------------

Current thread (0x0000020802cc26d0):  JavaThread "http-nio-8080-exec-5" daemon [_thread_in_Java, id=13532, stack(0x0000000ffaf00000,0x0000000ffb000000) (1024K)]

Stack: [0x0000000ffaf00000,0x0000000ffb000000],  sp=0x0000000ffaff9ba8,  free space=998k
Native frames: (J=compiled Java code, j=interpreted, Vv=VM code, C=native code)
C  0x000002082dc50fa4

The last pc belongs to _linkToVirtual (printed below).

siginfo: EXCEPTION_ACCESS_VIOLATION (0xc0000005), reading address 0xffffffffffffffff


Registers:
RAX=0x000002082dc2958b, RBX=0x000000070d5d63a0, RCX=0x0000000ffaff9bb8, RDX=0x0000000000000003
RSP=0x0000000ffaff9ba8, RBP=0x0000000ffaff9c00, RSI=0x000002087f4d4828, RDI=0x000002080708efa0
R8 =0x0000000000000004, R9 =0x0000000000000004, R10=0x00000208b5b34273, R11=0xe09a3e32e1aba738
R12=0x0000000000000000, R13=0x0000000ffaff9ba8, R14=0x0000000ffaff9c28, R15=0x0000020802cc26d0
RIP=0x000002082dc50fa4, EFLAGS=0x0000000000010202


Register to memory mapping:

RAX=0x000002082dc2958b is at code_begin+4363 in an Interpreter codelet
return entry points  [0x000002082dc28480, 0x000002082dc2a298]  7704 bytes
RBX=0x000000070d5d63a0 is an oop: com.unu.app.entity.Usuario 
{0x000000070d5d63a0} - klass: 'com/unu/app/entity/Usuario'
 - ---- fields (total size 7 words):
 - private 'id' 'I' @12  0 (0x00000000)
 - private 'usuario' 'Ljava/lang/String;' @16  "asdasdasd"{0x000000070d5d39c0} (0xe1aba738)
 - private 'nombre' 'Ljava/lang/String;' @20  ""{0x0000000704d1f190} (0xe09a3e32)
 - private 'apellido' 'Ljava/lang/String;' @24  ""{0x0000000704d1f190} (0xe09a3e32)
 - private 'correo' 'Ljava/lang/String;' @28  ""{0x0000000704d1f190} (0xe09a3e32)
 - private 'telefono' 'Ljava/lang/String;' @32  ""{0x0000000704d1f190} (0xe09a3e32)
 - private 'direccion' 'Ljava/lang/String;' @36  ""{0x0000000704d1f190} (0xe09a3e32)
 - private 'contrasenia' 'Ljava/lang/String;' @40  "asdasdasd"{0x000000070d5d3bb8} (0xe1aba777)
 - private 'rol' 'Lcom/unu/app/entity/Usuario$Role;' @44  a 'com/unu/app/entity/Usuario$Role'{0x0000000709e79dc8} (0xe13cf3b9)
 - private 'fecha_registro' 'Ljava/time/LocalDateTime;' @48  a 'java/time/LocalDateTime'{0x000000070d5d6468} (0xe1abac8d)
RCX=0x0000000ffaff9bb8 is pointing into the stack for thread: 0x0000020802cc26d0
RDX=0x0000000000000003 is an unknown value
RSP=0x0000000ffaff9ba8 is pointing into the stack for thread: 0x0000020802cc26d0
RBP=0x0000000ffaff9c00 is pointing into the stack for thread: 0x0000020802cc26d0
RSI=0x000002087f4d4828 points into unknown readable memory: 0x88001a008b33252e | 2e 25 33 8b 00 1a 00 88
RDI=0x000002080708efa0 points into unknown readable memory: 0x0000002000000070 | 70 00 00 00 20 00 00 00
R8 =0x0000000000000004 is an unknown value
R9 =0x0000000000000004 is an unknown value
R10=0x00000208b5b34273 is an unknown value
R11=0xe09a3e32e1aba738 is an unknown value
R12=0x0 is null
R13=0x0000000ffaff9ba8 is pointing into the stack for thread: 0x0000020802cc26d0
R14=0x0000000ffaff9c28 is pointing into the stack for thread: 0x0000020802cc26d0
R15=0x0000020802cc26d0 is a thread

Top of Stack: (sp=0x0000000ffaff9ba8)
0x0000000ffaff9ba8:   000002082dc2958b 0000000709953e00
0x0000000ffaff9bb8:   0000000ffaff9bb8 000002087bb34273
0x0000000ffaff9bc8:   0000000000000005 000002087bb343c0
0x0000000ffaff9bd8:   00000208020a0101 00000007053cda00
0x0000000ffaff9be8:   000002087bb34280 0000000ffaff9ba8
0x0000000ffaff9bf8:   0000000ffaff9c30 0000000ffaff9f60
0x0000000ffaff9c08:   000002082f0ca8b7 000000070d315e90
0x0000000ffaff9c18:   000000070d5d63a0 0000000709953e00
0x0000000ffaff9c28:   000000070d315ff8 0000000709e8fdc0
0x0000000ffaff9c38:   000002082de6e21e 000000070d315d50
0x0000000ffaff9c48:   0000000709e8fdc0 000000070d316308
0x0000000ffaff9c58:   0000000709953e00 000000070d3162b8
0x0000000ffaff9c68:   000000070d5d63a0 000000070d5d63a0
0x0000000ffaff9c78:   000000070d3161c0 000000070d315ff8
0x0000000ffaff9c88:   0000000709953e00 000002082f0ca7d4
0x0000000ffaff9c98:   000002082de2fa9e 0000000ffaff9f60
0x0000000ffaff9ca8:   000002082e8222aa 000002082f4056c4
0x0000000ffaff9cb8:   000002082f405490 000000070d315d50
0x0000000ffaff9cc8:   0000000705de5148 0000000ffaffcd80
0x0000000ffaff9cd8:   00007ffad04c0968 0000000ffaffcc88
0x0000000ffaff9ce8:   0000000ffaffcc8c 0000000ffaffcc80
0x0000000ffaff9cf8:   0000000ffaffcc84 0000000ffaff9f60
0x0000000ffaff9d08:   000002082e04f34c 0000000ffaffcc70
0x0000000ffaff9d18:   0000000ffaff8a40 0000000000000001
0x0000000ffaff9d28:   0000000000000c00 0000000000000000
0x0000000ffaff9d38:   0000000000000000 0000000000000000
0x0000000ffaff9d48:   0000000000000000 0000000000000000
0x0000000ffaff9d58:   0000000000000000 000000070d316338
0x0000000ffaff9d68:   000000070d5d5fc8 0000000709953e00
0x0000000ffaff9d78:   000002082ec5ce00 0000020802cc26d0
0x0000000ffaff9d88:   0000000709b06838 0000000705de5148
0x0000000ffaff9d98:   0000000709e8fdc0 0000000709e8fdc0 

Instructions: (pc=0x000002082dc50fa4)
0x000002082dc50ea4:   08 02 00 00 00 0f c5 2d 08 02 00 00 80 1f c5 2d
0x000002082dc50eb4:   08 02 00 00 f0 0e c5 2d 08 02 00 00 f0 0e c5 2d
0x000002082dc50ec4:   08 02 00 00 00 00 00 00 00 00 00 00 10 3f 7d d0
0x000002082dc50ed4:   fa 7f 00 00 f0 10 00 00 60 00 00 00 ff ff ff ff
0x000002082dc50ee4:   f0 10 00 00 00 00 00 00 00 00 00 00 00 00 00 00
0x000002082dc50ef4:   00 00 00 00 00 00 00 00 00 00 00 00 f4 66 66 66
0x000002082dc50f04:   0f 1f 84 00 00 00 00 00 66 66 66 90 66 66 66 0f
0x000002082dc50f14:   1f 84 00 00 00 00 00 66 66 66 90 90 48 8b 53 08
0x000002082dc50f24:   0f b7 52 2e 48 8b 0c d4 8b 59 14 48 c1 e3 03 8b
0x000002082dc50f34:   5b 28 48 c1 e3 03 8b 5b 24 48 c1 e3 03 48 8b 5b
0x000002082dc50f44:   10 48 85 db 0f 84 10 00 00 00 41 80 bf d8 05 00
0x000002082dc50f54:   00 00 74 03 ff 63 38 ff 63 50 e9 9d 16 00 00 66
0x000002082dc50f64:   66 66 0f 1f 84 00 00 00 00 00 66 66 66 90 66 66
0x000002082dc50f74:   0f 1f 84 00 00 00 00 00 66 66 66 90 48 8b 53 08
0x000002082dc50f84:   0f b7 52 2e 48 8b 0c d4 58 5b 50 44 8b 51 08 49
0x000002082dc50f94:   bb 00 00 00 3a 08 02 00 00 4d 03 d3 4c 8b 5b 10
0x000002082dc50fa4:   4b 8b 9c da c0 01 00 00 48 85 db 0f 84 10 00 00
0x000002082dc50fb4:   00 41 80 bf d8 05 00 00 00 74 03 ff 63 38 ff 63
0x000002082dc50fc4:   50 e9 36 16 00 00 66 66 66 0f 1f 84 00 00 00 00
0x000002082dc50fd4:   00 66 66 66 90 0f 1f 80 00 00 00 00 58 5b 50 8b
0x000002082dc50fe4:   5b 24 48 c1 e3 03 48 8b 5b 10 48 85 db 0f 84 10
0x000002082dc50ff4:   00 00 00 41 80 bf d8 05 00 00 00 74 03 ff 63 38
0x000002082dc51004:   ff 63 50 e9 f4 15 00 00 66 66 66 0f 1f 84 00 00
0x000002082dc51014:   00 00 00 66 66 66 90 0f 1f 44 00 00 48 8b 53 08
0x000002082dc51024:   0f b7 52 2e 48 8b 0c d4 58 5b 50 48 3b 01 8b 5b
0x000002082dc51034:   24 48 c1 e3 03 48 8b 5b 10 48 85 db 0f 84 10 00
0x000002082dc51044:   00 00 41 80 bf d8 05 00 00 00 74 03 ff 63 38 ff
0x000002082dc51054:   63 50 e9 a5 15 00 00 0f 1f 44 00 00 48 8b 53 08
0x000002082dc51064:   0f b7 52 2e 48 8b 0c d4 58 5b 50 44 8b 51 08 49
0x000002082dc51074:   bb 00 00 00 3a 08 02 00 00 4d 03 d3 8b 43 18 48
0x000002082dc51084:   c1 e0 03 48 8b 40 10 48 8b 5b 10 45 8b 9a a0 00
0x000002082dc51094:   00 00 4f 8d 9c da c0 01 00 00 4d 8d 14 da 49 8b 


Stack slot to memory mapping:

stack at sp + 0 slots: 0x000002082dc2958b is at code_begin+4363 in an Interpreter codelet
return entry points  [0x000002082dc28480, 0x000002082dc2a298]  7704 bytes
stack at sp + 1 slots: 0x0000000709953e00 is an oop: com.unu.app.controller.SesionController 
{0x0000000709953e00} - klass: 'com/unu/app/controller/SesionController'
 - ---- fields (total size 2 words):
 - private 'usuarioService' 'Lcom/unu/app/service/UsuarioService;' @12  a 'com/unu/app/service/Impl/UsuarioServiceImpl'{0x0000000709953e10} (0xe132a7c2)
stack at sp + 2 slots: 0x0000000ffaff9bb8 is pointing into the stack for thread: 0x0000020802cc26d0
stack at sp + 3 slots: 0x000002087bb34273 is pointing into metadata
stack at sp + 4 slots: 0x0000000000000005 is an unknown value
stack at sp + 5 slots: 0x000002087bb343c0 is pointing into metadata
stack at sp + 6 slots: 0x00000208020a0101 points into unknown readable memory: 69 6d 65 2f 61 74 6e
stack at sp + 7 slots: 0x00000007053cda00 is an oop: java.lang.Class 
{0x00000007053cda00} - klass: 'java/lang/Class'
 - ---- fields (total size 15 words):
 - private volatile transient 'classRedefinedCount' 'I' @12  0 (0x00000000)
 - injected 'klass' 'J' @16  2234374651904 (0x000002083b1b8000)
 - injected 'array_klass' 'J' @24  0 (0x0000000000000000)
 - injected 'oop_size' 'I' @32  15 (0x0000000f)
 - injected 'static_oop_field_count' 'I' @36  1 (0x00000001)
 - private volatile transient 'cachedConstructor' 'Ljava/lang/reflect/Constructor;' @40  null (0x00000000)
 - private transient 'name' 'Ljava/lang/String;' @44  null (0x00000000)
 - private transient 'module' 'Ljava/lang/Module;' @48  a 'java/lang/Module'{0x0000000704d47460} (0xe09a8e8c)
 - private final 'classLoader' 'Ljava/lang/ClassLoader;' @52  null (0x00000000)
 - private transient 'classData' 'Ljava/lang/Object;' @56  a 'java/lang/invoke/LambdaForm'{0x00000007053d42c8} => a 'java/lang/invoke/MemberName'{0x00000007053d43f8} = {method} {0x000002087bb34288} 'invokeVirtual' '(Ljava/lang/Object;Ljava/lang/Object;Ljava/lang/Object;)Ljava/lang/Object;' in 'java/lang/invoke/LambdaForm$DMH+0x000002083b1b8000' (0xe0a7a859)
 - private transient 'packageName' 'Ljava/lang/String;' @60  null (0x00000000)
 - private final 'componentType' 'Ljava/lang/Class;' @64  null (0x00000000)
 - private volatile transient 'reflectionData' 'Ljava/lang/ref/SoftReference;' @68  null (0x00000000)
 - private volatile transient 'genericInfo' 'Lsun/reflect/generics/repository/ClassRepository;' @72  null (0x00000000)
 - private volatile transient 'enumConstants' '[Ljava/lang/Object;' @76  null (0x00000000)
 - private volatile transient 'enumConstantDirectory' 'Ljava/util/Map;' @80  null (0x00000000)
 - private volatile transient 'annotationData' 'Ljava/lang/Class$AnnotationData;' @84  null (0x00000000)
 - private volatile transient 'annotationType' 'Lsun/reflect/annotation/AnnotationType;' @88  null (0x00000000)
 - transient 'classValueMap' 'Ljava/lang/ClassValue$ClassValueMap;' @92  null (0x00000000)
 - injected 'protection_domain' 'Ljava/lang/Object;' @96  null (0x00000000)
 - injected 'signers_name' 'Ljava/lang/Object;' @100  null (0x00000000)
 - injected 'source_file' 'Ljava/lang/Object;' @104  null (0x00000000)
 - signature: Ljava/lang/invoke/LambdaForm$DMH+0x000002083b1b8000;
 - ---- static fields (1):
 - static final '_D_0' 'Ljava/lang/invoke/LambdaForm;' @112  a 'java/lang/invoke/LambdaForm'{0x00000007053d42c8} => a 'java/lang/invoke/MemberName'{0x00000007053d43f8} = {method} {0x000002087bb34288} 'invokeVirtual' '(Ljava/lang/Object;Ljava/lang/Object;Ljava/lang/Object;)Ljava/lang/Object;' in 'java/lang/invoke/LambdaForm$DMH+0x000002083b1b8000' (0xe0a7a859)

MethodHandle::interpreter_entry::_linkToVirtual [0x000002082dc50f63, 0x000002082dc50fca] (103 bytes)
[MachCode]
  0x000002082dc50f63: 6666 660f | 1f84 0000 | 0000 0066 | 6666 9066 | 660f 1f84 | 0000 0000 | 0066 6666 | 9048 8b53 
  0x000002082dc50f83: 080f b752 | 2e48 8b0c | d458 5b50 | 448b 5108 | 49bb 0000 | 003a 0802 | 0000 4d03 | d34c 8b5b 
  0x000002082dc50fa3: 104b 8b9c | dac0 0100 | 0048 85db | 0f84 1000 | 0000 4180 | bfd8 0500 | 0000 7403 | ff63 38ff 
  0x000002082dc50fc3: 6350 e936 | 
[/MachCode]

---------------  P R O C E S S  ---------------

Threads class SMR info:
_java_thread_list=0x0000020802dd5eb0, length=40, elements={
0x000002083918ff30, 0x0000020839190d40, 0x0000020839193120, 0x0000020839195010,
0x0000020839198030, 0x00000208391a0a90, 0x00000208391a5210, 0x0000020839371c50,
0x0000020839466120, 0x00000208394694a0, 0x0000020839469cc0, 0x000002087f1e9650,
0x000002087f3db8f0, 0x000002087f4048d0, 0x000002087f417f70, 0x00000208000b1470,
0x0000020800097df0, 0x00000208000c7290, 0x0000020802cbe530, 0x0000020802cc19b0,
0x0000020802d9d0d0, 0x0000020802d9e480, 0x0000020802d9c3b0, 0x0000020802d9b690,
0x0000020802d9bd20, 0x0000020802cc0c90, 0x0000020802cbdea0, 0x0000020802cbebc0,
0x0000020802cbff70, 0x0000020802cc26d0, 0x0000020802cbf250, 0x0000020802cc2d60,
0x0000020802cc0600, 0x0000020802cc1320, 0x0000020802cc2040, 0x0000020802cc33f0,
0x0000020802cbc460, 0x0000020802cc3a80, 0x00000208000c7fb0, 0x00000208000c6c00
}

Java Threads: ( => current thread )
  0x000002083918ff30 JavaThread "Reference Handler"          daemon [_thread_blocked, id=6504, stack(0x0000000ff8500000,0x0000000ff8600000) (1024K)]
  0x0000020839190d40 JavaThread "Finalizer"                  daemon [_thread_blocked, id=4308, stack(0x0000000ff8600000,0x0000000ff8700000) (1024K)]
  0x0000020839193120 JavaThread "Signal Dispatcher"          daemon [_thread_blocked, id=19736, stack(0x0000000ff8700000,0x0000000ff8800000) (1024K)]
  0x0000020839195010 JavaThread "Attach Listener"            daemon [_thread_blocked, id=20340, stack(0x0000000ff8800000,0x0000000ff8900000) (1024K)]
  0x0000020839198030 JavaThread "Service Thread"             daemon [_thread_blocked, id=11780, stack(0x0000000ff8900000,0x0000000ff8a00000) (1024K)]
  0x00000208391a0a90 JavaThread "Monitor Deflation Thread"   daemon [_thread_blocked, id=17276, stack(0x0000000ff8a00000,0x0000000ff8b00000) (1024K)]
  0x00000208391a5210 JavaThread "C1 CompilerThread0"         daemon [_thread_blocked, id=21556, stack(0x0000000ff8b00000,0x0000000ff8c00000) (1024K)]
  0x0000020839371c50 JavaThread "Common-Cleaner"             daemon [_thread_blocked, id=24268, stack(0x0000000ff8c00000,0x0000000ff8d00000) (1024K)]
  0x0000020839466120 JavaThread "JDWP Transport Listener: dt_socket" daemon [_thread_blocked, id=21728, stack(0x0000000ff8e00000,0x0000000ff8f00000) (1024K)]
  0x00000208394694a0 JavaThread "JDWP Event Helper Thread"   daemon [_thread_blocked, id=20036, stack(0x0000000ff8f00000,0x0000000ff9000000) (1024K)]
  0x0000020839469cc0 JavaThread "JDWP Command Reader"        daemon [_thread_in_native, id=16264, stack(0x0000000ff9000000,0x0000000ff9100000) (1024K)]
  0x000002087f1e9650 JavaThread "Notification Thread"        daemon [_thread_blocked, id=1304, stack(0x0000000ff9100000,0x0000000ff9200000) (1024K)]
  0x000002087f3db8f0 JavaThread "RMI TCP Accept-0"           daemon [_thread_in_native, id=19628, stack(0x0000000ff9c00000,0x0000000ff9d00000) (1024K)]
  0x000002087f4048d0 JavaThread "RMI TCP Accept-54720"       daemon [_thread_in_native, id=20488, stack(0x0000000ff9d00000,0x0000000ff9e00000) (1024K)]
  0x000002087f417f70 JavaThread "RMI TCP Accept-0"           daemon [_thread_in_native, id=13544, stack(0x0000000ff9e00000,0x0000000ff9f00000) (1024K)]
  0x00000208000b1470 JavaThread "RMI Scheduler(0)"           daemon [_thread_blocked, id=23476, stack(0x0000000ffa400000,0x0000000ffa500000) (1024K)]
  0x0000020800097df0 JavaThread "JMX server connection timeout 51" daemon [_thread_blocked, id=15132, stack(0x0000000ffa600000,0x0000000ffa700000) (1024K)]
  0x00000208000c7290 JavaThread "mysql-cj-abandoned-connection-cleanup" daemon [_thread_blocked, id=24144, stack(0x0000000ffb100000,0x0000000ffb200000) (1024K)]
  0x0000020802cbe530 JavaThread "Live Reload Server"         daemon [_thread_in_native, id=21440, stack(0x0000000ffb700000,0x0000000ffb800000) (1024K)]
  0x0000020802cc19b0 JavaThread "DestroyJavaVM"                     [_thread_blocked, id=11820, stack(0x0000000ff7d00000,0x0000000ff7e00000) (1024K)]
  0x0000020802d9d0d0 JavaThread "Catalina-utility-1"                [_thread_blocked, id=2604, stack(0x0000000ff8d00000,0x0000000ff8e00000) (1024K)]
  0x0000020802d9e480 JavaThread "Catalina-utility-2"                [_thread_blocked, id=25364, stack(0x0000000ff9200000,0x0000000ff9300000) (1024K)]
  0x0000020802d9c3b0 JavaThread "container-0"                       [_thread_blocked, id=3944, stack(0x0000000ff9300000,0x0000000ff9400000) (1024K)]
  0x0000020802d9b690 JavaThread "HikariPool-17 housekeeper"  daemon [_thread_blocked, id=23768, stack(0x0000000ff9f00000,0x0000000ffa000000) (1024K)]
  0x0000020802d9bd20 JavaThread "File Watcher"               daemon [_thread_blocked, id=24232, stack(0x0000000ffa800000,0x0000000ffa900000) (1024K)]
  0x0000020802cc0c90 JavaThread "http-nio-8080-exec-1"       daemon [_thread_blocked, id=18680, stack(0x0000000ffa900000,0x0000000ffaa00000) (1024K)]
  0x0000020802cbdea0 JavaThread "http-nio-8080-exec-2"       daemon [_thread_blocked, id=16860, stack(0x0000000ffaa00000,0x0000000ffab00000) (1024K)]
  0x0000020802cbebc0 JavaThread "http-nio-8080-exec-3"       daemon [_thread_in_Java, id=18304, stack(0x0000000ffab00000,0x0000000ffac00000) (1024K)]
  0x0000020802cbff70 JavaThread "http-nio-8080-exec-4"       daemon [_thread_blocked, id=5892, stack(0x0000000ffac00000,0x0000000ffad00000) (1024K)]
=>0x0000020802cc26d0 JavaThread "http-nio-8080-exec-5"       daemon [_thread_in_Java, id=13532, stack(0x0000000ffaf00000,0x0000000ffb000000) (1024K)]
  0x0000020802cbf250 JavaThread "http-nio-8080-exec-6"       daemon [_thread_blocked, id=24804, stack(0x0000000ffb000000,0x0000000ffb100000) (1024K)]
  0x0000020802cc2d60 JavaThread "http-nio-8080-exec-7"       daemon [_thread_in_Java, id=24852, stack(0x0000000ffb200000,0x0000000ffb300000) (1024K)]
  0x0000020802cc0600 JavaThread "http-nio-8080-exec-8"       daemon [_thread_in_Java, id=22324, stack(0x0000000ffb300000,0x0000000ffb400000) (1024K)]
  0x0000020802cc1320 JavaThread "http-nio-8080-exec-9"       daemon [_thread_blocked, id=25436, stack(0x0000000ffb400000,0x0000000ffb500000) (1024K)]
  0x0000020802cc2040 JavaThread "http-nio-8080-exec-10"      daemon [_thread_blocked, id=13024, stack(0x0000000ffb500000,0x0000000ffb600000) (1024K)]
  0x0000020802cc33f0 JavaThread "http-nio-8080-Poller"       daemon [_thread_in_native, id=16704, stack(0x0000000ffb600000,0x0000000ffb700000) (1024K)]
  0x0000020802cbc460 JavaThread "http-nio-8080-Acceptor"     daemon [_thread_in_native, id=19480, stack(0x0000000ffb800000,0x0000000ffb900000) (1024K)]
  0x0000020802cc3a80 JavaThread "RMI TCP Connection(idle)"   daemon [_thread_blocked, id=12656, stack(0x0000000ffb900000,0x0000000ffba00000) (1024K)]
  0x00000208000c7fb0 JavaThread "RMI TCP Connection(74)-127.0.0.1" daemon [_thread_in_native, id=24760, stack(0x0000000ff7a00000,0x0000000ff7b00000) (1024K)]
  0x00000208000c6c00 JavaThread "RMI TCP Connection(idle)"   daemon [_thread_blocked, id=15716, stack(0x0000000ff7c00000,0x0000000ff7d00000) (1024K)]
Total: 40

Other Threads:
  0x0000020839176b10 VMThread "VM Thread"                           [id=15612, stack(0x0000000ff8400000,0x0000000ff8500000) (1024K)]
  0x0000020839163cd0 WatcherThread "VM Periodic Task Thread"        [id=22984, stack(0x0000000ff8300000,0x0000000ff8400000) (1024K)]
  0x0000020825814550 WorkerThread "GC Thread#0"                     [id=13528, stack(0x0000000ff7e00000,0x0000000ff7f00000) (1024K)]
  0x000002087f3d16a0 WorkerThread "GC Thread#1"                     [id=22932, stack(0x0000000ff9400000,0x0000000ff9500000) (1024K)]
  0x000002087f3d1a40 WorkerThread "GC Thread#2"                     [id=6928, stack(0x0000000ff9500000,0x0000000ff9600000) (1024K)]
  0x000002087f3d1de0 WorkerThread "GC Thread#3"                     [id=17792, stack(0x0000000ff9600000,0x0000000ff9700000) (1024K)]
  0x000002087f3d2180 WorkerThread "GC Thread#4"                     [id=18756, stack(0x0000000ff9700000,0x0000000ff9800000) (1024K)]
  0x000002087f3d2520 WorkerThread "GC Thread#5"                     [id=25260, stack(0x0000000ff9800000,0x0000000ff9900000) (1024K)]
  0x000002087f3edbb0 WorkerThread "GC Thread#6"                     [id=17072, stack(0x0000000ff9900000,0x0000000ff9a00000) (1024K)]
  0x000002087f3edf50 WorkerThread "GC Thread#7"                     [id=21264, stack(0x0000000ff9a00000,0x0000000ff9b00000) (1024K)]
  0x000002087f3ef320 WorkerThread "GC Thread#8"                     [id=24452, stack(0x0000000ff9b00000,0x0000000ff9c00000) (1024K)]
  0x000002080000e090 WorkerThread "GC Thread#9"                     [id=17812, stack(0x0000000ffa000000,0x0000000ffa100000) (1024K)]
  0x000002080000d5b0 WorkerThread "GC Thread#10"                    [id=22880, stack(0x0000000ffa100000,0x0000000ffa200000) (1024K)]
  0x000002080000e430 WorkerThread "GC Thread#11"                    [id=20072, stack(0x0000000ffa200000,0x0000000ffa300000) (1024K)]
  0x000002080000d210 WorkerThread "GC Thread#12"                    [id=24912, stack(0x0000000ffa300000,0x0000000ffa400000) (1024K)]
  0x000002082367deb0 ConcurrentGCThread "G1 Main Marker"            [id=21456, stack(0x0000000ff7f00000,0x0000000ff8000000) (1024K)]
  0x000002082367e9b0 WorkerThread "G1 Conc#0"                       [id=21040, stack(0x0000000ff8000000,0x0000000ff8100000) (1024K)]
  0x000002080000dcf0 WorkerThread "G1 Conc#1"                       [id=23900, stack(0x0000000ffad00000,0x0000000ffae00000) (1024K)]
  0x000002080000cad0 WorkerThread "G1 Conc#2"                       [id=9752, stack(0x0000000ffae00000,0x0000000ffaf00000) (1024K)]
  0x0000020839038be0 ConcurrentGCThread "G1 Refine#0"               [id=14392, stack(0x0000000ff8100000,0x0000000ff8200000) (1024K)]
  0x0000020839039750 ConcurrentGCThread "G1 Service"                [id=15272, stack(0x0000000ff8200000,0x0000000ff8300000) (1024K)]
Total: 21

Threads with active compile tasks:
Total: 0

VM state: not at safepoint (normal execution)

VM Mutex/Monitor currently owned by a thread: None

Heap address: 0x0000000704a00000, size: 4022 MB, Compressed Oops mode: Zero based, Oop shift amount: 3

CDS archive(s) mapped at: [0x000002083a000000-0x000002083ac90000-0x000002083ac90000), size 13172736, SharedBaseAddress: 0x000002083a000000, ArchiveRelocationMode: 1.
Compressed class space mapped at: 0x000002083b000000-0x000002087b000000, reserved size: 1073741824
Narrow klass base: 0x000002083a000000, Narrow klass shift: 0, Narrow klass range: 0x100000000

GC Precious Log:
 CardTable entry size: 512
 Card Set container configuration: InlinePtr #cards 4 size 8 Array Of Cards #cards 16 size 48 Howl #buckets 8 coarsen threshold 3686 Howl Bitmap #cards 512 size 80 coarsen threshold 460 Card regions per heap region 1 cards per card region 4096
 CPUs: 16 total, 16 available
 Memory: 16087M
 Large Page Support: Disabled
 NUMA Support: Disabled
 Compressed Oops: Enabled (Zero based)
 Heap Region Size: 2M
 Heap Min Capacity: 8M
 Heap Initial Capacity: 252M
 Heap Max Capacity: 4022M
 Pre-touch: Disabled
 Parallel Workers: 13
 Concurrent Workers: 3
 Concurrent Refinement Workers: 13
 Periodic GC: Disabled

Heap:
 garbage-first heap   total 147456K, used 60064K [0x0000000704a00000, 0x0000000800000000)
  region size 2048K, 15 young (30720K), 5 survivors (10240K)
 Metaspace       used 89425K, committed 90432K, reserved 1179648K
  class space    used 12111K, committed 12608K, reserved 1048576K

Heap Regions: E=young(eden), S=young(survivor), O=old, HS=humongous(starts), HC=humongous(continues), CS=collection set, F=free, TAMS=top-at-mark-start, PB=parsable bottom
|   0|0x0000000704a00000, 0x0000000704bfffe8, 0x0000000704c00000| 99%| O|  |TAMS 0x0000000704a00000| PB 0x0000000704a00000| Untracked 
|   1|0x0000000704c00000, 0x0000000704dfffc8, 0x0000000704e00000| 99%| O|  |TAMS 0x0000000704c00000| PB 0x0000000704c00000| Untracked 
|   2|0x0000000704e00000, 0x0000000704fffff8, 0x0000000705000000| 99%| O|  |TAMS 0x0000000704e00000| PB 0x0000000704e00000| Untracked 
|   3|0x0000000705000000, 0x0000000705200000, 0x0000000705200000|100%| O|  |TAMS 0x0000000705000000| PB 0x0000000705000000| Untracked 
|   4|0x0000000705200000, 0x00000007053fffe8, 0x0000000705400000| 99%| O|  |TAMS 0x0000000705200000| PB 0x0000000705200000| Untracked 
|   5|0x0000000705400000, 0x00000007055f73f8, 0x0000000705600000| 98%| O|  |TAMS 0x0000000705400000| PB 0x0000000705400000| Untracked 
|   6|0x0000000705600000, 0x00000007057ffff0, 0x0000000705800000| 99%| O|  |TAMS 0x0000000705600000| PB 0x0000000705600000| Untracked 
|   7|0x0000000705800000, 0x00000007059ffff8, 0x0000000705a00000| 99%| O|  |TAMS 0x0000000705800000| PB 0x0000000705800000| Untracked 
|   8|0x0000000705a00000, 0x0000000705bfffb8, 0x0000000705c00000| 99%| O|  |TAMS 0x0000000705a00000| PB 0x0000000705a00000| Untracked 
|   9|0x0000000705c00000, 0x0000000705dffff0, 0x0000000705e00000| 99%| O|  |TAMS 0x0000000705c00000| PB 0x0000000705c00000| Untracked 
|  10|0x0000000705e00000, 0x0000000705fffff8, 0x0000000706000000| 99%| O|  |TAMS 0x0000000705e00000| PB 0x0000000705e00000| Untracked 
|  11|0x0000000706000000, 0x00000007061f9bc8, 0x0000000706200000| 98%| O|  |TAMS 0x0000000706000000| PB 0x0000000706000000| Untracked 
|  12|0x0000000706200000, 0x000000070633f0e8, 0x0000000706400000| 62%| O|  |TAMS 0x0000000706200000| PB 0x0000000706200000| Untracked 
|  13|0x0000000706400000, 0x00000007065fffe0, 0x0000000706600000| 99%| O|  |TAMS 0x0000000706400000| PB 0x0000000706400000| Untracked 
|  14|0x0000000706600000, 0x00000007067ffff8, 0x0000000706800000| 99%| O|  |TAMS 0x0000000706600000| PB 0x0000000706600000| Untracked 
|  15|0x0000000706800000, 0x0000000706961140, 0x0000000706a00000| 68%| O|  |TAMS 0x0000000706800000| PB 0x0000000706800000| Untracked 
|  16|0x0000000706a00000, 0x0000000706aabf58, 0x0000000706c00000| 33%| O|  |TAMS 0x0000000706a00000| PB 0x0000000706a00000| Untracked 
|  17|0x0000000706c00000, 0x0000000706c157d8, 0x0000000706e00000|  4%| O|Cm|TAMS 0x0000000706c00000| PB 0x0000000706c00000| Complete 
|  18|0x0000000706e00000, 0x0000000706e00000, 0x0000000707000000|  0%| F|  |TAMS 0x0000000706e00000| PB 0x0000000706e00000| Untracked 
|  19|0x0000000707000000, 0x00000007070fbcc0, 0x0000000707200000| 49%| O|Cm|TAMS 0x0000000707000000| PB 0x0000000707000000| Complete 
|  20|0x0000000707200000, 0x00000007073b0cd8, 0x0000000707400000| 84%| O|  |TAMS 0x0000000707200000| PB 0x0000000707200000| Untracked 
|  21|0x0000000707400000, 0x0000000707400000, 0x0000000707600000|  0%| F|  |TAMS 0x0000000707400000| PB 0x0000000707400000| Untracked 
|  22|0x0000000707600000, 0x0000000707600000, 0x0000000707800000|  0%| F|  |TAMS 0x0000000707600000| PB 0x0000000707600000| Untracked 
|  23|0x0000000707800000, 0x0000000707800000, 0x0000000707a00000|  0%| F|  |TAMS 0x0000000707800000| PB 0x0000000707800000| Untracked 
|  24|0x0000000707a00000, 0x0000000707a00000, 0x0000000707c00000|  0%| F|  |TAMS 0x0000000707a00000| PB 0x0000000707a00000| Untracked 
|  25|0x0000000707c00000, 0x0000000707c00000, 0x0000000707e00000|  0%| F|  |TAMS 0x0000000707c00000| PB 0x0000000707c00000| Untracked 
|  26|0x0000000707e00000, 0x0000000707e00000, 0x0000000708000000|  0%| F|  |TAMS 0x0000000707e00000| PB 0x0000000707e00000| Untracked 
|  27|0x0000000708000000, 0x0000000708000000, 0x0000000708200000|  0%| F|  |TAMS 0x0000000708000000| PB 0x0000000708000000| Untracked 
|  28|0x0000000708200000, 0x0000000708200000, 0x0000000708400000|  0%| F|  |TAMS 0x0000000708200000| PB 0x0000000708200000| Untracked 
|  29|0x0000000708400000, 0x0000000708400000, 0x0000000708600000|  0%| F|  |TAMS 0x0000000708400000| PB 0x0000000708400000| Untracked 
|  30|0x0000000708600000, 0x0000000708600000, 0x0000000708800000|  0%| F|  |TAMS 0x0000000708600000| PB 0x0000000708600000| Untracked 
|  31|0x0000000708800000, 0x0000000708800000, 0x0000000708a00000|  0%| F|  |TAMS 0x0000000708800000| PB 0x0000000708800000| Untracked 
|  32|0x0000000708a00000, 0x0000000708a00000, 0x0000000708c00000|  0%| F|  |TAMS 0x0000000708a00000| PB 0x0000000708a00000| Untracked 
|  33|0x0000000708c00000, 0x0000000708c00000, 0x0000000708e00000|  0%| F|  |TAMS 0x0000000708c00000| PB 0x0000000708c00000| Untracked 
|  34|0x0000000708e00000, 0x0000000708e00000, 0x0000000709000000|  0%| F|  |TAMS 0x0000000708e00000| PB 0x0000000708e00000| Untracked 
|  35|0x0000000709000000, 0x0000000709000000, 0x0000000709200000|  0%| F|  |TAMS 0x0000000709000000| PB 0x0000000709000000| Untracked 
|  36|0x0000000709200000, 0x0000000709200000, 0x0000000709400000|  0%| F|  |TAMS 0x0000000709200000| PB 0x0000000709200000| Untracked 
|  37|0x0000000709400000, 0x0000000709400000, 0x0000000709600000|  0%| F|  |TAMS 0x0000000709400000| PB 0x0000000709400000| Untracked 
|  38|0x0000000709600000, 0x00000007096a91e8, 0x0000000709800000| 33%| S|CS|TAMS 0x0000000709600000| PB 0x0000000709600000| Complete 
|  39|0x0000000709800000, 0x0000000709a00000, 0x0000000709a00000|100%| S|CS|TAMS 0x0000000709800000| PB 0x0000000709800000| Complete 
|  40|0x0000000709a00000, 0x0000000709c00000, 0x0000000709c00000|100%| S|CS|TAMS 0x0000000709a00000| PB 0x0000000709a00000| Complete 
|  41|0x0000000709c00000, 0x0000000709e00000, 0x0000000709e00000|100%| S|CS|TAMS 0x0000000709c00000| PB 0x0000000709c00000| Complete 
|  42|0x0000000709e00000, 0x000000070a000000, 0x000000070a000000|100%| S|CS|TAMS 0x0000000709e00000| PB 0x0000000709e00000| Complete 
|  43|0x000000070a000000, 0x000000070a000000, 0x000000070a200000|  0%| F|  |TAMS 0x000000070a000000| PB 0x000000070a000000| Untracked 
|  44|0x000000070a200000, 0x000000070a200000, 0x000000070a400000|  0%| F|  |TAMS 0x000000070a200000| PB 0x000000070a200000| Untracked 
|  45|0x000000070a400000, 0x000000070a400000, 0x000000070a600000|  0%| F|  |TAMS 0x000000070a400000| PB 0x000000070a400000| Untracked 
|  46|0x000000070a600000, 0x000000070a600000, 0x000000070a800000|  0%| F|  |TAMS 0x000000070a600000| PB 0x000000070a600000| Untracked 
|  47|0x000000070a800000, 0x000000070a800000, 0x000000070aa00000|  0%| F|  |TAMS 0x000000070a800000| PB 0x000000070a800000| Untracked 
|  48|0x000000070aa00000, 0x000000070aa00000, 0x000000070ac00000|  0%| F|  |TAMS 0x000000070aa00000| PB 0x000000070aa00000| Untracked 
|  49|0x000000070ac00000, 0x000000070ac00000, 0x000000070ae00000|  0%| F|  |TAMS 0x000000070ac00000| PB 0x000000070ac00000| Untracked 
|  50|0x000000070ae00000, 0x000000070ae00000, 0x000000070b000000|  0%| F|  |TAMS 0x000000070ae00000| PB 0x000000070ae00000| Untracked 
|  51|0x000000070b000000, 0x000000070b000000, 0x000000070b200000|  0%| F|  |TAMS 0x000000070b000000| PB 0x000000070b000000| Untracked 
|  52|0x000000070b200000, 0x000000070b200000, 0x000000070b400000|  0%| F|  |TAMS 0x000000070b200000| PB 0x000000070b200000| Untracked 
|  53|0x000000070b400000, 0x000000070b400000, 0x000000070b600000|  0%| F|  |TAMS 0x000000070b400000| PB 0x000000070b400000| Untracked 
|  54|0x000000070b600000, 0x000000070b600000, 0x000000070b800000|  0%| F|  |TAMS 0x000000070b600000| PB 0x000000070b600000| Untracked 
|  55|0x000000070b800000, 0x000000070b800000, 0x000000070ba00000|  0%| F|  |TAMS 0x000000070b800000| PB 0x000000070b800000| Untracked 
|  56|0x000000070ba00000, 0x000000070ba00000, 0x000000070bc00000|  0%| F|  |TAMS 0x000000070ba00000| PB 0x000000070ba00000| Untracked 
|  57|0x000000070bc00000, 0x000000070bc00000, 0x000000070be00000|  0%| F|  |TAMS 0x000000070bc00000| PB 0x000000070bc00000| Untracked 
|  58|0x000000070be00000, 0x000000070be00000, 0x000000070c000000|  0%| F|  |TAMS 0x000000070be00000| PB 0x000000070be00000| Untracked 
|  59|0x000000070c000000, 0x000000070c000000, 0x000000070c200000|  0%| F|  |TAMS 0x000000070c000000| PB 0x000000070c000000| Untracked 
|  60|0x000000070c200000, 0x000000070c200000, 0x000000070c400000|  0%| F|  |TAMS 0x000000070c200000| PB 0x000000070c200000| Untracked 
|  61|0x000000070c400000, 0x000000070c400000, 0x000000070c600000|  0%| F|  |TAMS 0x000000070c400000| PB 0x000000070c400000| Untracked 
|  62|0x000000070c600000, 0x000000070c6401d8, 0x000000070c800000| 12%| E|  |TAMS 0x000000070c600000| PB 0x000000070c600000| Complete 
|  63|0x000000070c800000, 0x000000070ca00000, 0x000000070ca00000|100%| E|CS|TAMS 0x000000070c800000| PB 0x000000070c800000| Complete 
|  64|0x000000070ca00000, 0x000000070cc00000, 0x000000070cc00000|100%| E|CS|TAMS 0x000000070ca00000| PB 0x000000070ca00000| Complete 
|  65|0x000000070cc00000, 0x000000070ce00000, 0x000000070ce00000|100%| E|CS|TAMS 0x000000070cc00000| PB 0x000000070cc00000| Complete 
|  66|0x000000070ce00000, 0x000000070d000000, 0x000000070d000000|100%| E|CS|TAMS 0x000000070ce00000| PB 0x000000070ce00000| Complete 
|  67|0x000000070d000000, 0x000000070d200000, 0x000000070d200000|100%| E|CS|TAMS 0x000000070d000000| PB 0x000000070d000000| Complete 
|  68|0x000000070d200000, 0x000000070d400000, 0x000000070d400000|100%| E|CS|TAMS 0x000000070d200000| PB 0x000000070d200000| Complete 
|  69|0x000000070d400000, 0x000000070d600000, 0x000000070d600000|100%| E|CS|TAMS 0x000000070d400000| PB 0x000000070d400000| Complete 
|  70|0x000000070d600000, 0x000000070d800000, 0x000000070d800000|100%| E|  |TAMS 0x000000070d600000| PB 0x000000070d600000| Complete 
|  71|0x000000070d800000, 0x000000070da00000, 0x000000070da00000|100%| E|CS|TAMS 0x000000070d800000| PB 0x000000070d800000| Complete 

Card table byte_map: [0x0000020831a60000,0x0000020832240000] _byte_map_base: 0x000002082e23b000

Marking Bits: (CMBitMap*) 0x0000020825814c50
 Bits: [0x0000020832240000, 0x0000020836118000)

Polling page: 0x0000020824f60000

Metaspace:

Usage:
  Non-class:     75.50 MB used.
      Class:     11.83 MB used.
       Both:     87.33 MB used.

Virtual space:
  Non-class space:      128.00 MB reserved,      76.00 MB ( 59%) committed,  2 nodes.
      Class space:        1.00 GB reserved,      12.31 MB (  1%) committed,  1 nodes.
             Both:        1.12 GB reserved,      88.31 MB (  8%) committed. 

Chunk freelists:
   Non-Class:  3.67 MB
       Class:  3.77 MB
        Both:  7.44 MB

MaxMetaspaceSize: unlimited
CompressedClassSpaceSize: 1.00 GB
Initial GC threshold: 21.00 MB
Current GC threshold: 146.88 MB
CDS: on
 - commit_granule_bytes: 65536.
 - commit_granule_words: 8192.
 - virtual_space_node_default_size: 8388608.
 - enlarge_chunks_in_place: 1.
 - use_allocation_guard: 0.


Internal statistics:

num_allocs_failed_limit: 6.
num_arena_births: 2076.
num_arena_deaths: 1080.
num_vsnodes_births: 3.
num_vsnodes_deaths: 0.
num_space_committed: 1413.
num_space_uncommitted: 0.
num_chunks_returned_to_freelist: 1284.
num_chunks_taken_from_freelist: 6025.
num_chunk_merges: 220.
num_chunk_splits: 3620.
num_chunks_enlarged: 2717.
num_inconsistent_stats: 0.

CodeCache: size=49152Kb used=25372Kb max_used=31626Kb free=23779Kb
 bounds [0x000002082dc20000, 0x000002082fb60000, 0x0000020830c20000]
 total_blobs=12773 nmethods=11997 adapters=697
 compilation: enabled
              stopped_count=0, restarted_count=0
 full_count=0

Compilation events (20 events):
Event: 1619.852 Thread 0x00000208391a5210 nmethod 23167 0x000002082f3ff710 code [0x000002082f3ff940, 0x000002082f3ffe70]
Event: 1619.852 Thread 0x00000208391a5210 23171       1       org.hibernate.query.spi.AbstractCommonQueryContract::getQueryOptions (5 bytes)
Event: 1619.852 Thread 0x00000208391a5210 nmethod 23171 0x000002082f3ff410 code [0x000002082f3ff5a0, 0x000002082f3ff670]
Event: 1619.852 Thread 0x00000208391a5210 23164       1       org.springframework.web.servlet.mvc.method.annotation.ExtendedServletRequestDataBinder::addValueIfNotPresent (44 bytes)
Event: 1619.852 Thread 0x0000020807839430 nmethod 23166 0x000002082f3fef90 code [0x000002082f3ff140, 0x000002082f3ff2c8]
Event: 1619.852 Thread 0x0000020807839430 23165       1       org.springframework.beans.MutablePropertyValues::addPropertyValue (15 bytes)
Event: 1619.852 Thread 0x0000020807839430 nmethod 23165 0x000002082f3fe810 code [0x000002082f3fe9e0, 0x000002082f3fedc8]
Event: 1619.852 Thread 0x00000208391a5210 nmethod 23164 0x000002082f3fdc10 code [0x000002082f3fde40, 0x000002082f3fe438]
Event: 1619.852 Thread 0x00000208391a5210 23172       1       java.util.Calendar::internalGet (7 bytes)
Event: 1619.853 Thread 0x00000208391a5210 nmethod 23172 0x000002082f3fd890 code [0x000002082f3fda20, 0x000002082f3fdb18]
Event: 1638.357 Thread 0x00000208391a5210 23173       1       org.hibernate.query.spi.AbstractCommonQueryContract::getSession (5 bytes)
Event: 1638.357 Thread 0x00000208391a5210 nmethod 23173 0x000002082f3fd590 code [0x000002082f3fd720, 0x000002082f3fd7f0]
Event: 1638.358 Thread 0x00000208391a5210 23174       1       org.hibernate.query.internal.QueryOptionsImpl::getLockOptions (5 bytes)
Event: 1638.358 Thread 0x00000208391a5210 nmethod 23174 0x000002082f3fd290 code [0x000002082f3fd420, 0x000002082f3fd4f0]
Event: 1638.358 Thread 0x00000208391a5210 23175       1       java.time.LocalTime::<init> (29 bytes)
Event: 1638.358 Thread 0x00000208391a5210 nmethod 23175 0x000002082f3fcf90 code [0x000002082f3fd120, 0x000002082f3fd1f8]
Event: 1638.358 Thread 0x00000208391a5210 23176       1       org.hibernate.internal.SessionImpl::getPersistenceContextInternal (5 bytes)
Event: 1638.358 Thread 0x00000208391a5210 nmethod 23176 0x000002082f3fcc90 code [0x000002082f3fce20, 0x000002082f3fcef0]
Event: 1665.605 Thread 0x00000208391a5210 23177       1       sun.nio.ch.SelectionKeyImpl::getFDVal (10 bytes)
Event: 1665.605 Thread 0x00000208391a5210 nmethod 23177 0x000002082f3fc990 code [0x000002082f3fcb20, 0x000002082f3fcc20]

GC Heap History (20 events):
Event: 1018.636 GC heap before
{Heap before GC invocations=75 (full 13):
 garbage-first heap   total 122880K, used 95505K [0x0000000704a00000, 0x0000000800000000)
  region size 2048K, 31 young (63488K), 0 survivors (0K)
 Metaspace       used 87179K, committed 88064K, reserved 1179648K
  class space    used 11934K, committed 12352K, reserved 1048576K
}
Event: 1018.638 GC heap after
{Heap after GC invocations=76 (full 13):
 garbage-first heap   total 122880K, used 38970K [0x0000000704a00000, 0x0000000800000000)
  region size 2048K, 3 young (6144K), 3 survivors (6144K)
 Metaspace       used 87179K, committed 88064K, reserved 1179648K
  class space    used 11934K, committed 12352K, reserved 1048576K
}
Event: 1048.003 GC heap before
{Heap before GC invocations=77 (full 13):
 garbage-first heap   total 122880K, used 77882K [0x0000000704a00000, 0x0000000800000000)
  region size 2048K, 24 young (49152K), 3 survivors (6144K)
 Metaspace       used 87365K, committed 88256K, reserved 1179648K
  class space    used 11947K, committed 12352K, reserved 1048576K
}
Event: 1048.005 GC heap after
{Heap after GC invocations=78 (full 13):
 garbage-first heap   total 122880K, used 42411K [0x0000000704a00000, 0x0000000800000000)
  region size 2048K, 3 young (6144K), 3 survivors (6144K)
 Metaspace       used 87365K, committed 88256K, reserved 1179648K
  class space    used 11947K, committed 12352K, reserved 1048576K
}
Event: 1351.463 GC heap before
{Heap before GC invocations=79 (full 13):
 garbage-first heap   total 122880K, used 97707K [0x0000000704a00000, 0x0000000800000000)
  region size 2048K, 30 young (61440K), 3 survivors (6144K)
 Metaspace       used 87365K, committed 88256K, reserved 1179648K
  class space    used 11947K, committed 12352K, reserved 1048576K
}
Event: 1351.466 GC heap after
{Heap after GC invocations=80 (full 13):
 garbage-first heap   total 122880K, used 42266K [0x0000000704a00000, 0x0000000800000000)
  region size 2048K, 1 young (2048K), 1 survivors (2048K)
 Metaspace       used 87365K, committed 88256K, reserved 1179648K
  class space    used 11947K, committed 12352K, reserved 1048576K
}
Event: 1448.331 GC heap before
{Heap before GC invocations=80 (full 13):
 garbage-first heap   total 122880K, used 56602K [0x0000000704a00000, 0x0000000800000000)
  region size 2048K, 9 young (18432K), 1 survivors (2048K)
 Metaspace       used 87556K, committed 88448K, reserved 1179648K
  class space    used 11949K, committed 12352K, reserved 1048576K
}
Event: 1448.359 GC heap after
{Heap after GC invocations=81 (full 14):
 garbage-first heap   total 122880K, used 33202K [0x0000000704a00000, 0x0000000800000000)
  region size 2048K, 0 young (0K), 0 survivors (0K)
 Metaspace       used 87483K, committed 88448K, reserved 1179648K
  class space    used 11934K, committed 12352K, reserved 1048576K
}
Event: 1448.709 GC heap before
{Heap before GC invocations=81 (full 14):
 garbage-first heap   total 122880K, used 98738K [0x0000000704a00000, 0x0000000800000000)
  region size 2048K, 33 young (67584K), 0 survivors (0K)
 Metaspace       used 87959K, committed 88960K, reserved 1179648K
  class space    used 12008K, committed 12480K, reserved 1048576K
}
Event: 1448.712 GC heap after
{Heap after GC invocations=82 (full 14):
 garbage-first heap   total 122880K, used 39502K [0x0000000704a00000, 0x0000000800000000)
  region size 2048K, 4 young (8192K), 4 survivors (8192K)
 Metaspace       used 87959K, committed 88960K, reserved 1179648K
  class space    used 12008K, committed 12480K, reserved 1048576K
}
Event: 1482.174 GC heap before
{Heap before GC invocations=83 (full 14):
 garbage-first heap   total 122880K, used 80462K [0x0000000704a00000, 0x0000000800000000)
  region size 2048K, 25 young (51200K), 4 survivors (8192K)
 Metaspace       used 88316K, committed 89280K, reserved 1179648K
  class space    used 12043K, committed 12480K, reserved 1048576K
}
Event: 1482.202 GC heap after
{Heap after GC invocations=84 (full 15):
 garbage-first heap   total 122880K, used 34306K [0x0000000704a00000, 0x0000000800000000)
  region size 2048K, 0 young (0K), 0 survivors (0K)
 Metaspace       used 88233K, committed 89280K, reserved 1179648K
  class space    used 12024K, committed 12480K, reserved 1048576K
}
Event: 1482.554 GC heap before
{Heap before GC invocations=84 (full 15):
 garbage-first heap   total 122880K, used 101890K [0x0000000704a00000, 0x0000000800000000)
  region size 2048K, 33 young (67584K), 0 survivors (0K)
 Metaspace       used 88638K, committed 89600K, reserved 1179648K
  class space    used 12069K, committed 12544K, reserved 1048576K
}
Event: 1482.556 GC heap after
{Heap after GC invocations=85 (full 15):
 garbage-first heap   total 122880K, used 39994K [0x0000000704a00000, 0x0000000800000000)
  region size 2048K, 3 young (6144K), 3 survivors (6144K)
 Metaspace       used 88638K, committed 89600K, reserved 1179648K
  class space    used 12069K, committed 12544K, reserved 1048576K
}
Event: 1600.749 GC heap before
{Heap before GC invocations=86 (full 15):
 garbage-first heap   total 122880K, used 87098K [0x0000000704a00000, 0x0000000800000000)
  region size 2048K, 27 young (55296K), 3 survivors (6144K)
 Metaspace       used 88863K, committed 89856K, reserved 1179648K
  class space    used 12079K, committed 12544K, reserved 1048576K
}
Event: 1600.779 GC heap after
{Heap after GC invocations=87 (full 16):
 garbage-first heap   total 122880K, used 34812K [0x0000000704a00000, 0x0000000800000000)
  region size 2048K, 0 young (0K), 0 survivors (0K)
 Metaspace       used 88860K, committed 89856K, reserved 1179648K
  class space    used 12078K, committed 12544K, reserved 1048576K
}
Event: 1601.103 GC heap before
{Heap before GC invocations=87 (full 16):
 garbage-first heap   total 122880K, used 98300K [0x0000000704a00000, 0x0000000800000000)
  region size 2048K, 32 young (65536K), 0 survivors (0K)
 Metaspace       used 89224K, committed 90176K, reserved 1179648K
  class space    used 12116K, committed 12544K, reserved 1048576K
}
Event: 1601.105 GC heap after
{Heap after GC invocations=88 (full 16):
 garbage-first heap   total 122880K, used 40043K [0x0000000704a00000, 0x0000000800000000)
  region size 2048K, 3 young (6144K), 3 survivors (6144K)
 Metaspace       used 89224K, committed 90176K, reserved 1179648K
  class space    used 12116K, committed 12544K, reserved 1048576K
}
Event: 1601.817 GC heap before
{Heap before GC invocations=89 (full 16):
 garbage-first heap   total 122880K, used 72811K [0x0000000704a00000, 0x0000000800000000)
  region size 2048K, 20 young (40960K), 3 survivors (6144K)
 Metaspace       used 89337K, committed 90304K, reserved 1179648K
  class space    used 12111K, committed 12608K, reserved 1048576K
}
Event: 1601.819 GC heap after
{Heap after GC invocations=90 (full 16):
 garbage-first heap   total 147456K, used 43680K [0x0000000704a00000, 0x0000000800000000)
  region size 2048K, 5 young (10240K), 5 survivors (10240K)
 Metaspace       used 89337K, committed 90304K, reserved 1179648K
  class space    used 12111K, committed 12608K, reserved 1048576K
}

Dll operation events (12 events):
Event: 0.005 Loaded shared library C:\Program Files\Java\jdk-21\bin\java.dll
Event: 0.099 Loaded shared library C:\Program Files\Java\jdk-21\bin\zip.dll
Event: 0.109 Loaded shared library C:\Program Files\Java\jdk-21\bin\instrument.dll
Event: 0.112 Loaded shared library C:\Program Files\Java\jdk-21\bin\net.dll
Event: 0.112 Loaded shared library C:\Program Files\Java\jdk-21\bin\nio.dll
Event: 0.115 Loaded shared library C:\Program Files\Java\jdk-21\bin\zip.dll
Event: 0.195 Loaded shared library C:\Program Files\Java\jdk-21\bin\jimage.dll
Event: 0.215 Loaded shared library C:\Program Files\Java\jdk-21\bin\management.dll
Event: 0.219 Loaded shared library C:\Program Files\Java\jdk-21\bin\management_ext.dll
Event: 0.327 Loaded shared library C:\Program Files\Java\jdk-21\bin\extnet.dll
Event: 0.338 Loaded shared library C:\Program Files\Java\jdk-21\bin\verify.dll
Event: 0.889 Loaded shared library C:\Program Files\Java\jdk-21\bin\sunmscapi.dll

Deoptimization events (20 events):
Event: 1602.341 Thread 0x0000020802cc2040 DEOPT PACKING pc=0x000002082f5ee234 sp=0x0000000ffb5fbcb0
Event: 1602.341 Thread 0x0000020802cc2040 DEOPT UNPACKING pc=0x000002082dc74e42 sp=0x0000000ffb5fb330 mode 1
Event: 1602.341 Thread 0x0000020802cc2040 DEOPT PACKING pc=0x000002082eded794 sp=0x0000000ffb5fbf10
Event: 1602.341 Thread 0x0000020802cc2040 DEOPT UNPACKING pc=0x000002082dc74e42 sp=0x0000000ffb5fb448 mode 1
Event: 1604.024 Thread 0x0000020802cc2d60 DEOPT PACKING pc=0x000002082f5ee234 sp=0x0000000ffb2fb340
Event: 1604.024 Thread 0x0000020802cc2d60 DEOPT UNPACKING pc=0x000002082dc74e42 sp=0x0000000ffb2fa9c0 mode 1
Event: 1604.024 Thread 0x0000020802cc2d60 DEOPT PACKING pc=0x000002082eded794 sp=0x0000000ffb2fb5a0
Event: 1604.024 Thread 0x0000020802cc2d60 DEOPT UNPACKING pc=0x000002082dc74e42 sp=0x0000000ffb2faad8 mode 1
Event: 1607.672 Thread 0x0000020802cbebc0 DEOPT PACKING pc=0x000002082e559fb4 sp=0x0000000ffabf9790
Event: 1607.672 Thread 0x0000020802cbebc0 DEOPT UNPACKING pc=0x000002082dc74e42 sp=0x0000000ffabf8cf0 mode 1
Event: 1607.672 Thread 0x0000020802cbebc0 DEOPT PACKING pc=0x000002082e7d2f5c sp=0x0000000ffabf98b0
Event: 1607.672 Thread 0x0000020802cbebc0 DEOPT UNPACKING pc=0x000002082dc74e42 sp=0x0000000ffabf8d80 mode 1
Event: 1682.078 Thread 0x0000020802cc26d0 DEOPT PACKING pc=0x000002082e4eb63c sp=0x0000000ffaff9bc0
Event: 1682.078 Thread 0x0000020802cc26d0 DEOPT UNPACKING pc=0x000002082dc74e42 sp=0x0000000ffaff9068 mode 0
Event: 1682.082 Thread 0x0000020802cc2d60 DEOPT PACKING pc=0x000002082e4eb63c sp=0x0000000ffb2f9f20
Event: 1682.082 Thread 0x0000020802cc2d60 DEOPT UNPACKING pc=0x000002082dc74e42 sp=0x0000000ffb2f93c8 mode 0
Event: 1682.082 Thread 0x0000020802cc0600 DEOPT PACKING pc=0x000002082e4eb63c sp=0x0000000ffb3fa060
Event: 1682.082 Thread 0x0000020802cc0600 DEOPT UNPACKING pc=0x000002082dc74e42 sp=0x0000000ffb3f9508 mode 0
Event: 1682.083 Thread 0x0000020802cbebc0 DEOPT PACKING pc=0x000002082e4eb63c sp=0x0000000ffabfa200
Event: 1682.083 Thread 0x0000020802cbebc0 DEOPT UNPACKING pc=0x000002082dc74e42 sp=0x0000000ffabf96a8 mode 0

Classes loaded (20 events):
Event: 441.768 Loading class java/util/stream/Streams$RangeIntSpliterator
Event: 441.769 Loading class java/util/stream/Streams$RangeIntSpliterator done
Event: 441.769 Loading class java/util/stream/IntPipeline$1
Event: 441.769 Loading class java/util/stream/IntPipeline$1 done
Event: 441.770 Loading class java/util/stream/IntPipeline$1$1
Event: 441.770 Loading class java/util/stream/IntPipeline$1$1 done
Event: 736.145 Loading class java/time/DurationEditor
Event: 736.145 Loading class java/time/DurationEditor done
Event: 737.256 Loading class java/lang/StringEditor
Event: 737.256 Loading class java/lang/StringEditor done
Event: 1005.523 Loading class java/time/DurationEditor
Event: 1005.523 Loading class java/time/DurationEditor done
Event: 1045.371 Loading class java/lang/StringEditor
Event: 1045.371 Loading class java/lang/StringEditor done
Event: 1448.783 Loading class java/time/DurationEditor
Event: 1448.783 Loading class java/time/DurationEditor done
Event: 1601.487 Loading class java/time/DurationEditor
Event: 1601.487 Loading class java/time/DurationEditor done
Event: 1601.856 Loading class java/lang/StringEditor
Event: 1601.856 Loading class java/lang/StringEditor done

Classes unloaded (20 events):
Event: 1601.116 Thread 0x0000020839176b10 Unloading class 0x000002083bc17800 'java/lang/invoke/LambdaForm$MH+0x000002083bc17800'
Event: 1601.116 Thread 0x0000020839176b10 Unloading class 0x000002083bc17400 'java/lang/invoke/LambdaForm$BMH+0x000002083bc17400'
Event: 1601.116 Thread 0x0000020839176b10 Unloading class 0x000002083bc16800 'java/lang/invoke/LambdaForm$MH+0x000002083bc16800'
Event: 1601.116 Thread 0x0000020839176b10 Unloading class 0x000002083bc16400 'java/lang/invoke/LambdaForm$MH+0x000002083bc16400'
Event: 1601.116 Thread 0x0000020839176b10 Unloading class 0x000002083bc16000 'java/lang/invoke/LambdaForm$MH+0x000002083bc16000'
Event: 1601.116 Thread 0x0000020839176b10 Unloading class 0x000002083bc15800 'java/lang/invoke/LambdaForm$MH+0x000002083bc15800'
Event: 1601.116 Thread 0x0000020839176b10 Unloading class 0x000002083bc15400 'java/lang/invoke/LambdaForm$MH+0x000002083bc15400'
Event: 1601.116 Thread 0x0000020839176b10 Unloading class 0x000002083bc14c00 'java/lang/invoke/LambdaForm$MH+0x000002083bc14c00'
Event: 1601.116 Thread 0x0000020839176b10 Unloading class 0x000002083bc14400 'java/lang/invoke/LambdaForm$MH+0x000002083bc14400'
Event: 1601.116 Thread 0x0000020839176b10 Unloading class 0x000002083bc13c00 'java/lang/invoke/LambdaForm$MH+0x000002083bc13c00'
Event: 1601.116 Thread 0x0000020839176b10 Unloading class 0x000002083bc13400 'java/lang/invoke/LambdaForm$MH+0x000002083bc13400'
Event: 1601.116 Thread 0x0000020839176b10 Unloading class 0x000002083bc13000 'java/lang/invoke/LambdaForm$MH+0x000002083bc13000'
Event: 1601.116 Thread 0x0000020839176b10 Unloading class 0x000002083bc12400 'java/lang/invoke/LambdaForm$MH+0x000002083bc12400'
Event: 1601.116 Thread 0x0000020839176b10 Unloading class 0x000002083bc11c00 'java/lang/invoke/LambdaForm$MH+0x000002083bc11c00'
Event: 1601.116 Thread 0x0000020839176b10 Unloading class 0x000002083bc11800 'java/lang/invoke/LambdaForm$MH+0x000002083bc11800'
Event: 1601.116 Thread 0x0000020839176b10 Unloading class 0x000002083bc11000 'java/lang/invoke/LambdaForm$MH+0x000002083bc11000'
Event: 1601.116 Thread 0x0000020839176b10 Unloading class 0x000002083bc10000 'java/lang/invoke/LambdaForm$MH+0x000002083bc10000'
Event: 1601.116 Thread 0x0000020839176b10 Unloading class 0x000002083bbe4400 'java/lang/invoke/LambdaForm$MH+0x000002083bbe4400'
Event: 1601.116 Thread 0x0000020839176b10 Unloading class 0x000002083bbe0c00 'java/lang/invoke/LambdaForm$MH+0x000002083bbe0c00'
Event: 1601.832 Thread 0x0000020839176b10 Unloading class 0x000002083bbdec00 'org/apache/catalina/loader/JdbcLeakPrevention'

Classes redefined (20 events):
Event: 1599.526 Thread 0x0000020839176b10 redefined class name=com.unu.app.controller.SemillaController, count=1
Event: 1599.526 Thread 0x0000020839176b10 redefined class name=com.unu.app.controller.SemillaController, count=1
Event: 1599.526 Thread 0x0000020839176b10 redefined class name=com.unu.app.controller.SemillaController, count=1
Event: 1682.104 Thread 0x0000020839176b10 redefined class name=com.unu.app.controller.SesionController, count=4
Event: 1682.104 Thread 0x0000020839176b10 redefined class name=com.unu.app.controller.SesionController, count=3
Event: 1682.104 Thread 0x0000020839176b10 redefined class name=com.unu.app.controller.SesionController, count=4
Event: 1682.104 Thread 0x0000020839176b10 redefined class name=com.unu.app.controller.SesionController, count=4
Event: 1682.104 Thread 0x0000020839176b10 redefined class name=com.unu.app.controller.SesionController, count=4
Event: 1682.104 Thread 0x0000020839176b10 redefined class name=com.unu.app.controller.SesionController, count=4
Event: 1682.104 Thread 0x0000020839176b10 redefined class name=com.unu.app.controller.SesionController, count=4
Event: 1682.104 Thread 0x0000020839176b10 redefined class name=com.unu.app.controller.SesionController, count=4
Event: 1682.104 Thread 0x0000020839176b10 redefined class name=com.unu.app.controller.SesionController, count=1
Event: 1682.104 Thread 0x0000020839176b10 redefined class name=com.unu.app.controller.SesionController, count=4
Event: 1682.104 Thread 0x0000020839176b10 redefined class name=com.unu.app.controller.SesionController, count=4
Event: 1682.104 Thread 0x0000020839176b10 redefined class name=com.unu.app.controller.SesionController, count=4
Event: 1682.104 Thread 0x0000020839176b10 redefined class name=com.unu.app.controller.SesionController, count=4
Event: 1682.104 Thread 0x0000020839176b10 redefined class name=com.unu.app.controller.SesionController, count=4
Event: 1682.104 Thread 0x0000020839176b10 redefined class name=com.unu.app.controller.SesionController, count=4
Event: 1682.104 Thread 0x0000020839176b10 redefined class name=com.unu.app.controller.SesionController, count=4
Event: 1682.104 Thread 0x0000020839176b10 redefined class name=com.unu.app.controller.SesionController, count=2

Internal exceptions (20 events):
Event: 1482.366 Thread 0x0000020802cc0c90 Exception <a 'java/lang/NoClassDefFoundError'{0x000000070a37bd80}: org/flywaydb/core/Flyway> (0x000000070a37bd80) 
thrown [s\open\src\hotspot\share\oops\constantPool.cpp, line 873]
Event: 1482.414 Thread 0x0000020802cc0c90 Exception <a 'java/lang/NoClassDefFoundError'{0x000000070a37c3e0}: liquibase/integration/spring/SpringLiquibase> (0x000000070a37c3e0) 
thrown [s\open\src\hotspot\share\oops\constantPool.cpp, line 873]
Event: 1482.417 Thread 0x0000020802cc0c90 Exception <a 'java/lang/NoClassDefFoundError'{0x000000070a3f9828}: org/jooq/DSLContext> (0x000000070a3f9828) 
thrown [s\open\src\hotspot\share\oops\constantPool.cpp, line 873]
Event: 1482.418 Thread 0x0000020802cc0c90 Exception <a 'java/lang/NoClassDefFoundError'{0x000000070a008ff8}: org/springframework/batch/core/repository/JobRepository> (0x000000070a008ff8) 
thrown [s\open\src\hotspot\share\oops\constantPool.cpp, line 873]
Event: 1482.418 Thread 0x0000020802cc0c90 Exception <a 'java/lang/NoClassDefFoundError'{0x000000070a009650}: org/quartz/Scheduler> (0x000000070a009650) 
thrown [s\open\src\hotspot\share\oops\constantPool.cpp, line 873]
Event: 1482.419 Thread 0x0000020802cc0c90 Exception <a 'java/lang/NoClassDefFoundError'{0x000000070a009cd0}: org/springframework/session/jdbc/JdbcIndexedSessionRepository> (0x000000070a009cd0) 
thrown [s\open\src\hotspot\share\oops\constantPool.cpp, line 873]
Event: 1482.442 Thread 0x0000020802cc0c90 Exception <a 'java/io/FileNotFoundException'{0x0000000709af7ef8}> (0x0000000709af7ef8) 
thrown [s\open\src\hotspot\share\prims\jni.cpp, line 520]
Event: 1600.746 Thread 0x0000020802d9e480 Exception <a 'java/io/IOException'{0x0000000709278950}> (0x0000000709278950) 
thrown [s\open\src\hotspot\share\prims\jni.cpp, line 520]
Event: 1600.746 Thread 0x0000020802d9e480 Exception <a 'java/io/IOException'{0x0000000709279880}> (0x0000000709279880) 
thrown [s\open\src\hotspot\share\prims\jni.cpp, line 520]
Event: 1600.747 Thread 0x0000020802d9e480 Exception <a 'java/net/SocketException'{0x000000070927ffc8}: Connection reset by peer: shutdown> (0x000000070927ffc8) 
thrown [s\open\src\hotspot\share\prims\jni.cpp, line 539]
Event: 1600.749 Thread 0x0000020802cc3a80 Exception <a 'java/lang/InterruptedException'{0x00000007092adb68}: sleep interrupted> (0x00000007092adb68) 
thrown [s\open\src\hotspot\share\prims\jvm.cpp, line 3074]
Event: 1600.784 Thread 0x0000020802d9ddf0 Exception <a 'sun/nio/fs/WindowsException'{0x000000070c07cca0}> (0x000000070c07cca0) 
thrown [s\open\src\hotspot\share\prims\jni.cpp, line 520]
Event: 1600.958 Thread 0x0000020802d9ddf0 Exception <a 'java/lang/NoClassDefFoundError'{0x000000070a3967f0}: org/flywaydb/core/Flyway> (0x000000070a3967f0) 
thrown [s\open\src\hotspot\share\oops\constantPool.cpp, line 873]
Event: 1600.958 Thread 0x0000020802d9ddf0 Exception <a 'java/lang/NoClassDefFoundError'{0x000000070a396e50}: liquibase/integration/spring/SpringLiquibase> (0x000000070a396e50) 
thrown [s\open\src\hotspot\share\oops\constantPool.cpp, line 873]
Event: 1600.961 Thread 0x0000020802d9ddf0 Exception <a 'java/lang/NoClassDefFoundError'{0x000000070a0110d0}: org/jooq/DSLContext> (0x000000070a0110d0) 
thrown [s\open\src\hotspot\share\oops\constantPool.cpp, line 873]
Event: 1600.961 Thread 0x0000020802d9ddf0 Exception <a 'java/lang/NoClassDefFoundError'{0x000000070a020828}: org/springframework/batch/core/repository/JobRepository> (0x000000070a020828) 
thrown [s\open\src\hotspot\share\oops\constantPool.cpp, line 873]
Event: 1600.962 Thread 0x0000020802d9ddf0 Exception <a 'java/lang/NoClassDefFoundError'{0x000000070a020e80}: org/quartz/Scheduler> (0x000000070a020e80) 
thrown [s\open\src\hotspot\share\oops\constantPool.cpp, line 873]
Event: 1600.962 Thread 0x0000020802d9ddf0 Exception <a 'java/lang/NoClassDefFoundError'{0x000000070a021500}: org/springframework/session/jdbc/JdbcIndexedSessionRepository> (0x000000070a021500) 
thrown [s\open\src\hotspot\share\oops\constantPool.cpp, line 873]
Event: 1600.990 Thread 0x0000020802d9ddf0 Exception <a 'java/io/FileNotFoundException'{0x0000000709b0fc88}> (0x0000000709b0fc88) 
thrown [s\open\src\hotspot\share\prims\jni.cpp, line 520]
Event: 1601.577 Thread 0x00000208000c7fb0 Exception <a 'java/lang/NoSuchMethodError'{0x000000070a2a0358}: static [B.<clinit>()V> (0x000000070a2a0358) 
thrown [s\open\src\hotspot\share\prims\jni.cpp, line 1111]

ZGC Phase Switch (0 events):
No events

VM Operations (20 events):
Event: 1682.193 Executing VM operation: ChangeBreakpoints
Event: 1682.195 Executing VM operation: ChangeBreakpoints done
Event: 1682.198 Executing VM operation: ChangeBreakpoints
Event: 1682.201 Executing VM operation: ChangeBreakpoints done
Event: 1682.203 Executing VM operation: ChangeBreakpoints
Event: 1682.206 Executing VM operation: ChangeBreakpoints done
Event: 1682.208 Executing VM operation: ChangeBreakpoints
Event: 1682.211 Executing VM operation: ChangeBreakpoints done
Event: 1682.213 Executing VM operation: ChangeBreakpoints
Event: 1682.216 Executing VM operation: ChangeBreakpoints done
Event: 1682.218 Executing VM operation: ChangeBreakpoints
Event: 1682.221 Executing VM operation: ChangeBreakpoints done
Event: 1682.223 Executing VM operation: ChangeBreakpoints
Event: 1682.225 Executing VM operation: ChangeBreakpoints done
Event: 1682.228 Executing VM operation: ChangeBreakpoints
Event: 1682.230 Executing VM operation: ChangeBreakpoints done
Event: 1682.232 Executing VM operation: ChangeBreakpoints
Event: 1682.236 Executing VM operation: ChangeBreakpoints done
Event: 1682.240 Executing VM operation: ChangeSingleStep
Event: 1682.240 Executing VM operation: ChangeSingleStep done

Events (20 events):
Event: 1601.840 Thread 0x0000020839176b10 flushing nmethod 0x000002082e345410
Event: 1601.840 Thread 0x0000020839176b10 flushing nmethod 0x000002082e35cd90
Event: 1601.840 Thread 0x0000020839176b10 flushing nmethod 0x000002082ed1b290
Event: 1601.840 Thread 0x0000020839176b10 flushing nmethod 0x000002082ed35210
Event: 1601.840 Thread 0x0000020839176b10 flushing nmethod 0x000002082f256210
Event: 1601.840 Thread 0x0000020839176b10 flushing nmethod 0x000002082f26aa90
Event: 1601.840 Thread 0x0000020839176b10 flushing nmethod 0x000002082f26ef90
Event: 1601.840 Thread 0x0000020839176b10 flushing nmethod 0x000002082f33e190
Event: 1601.840 Thread 0x0000020839176b10 flushing nmethod 0x000002082f5c0e90
Event: 1602.593 Thread 0x00000208000c8cd0 Thread exited: 0x00000208000c8cd0
Event: 1603.094 Thread 0x0000020807835db0 Thread exited: 0x0000020807835db0
Event: 1604.023 Thread 0x00000208078356e0 Thread exited: 0x00000208078356e0
Event: 1604.024 Thread 0x000002087f4f8440 Thread exited: 0x000002087f4f8440
Event: 1606.467 Thread 0x0000020802d9b000 Thread exited: 0x0000020802d9b000
Event: 1607.670 Thread 0x000002087f4f6fd0 Thread exited: 0x000002087f4f6fd0
Event: 1607.670 Thread 0x000002087f4f7d70 Thread exited: 0x000002087f4f7d70
Event: 1612.690 Thread 0x000002087f4f6900 Thread exited: 0x000002087f4f6900
Event: 1619.851 Thread 0x0000020807839430 Thread added: 0x0000020807839430
Event: 1624.853 Thread 0x0000020807839430 Thread exited: 0x0000020807839430
Event: 1676.584 Thread 0x00000208000c7920 Thread exited: 0x00000208000c7920


Dynamic libraries:
0x00007ff602a10000 - 0x00007ff602a20000 	C:\Program Files\Java\jdk-21\bin\javaw.exe
0x00007ffb516d0000 - 0x00007ffb518e7000 	C:\WINDOWS\SYSTEM32\ntdll.dll
0x00007ffb4f9b0000 - 0x00007ffb4fa74000 	C:\WINDOWS\System32\KERNEL32.DLL
0x00007ffb4eb70000 - 0x00007ffb4ef2a000 	C:\WINDOWS\System32\KERNELBASE.dll
0x00007ffb4e9d0000 - 0x00007ffb4eae1000 	C:\WINDOWS\System32\ucrtbase.dll
0x00007ffad80d0000 - 0x00007ffad80eb000 	C:\Program Files\Java\jdk-21\bin\VCRUNTIME140.dll
0x00007ffad6a50000 - 0x00007ffad6a69000 	C:\Program Files\Java\jdk-21\bin\jli.dll
0x00007ffb51470000 - 0x00007ffb51522000 	C:\WINDOWS\System32\ADVAPI32.dll
0x00007ffb50810000 - 0x00007ffb508b7000 	C:\WINDOWS\System32\msvcrt.dll
0x00007ffb50a20000 - 0x00007ffb50ac7000 	C:\WINDOWS\System32\sechost.dll
0x00007ffb4e9a0000 - 0x00007ffb4e9c8000 	C:\WINDOWS\System32\bcrypt.dll
0x00007ffb50db0000 - 0x00007ffb50ec4000 	C:\WINDOWS\System32\RPCRT4.dll
0x00007ffb4f800000 - 0x00007ffb4f9ae000 	C:\WINDOWS\System32\USER32.dll
0x00007ffb4f3a0000 - 0x00007ffb4f3c6000 	C:\WINDOWS\System32\win32u.dll
0x00007ffb50b40000 - 0x00007ffb50b69000 	C:\WINDOWS\System32\GDI32.dll
0x00007ffb44290000 - 0x00007ffb44522000 	C:\WINDOWS\WinSxS\amd64_microsoft.windows.common-controls_6595b64144ccf1df_6.0.22621.4541_none_2710d1c57384c085\COMCTL32.dll
0x00007ffb4f280000 - 0x00007ffb4f39b000 	C:\WINDOWS\System32\gdi32full.dll
0x00007ffb4efb0000 - 0x00007ffb4f04a000 	C:\WINDOWS\System32\msvcp_win.dll
0x00007ffb47740000 - 0x00007ffb4774a000 	C:\WINDOWS\SYSTEM32\VERSION.dll
0x00007ffb4f6d0000 - 0x00007ffb4f701000 	C:\WINDOWS\System32\IMM32.DLL
0x00007ffb47f50000 - 0x00007ffb47f5c000 	C:\Program Files\Java\jdk-21\bin\vcruntime140_1.dll
0x00007ffad40d0000 - 0x00007ffad415e000 	C:\Program Files\Java\jdk-21\bin\msvcp140.dll
0x00007ffacfe20000 - 0x00007ffad0b38000 	C:\Program Files\Java\jdk-21\bin\server\jvm.dll
0x00007ffb50780000 - 0x00007ffb507f1000 	C:\WINDOWS\System32\WS2_32.dll
0x00007ffb4d830000 - 0x00007ffb4d87d000 	C:\WINDOWS\SYSTEM32\POWRPROF.dll
0x00007ffb470b0000 - 0x00007ffb470e4000 	C:\WINDOWS\SYSTEM32\WINMM.dll
0x00007ffb4d810000 - 0x00007ffb4d823000 	C:\WINDOWS\SYSTEM32\UMPDC.dll
0x00007ffb4dad0000 - 0x00007ffb4dae8000 	C:\WINDOWS\SYSTEM32\kernel.appcore.dll
0x00007ffb1d910000 - 0x00007ffb1d91a000 	C:\Program Files\Java\jdk-21\bin\jimage.dll
0x00007ffb4c280000 - 0x00007ffb4c4b2000 	C:\WINDOWS\SYSTEM32\DBGHELP.DLL
0x00007ffb50ed0000 - 0x00007ffb5125f000 	C:\WINDOWS\System32\combase.dll
0x00007ffb4f480000 - 0x00007ffb4f557000 	C:\WINDOWS\System32\OLEAUT32.dll
0x00007ffb3eed0000 - 0x00007ffb3ef02000 	C:\WINDOWS\SYSTEM32\dbgcore.DLL
0x00007ffb4ef30000 - 0x00007ffb4efab000 	C:\WINDOWS\System32\bcryptPrimitives.dll
0x00007ffb361c0000 - 0x00007ffb361fc000 	C:\Program Files\Java\jdk-21\bin\jdwp.dll
0x00007ffb38ea0000 - 0x00007ffb38eaf000 	C:\Program Files\Java\jdk-21\bin\instrument.dll
0x00007ffad6360000 - 0x00007ffad637f000 	C:\Program Files\Java\jdk-21\bin\java.dll
0x00007ffb4fa80000 - 0x00007ffb502f8000 	C:\WINDOWS\System32\SHELL32.dll
0x00007ffb4c8b0000 - 0x00007ffb4d1b8000 	C:\WINDOWS\SYSTEM32\windows.storage.dll
0x00007ffb4c770000 - 0x00007ffb4c8af000 	C:\WINDOWS\SYSTEM32\wintypes.dll
0x00007ffb50910000 - 0x00007ffb50a0a000 	C:\WINDOWS\System32\SHCORE.dll
0x00007ffb51530000 - 0x00007ffb5158e000 	C:\WINDOWS\System32\shlwapi.dll
0x00007ffb4e8d0000 - 0x00007ffb4e8fb000 	C:\WINDOWS\SYSTEM32\profapi.dll
0x00007ffb38e80000 - 0x00007ffb38e8c000 	C:\Program Files\Java\jdk-21\bin\dt_socket.dll
0x00007ffb4d490000 - 0x00007ffb4d4bd000 	C:\WINDOWS\SYSTEM32\IPHLPAPI.DLL
0x00007ffb4df50000 - 0x00007ffb4dfb9000 	C:\WINDOWS\system32\mswsock.dll
0x00007ffb4d4c0000 - 0x00007ffb4d5c2000 	C:\WINDOWS\SYSTEM32\DNSAPI.dll
0x00007ffb50a10000 - 0x00007ffb50a19000 	C:\WINDOWS\System32\NSI.dll
0x00007ffb479f0000 - 0x00007ffb479fa000 	C:\Windows\System32\rasadhlp.dll
0x00007ffb47430000 - 0x00007ffb474b3000 	C:\WINDOWS\System32\fwpuclnt.dll
0x00007ffad4900000 - 0x00007ffad4918000 	C:\Program Files\Java\jdk-21\bin\zip.dll
0x00007ffb19100000 - 0x00007ffb19110000 	C:\Program Files\Java\jdk-21\bin\net.dll
0x00007ffb48b40000 - 0x00007ffb48c76000 	C:\WINDOWS\SYSTEM32\WINHTTP.dll
0x00007ffad5d60000 - 0x00007ffad5d76000 	C:\Program Files\Java\jdk-21\bin\nio.dll
0x00007ffb47060000 - 0x00007ffb4706a000 	C:\Program Files\Java\jdk-21\bin\management.dll
0x00007ffb46c90000 - 0x00007ffb46c9b000 	C:\Program Files\Java\jdk-21\bin\management_ext.dll
0x00007ffb51260000 - 0x00007ffb51268000 	C:\WINDOWS\System32\PSAPI.DLL
0x00007ffb46740000 - 0x00007ffb46757000 	C:\WINDOWS\system32\napinsp.dll
0x00007ffb466f0000 - 0x00007ffb4670b000 	C:\WINDOWS\system32\pnrpnsp.dll
0x00007ffb466d0000 - 0x00007ffb466e1000 	C:\WINDOWS\System32\winrnr.dll
0x00007ffb46680000 - 0x00007ffb46695000 	C:\WINDOWS\system32\wshbth.dll
0x00007ffb46650000 - 0x00007ffb46677000 	C:\WINDOWS\system32\nlansp_c.dll
0x00007ffb4e1b0000 - 0x00007ffb4e1cb000 	C:\WINDOWS\SYSTEM32\CRYPTSP.dll
0x00007ffb4da30000 - 0x00007ffb4da65000 	C:\WINDOWS\system32\rsaenh.dll
0x00007ffb4e040000 - 0x00007ffb4e068000 	C:\WINDOWS\SYSTEM32\USERENV.dll
0x00007ffb4e1a0000 - 0x00007ffb4e1ac000 	C:\WINDOWS\SYSTEM32\CRYPTBASE.dll
0x00007ffb47110000 - 0x00007ffb47119000 	C:\Program Files\Java\jdk-21\bin\extnet.dll
0x00007ffb14450000 - 0x00007ffb14460000 	C:\Program Files\Java\jdk-21\bin\verify.dll
0x00007ffb47f30000 - 0x00007ffb47f3e000 	C:\Program Files\Java\jdk-21\bin\sunmscapi.dll
0x00007ffb4f110000 - 0x00007ffb4f276000 	C:\WINDOWS\System32\CRYPT32.dll
0x00007ffb4e340000 - 0x00007ffb4e36d000 	C:\WINDOWS\SYSTEM32\ncrypt.dll
0x00007ffb4e300000 - 0x00007ffb4e337000 	C:\WINDOWS\SYSTEM32\NTASN1.dll
0x00007ffb0f5a0000 - 0x00007ffb0f5a8000 	C:\WINDOWS\system32\wshunix.dll

dbghelp: loaded successfully - version: 4.0.5 - missing functions: none
symbol engine: initialized successfully - sym options: 0x614 - pdb path: .;C:\Program Files\Java\jdk-21\bin;C:\WINDOWS\SYSTEM32;C:\WINDOWS\WinSxS\amd64_microsoft.windows.common-controls_6595b64144ccf1df_6.0.22621.4541_none_2710d1c57384c085;C:\Program Files\Java\jdk-21\bin\server

VM Arguments:
jvm_args: -XX:+ShowCodeDetailsInExceptionMessages -agentlib:jdwp=transport=dt_socket,suspend=y,address=localhost:54721 -Dcom.sun.management.jmxremote -Dcom.sun.management.jmxremote.port=54720 -Dcom.sun.management.jmxremote.authenticate=false -Dcom.sun.management.jmxremote.ssl=false -Djava.rmi.server.hostname=localhost -Dspring.jmx.enabled=true -Dmanagement.endpoints.jmx.exposure.include=* -Dspring.application.admin.enabled=true -XX:TieredStopAtLevel=1 -Dspring.boot.project.name=SAUI-SpringBootWebAplication -javaagent:C:\Users\ricar\eclipse\jee-2024-09\eclipse\configuration\org.eclipse.osgi\446\0\.cp\lib\javaagent-shaded.jar -Dfile.encoding=UTF-8 -Dstdout.encoding=UTF-8 -Dstderr.encoding=UTF-8 
java_command: com.unu.app.SauiSpringBootWebAplicationApplication --spring.output.ansi.enabled=always
java_class_path (initial): C:\Users\ricar\eclipse-workspace\SAUI-SpringBootWebAplication\target\classes;C:\Users\ricar\OneDrive\Desktop\mysql-connector-j-9.0.0.jar;C:\Users\ricar\.m2\repository\org\springframework\boot\spring-boot-starter-tomcat\3.4.0\spring-boot-starter-tomcat-3.4.0.jar;C:\Users\ricar\.m2\repository\jakarta\annotation\jakarta.annotation-api\2.1.1\jakarta.annotation-api-2.1.1.jar;C:\Users\ricar\.m2\repository\org\apache\tomcat\embed\tomcat-embed-core\10.1.33\tomcat-embed-core-10.1.33.jar;C:\Users\ricar\.m2\repository\org\apache\tomcat\embed\tomcat-embed-el\10.1.33\tomcat-embed-el-10.1.33.jar;C:\Users\ricar\.m2\repository\org\apache\tomcat\embed\tomcat-embed-websocket\10.1.33\tomcat-embed-websocket-10.1.33.jar;C:\Users\ricar\.m2\repository\org\springframework\boot\spring-boot-starter-data-jpa\3.4.0\spring-boot-starter-data-jpa-3.4.0.jar;C:\Users\ricar\.m2\repository\org\springframework\boot\spring-boot-starter\3.4.0\spring-boot-starter-3.4.0.jar;C:\Users\ricar\.m2\repository\org\springframework\boot\spring-boot-starter-logging\3.4.0\spring-boot-starter-logging-3.4.0.jar;C:\Users\ricar\.m2\repository\ch\qos\logback\logback-classic\1.5.12\logback-classic-1.5.12.jar;C:\Users\ricar\.m2\repository\ch\qos\logback\logback-core\1.5.12\logback-core-1.5.12.jar;C:\Users\ricar\.m2\repository\org\apache\logging\log4j\log4j-to-slf4j\2.24.1\log4j-to-slf4j-2.24.1.jar;C:\Users\ricar\.m2\repository\org\apache\logging\log4j\log4j-api\2.24.1\log4j-api-2.24.1.jar;C:\Users\ricar\.m2\repository\org\slf4j\jul-to-slf4j\2.0.16\jul-to-slf4j-2.0.16.jar;C:\Users\ricar\.m2\repository\org\yaml\snakeyaml\2.3\snakeyaml-2.3.jar;C:\Users\ricar\.m2\repository\org\springframework\boot\spring-boot-starter-jdbc\3.4.0\spring-boot-starter-jdbc-3.4.0.jar;C:\Users\ricar\.m2\repository\com\zaxxer\HikariCP\5.1.0\HikariCP-5.1.0.jar;C:\Users\ricar\.m2\repository\org\springframework\spring-jdbc\6.2.0\spring-jdbc-6.2.0.jar;C:\Users\ricar\.m2\repository\org\hibernate\orm\hibernate-core\6.6.2.Final\hibernate-core-6.6.2.Final.jar;C:\Users\ricar\.m2\repository\jakarta\persistence\jakarta.persistence-api\3.1.0\jakarta.persistence-api-3.1.0.jar;C:\Users\ricar\.m2\repository\jakarta\transaction\jakarta.transaction-api\2.0.1\jakarta.transaction-api-2.0.1.jar;C:\Users\ricar\.m2\repository\org\jboss\logging\jboss-logging\3.6.1.Final\jboss-logging-3.6.1.Final.jar;C:\Users\ricar\.m2\repository\org\hibernate\common\hibernate-commons-annotations\7.0.3.Final\hibernate-commons-annotations-7.0.3.Final.jar;C:\Users\ricar\.m2\repository\io\smallrye\jandex\3.2.0\jandex-3.2.0.jar;C:\Users\ricar\.m2\repository\com\fasterxml\classmate\1.7.0\classmate-1.7.0.jar;C:\Users\ricar\.m2\repository\net\bytebuddy\byte-buddy\1.15.10\byte-buddy-1.15.10.jar;C:\Users\ricar\.m2\repository\org\glassfish\jaxb\jaxb-runtime\4.0.5\jaxb-runtime-4.0.5.jar;C:\Users\ricar\.m2\repository\org\glassfish\jaxb\jaxb-core\4.0.5\jaxb-core-4.0.5.jar;C:\Users\ricar\.m2\repository\org\eclipse\angus\angus-activation\2.0.2\angus-activation-2.0.2.jar;C:\Users\ricar\.m2\repository\org\glassfish\jaxb\txw2\4.0.5\txw2-4.0.5.jar;C:\Users\ricar\.m2\repository\com\sun\istack\istack-commons-runtime\4.1.2\istack-commons-runtime-4.1.2.jar;C:\Users\ricar\.m2\repository\jakarta\inject\jakarta.inject-api\2.0.1\jakarta.inject-api-2.0.1.jar;C:\Users\ricar\.m2\repository\org\antlr\antlr4-runtime\4.13.0\antlr4-runtime-4.13.0.jar;C:\Users\ricar\.m2\repository\org\springframework\data\spring-data-jpa\3.4.0\spring-data-jpa-3.4.0.jar;C:\Users\ricar\.m2\repository\org\springframework\data\spring-data-commons\3.4.0\spring-data-commons-3.4.0.jar;C:\Users\ricar\.m2\repository\org\springframework\spring-orm\6.2.0\spring-orm-6.2.0.jar;C:\Users\ricar\.m2\repository\org\springframework\spring-context\6.2.0\spring-context-6.2.0.jar;C:\Users\ricar\.m2\repository\org\springframework\spring-tx\6.2.0\spring-tx-6.2.0.jar;C:\Users\ricar\.m2\repository\org\springframework\spring-beans\6.2.0\spring-beans-6.2.0.jar;C:\Users\ricar\.m2\repository\org\slf4j\slf4j-api\2.0.16\slf4j-api-2.0.16.jar;C:\Users\ricar\.m2\repository\org\springframework\spring-aspects\6.2.0\spring-aspects-6.2.0.jar;C:\Users\ricar\.m2\repository\org\aspectj\aspectjweaver\1.9.22.1\aspectjweaver-1.9.22.1.jar;C:\Users\ricar\.m2\repository\org\springframework\boot\spring-boot-starter-thymeleaf\3.4.0\spring-boot-starter-thymeleaf-3.4.0.jar;C:\Users\ricar\.m2\repository\org\thymeleaf\thymeleaf-spring6\3.1.2.RELEASE\thymeleaf-spring6-3.1.2.RELEASE.jar;C:\Users\ricar\.m2\repository\org\thymeleaf\thymeleaf\3.1.2.RELEASE\thymeleaf-3.1.2.RELEASE.jar;C:\Users\ricar\.m2\repository\org\attoparser\attoparser\2.0.7.RELEASE\attoparser-2.0.7.RELEASE.jar;C:\Users\ricar\.m2\repository\org\unbescape\unbescape\1.1.6.RELEASE\unbescape-1.1.6.RELEASE.jar;C:\Users\ricar\.m2\repository\org\springframework\boot\spring-boot-starter-web\3.4.0\spring-boot-starter-web-3.4.0.jar;C:\Users\ricar\.m2\repository\org\springframework\boot\spring-boot-starter-json\3.4.0\spring-boot-starter-json-3.4.0.jar;C:\Users\ricar\.m2\repository\com\fasterxml\jackson\core\jackson-databind\2.18.1\jackson-databind-2.18.1.jar;C:\Users\ricar\.m2\repository\com\fasterxml\jackson\core\jackson-annotations\2.18.1\jackson-annotations-2.18.1.jar;C:\Users\ricar\.m2\repository\com\fasterxml\jackson\core\jackson-core\2.18.1\jackson-core-2.18.1.jar;C:\Users\ricar\.m2\repository\com\fasterxml\jackson\datatype\jackson-datatype-jdk8\2.18.1\jackson-datatype-jdk8-2.18.1.jar;C:\Users\ricar\.m2\repository\com\fasterxml\jackson\datatype\jackson-datatype-jsr310\2.18.1\jackson-datatype-jsr310-2.18.1.jar;C:\Users\ricar\.m2\repository\com\fasterxml\jackson\module\jackson-module-parameter-names\2.18.1\jackson-module-parameter-names-2.18.1.jar;C:\Users\ricar\.m2\repository\org\springframework\spring-web\6.2.0\spring-web-6.2.0.jar;C:\Users\ricar\.m2\repository\io\micrometer\micrometer-observation\1.14.1\micrometer-observation-1.14.1.jar;C:\Users\ricar\.m2\repository\io\micrometer\micrometer-commons\1.14.1\micrometer-commons-1.14.1.jar;C:\Users\ricar\.m2\repository\org\springframework\spring-webmvc\6.2.0\spring-webmvc-6.2.0.jar;C:\Users\ricar\.m2\repository\org\springframework\spring-expression\6.2.0\spring-expression-6.2.0.jar;C:\Users\ricar\.m2\repository\org\springframework\boot\spring-boot-devtools\3.4.0\spring-boot-devtools-3.4.0.jar;C:\Users\ricar\.m2\repository\org\springframework\boot\spring-boot\3.4.0\spring-boot-3.4.0.jar;C:\Users\ricar\.m2\repository\org\springframework\boot\spring-boot-autoconfigure\3.4.0\spring-boot-autoconfigure-3.4.0.jar;C:\Users\ricar\.m2\repository\org\projectlombok\lombok\1.18.36\lombok-1.18.36.jar;C:\Users\ricar\.m2\repository\jakarta\xml\bind\jakarta.xml.bind-api\4.0.2\jakarta.xml.bind-api-4.0.2.jar;C:\Users\ricar\.m2\repository\jakarta\activation\jakarta.activation-api\2.1.3\jakarta.activation-api-2.1.3.jar;C:\Users\ricar\.m2\repository\org\springframework\spring-core\6.2.0\spring-core-6.2.0.jar;C:\Users\ricar\.m2\repository\org\springframework\spring-jcl\6.2.0\spring-jcl-6.2.0.jar;C:\Users\ricar\.m2\repository\org\springframework\boot\spring-boot-starter-security\3.4.0\spring-boot-starter-security-3.4.0.jar;C:\Users\ricar\.m2\repository\org\springframework\spring-aop\6.2.0\spring-aop-6.2.0.jar;C:\Users\ricar\.m2\repository\org\springframework\security\spring-security-config\6.4.1\spring-security-config-6.4.1.jar;C:\Users\ricar\.m2\repository\org\springframework\security\spring-security-core\6.4.1\spring-security-core-6.4.1.jar;C:\Users\ricar\.m2\repository\org\springframework\security\spring-security-crypto\6.4.1\spring-security-crypto-6.4.1.jar;C:\Users\ricar\.m2\repository\org\springframework\security\spring-security-web\6.4.1\spring-security-web-6.4.1.jar
Launcher Type: SUN_STANDARD

[Global flags]
     intx CICompilerCount                          = 12                                        {product} {ergonomic}
     uint ConcGCThreads                            = 3                                         {product} {ergonomic}
     uint G1ConcRefinementThreads                  = 13                                        {product} {ergonomic}
   size_t G1HeapRegionSize                         = 2097152                                   {product} {ergonomic}
    uintx GCDrainStackTargetSize                   = 64                                        {product} {ergonomic}
   size_t InitialHeapSize                          = 264241152                                 {product} {ergonomic}
     bool ManagementServer                         = true                                      {product} {command line}
   size_t MarkStackSize                            = 4194304                                   {product} {ergonomic}
   size_t MaxHeapSize                              = 4217372672                                {product} {ergonomic}
   size_t MaxNewSize                               = 2529165312                                {product} {ergonomic}
   size_t MinHeapDeltaBytes                        = 2097152                                   {product} {ergonomic}
   size_t MinHeapSize                              = 8388608                                   {product} {ergonomic}
    uintx NonNMethodCodeHeapSize                   = 4096                                   {pd product} {ergonomic}
    uintx NonProfiledCodeHeapSize                  = 0                                      {pd product} {ergonomic}
     bool ProfileInterpreter                       = false                                  {pd product} {command line}
    uintx ProfiledCodeHeapSize                     = 0                                      {pd product} {ergonomic}
     bool ShowCodeDetailsInExceptionMessages       = true                                   {manageable} {command line}
   size_t SoftMaxHeapSize                          = 4217372672                             {manageable} {ergonomic}
     intx TieredStopAtLevel                        = 1                                         {product} {command line}
     bool UseCompressedOops                        = true                           {product lp64_product} {ergonomic}
     bool UseG1GC                                  = true                                      {product} {ergonomic}
     bool UseLargePagesIndividualAllocation        = false                                  {pd product} {ergonomic}

Logging:
Log output configuration:
 #0: stdout all=warning uptime,level,tags foldmultilines=false
 #1: stderr all=off uptime,level,tags foldmultilines=false

Environment Variables:
PATH=C:\Program Files\Rockwell Software\RSCommon;C:\Program Files\Common Files\Oracle\Java\javapath;C:\Program Files (x86)\Common Files\Oracle\Java\java8path;C:\Program Files (x86)\Common Files\Oracle\Java\javapath;C:\Program Files\Microsoft MPI\Bin\;C:\Windows\system32;C:\Windows;C:\Windows\System32\Wbem;C:\Windows\System32\WindowsPowerShell\v1.0\;C:\Windows\System32\OpenSSH\;C:\Program Files (x86)\NVIDIA Corporation\PhysX\Common;C:\WINDOWS\system32;C:\WINDOWS;C:\WINDOWS\System32\Wbem;C:\WINDOWS\System32\WindowsPowerShell\v1.0\;C:\WINDOWS\System32\OpenSSH\;C:\Program Files\Microsoft SQL Server\Client SDK\ODBC\110\Tools\Binn\;C:\Program Files (x86)\Microsoft SQL Server\160\Tools\Binn\;C:\Program Files\Microsoft SQL Server\160\Tools\Binn\;C:\Program Files\Microsoft SQL Server\Client SDK\ODBC\170\Tools\Binn\;C:\Program Files\Microsoft SQL Server\160\DTS\Binn\;C:\Program Files (x86)\Microsoft SQL Server\160\DTS\Binn\;C:\Program Files\dotnet\;C:\Program Files\NVIDIA Corporation\NVIDIA app\NvDLISR;C:\Program Files\Git\cmd;C:\Program Files\nodejs\;C:\ProgramData\chocolatey\bin;C:\Users\ricar\OneDrive\Desktop\sqljdbc_12.6\enu\auth\x64\mssql-jdbc_auth-12.6.3.x64.dll;C:\apache-maven-3.9.8\bin;C:\ProgramData\ricar\GitHubDesktop\bin;C:\Users\ricar\AppData\Roaming\npm
USERNAME=ricar
OS=Windows_NT
PROCESSOR_IDENTIFIER=Intel64 Family 6 Model 186 Stepping 2, GenuineIntel
TMP=C:\Users\ricar\AppData\Local\Temp
TEMP=C:\Users\ricar\AppData\Local\Temp




Periodic native trim disabled

---------------  S Y S T E M  ---------------

OS:
 Windows 11 , 64 bit Build 22621 (10.0.22621.4391)
OS uptime: 6 days 5:55 hours
Hyper-V role detected

CPU: total 16 (initial active 16) (8 cores per cpu, 2 threads per core) family 6 model 186 stepping 2 microcode 0x410e, cx8, cmov, fxsr, ht, mmx, 3dnowpref, sse, sse2, sse3, ssse3, sse4.1, sse4.2, popcnt, lzcnt, tsc, tscinvbit, avx, avx2, aes, erms, clmul, bmi1, bmi2, adx, sha, fma, vzeroupper, clflush, clflushopt, clwb, hv, serialize, rdtscp, rdpid, fsrm, f16c, cet_ibt, cet_ss
Processor Information for all 16 processors :
  Max Mhz: 2400, Current Mhz: 2400, Mhz Limit: 2400

Memory: 4k page, system-wide physical 16087M (3898M free)
TotalPageFile size 22034M (AvailPageFile size 4162M)
current process WorkingSet (physical memory assigned to process): 360M, peak: 398M
current process commit charge ("private bytes"): 419M, peak: 463M

vm_info: Java HotSpot(TM) 64-Bit Server VM (21.0.5+9-LTS-239) for windows-amd64 JRE (21.0.5+9-LTS-239), built on 2024-09-30T05:17:38Z by "mach5one" with MS VC++ 17.6 (VS2022)

END.
